{"/Users/cmd/workspace/hermes-launchpad/src/App.tsx": {"path":"/Users/cmd/workspace/hermes-launchpad/src/App.tsx","all":false,"statementMap":{"0":{"start":{"line":1,"column":0},"end":{"line":1,"column":44}},"1":{"start":{"line":2,"column":0},"end":{"line":2,"column":25}},"2":{"start":{"line":3,"column":0},"end":{"line":3,"column":54}},"3":{"start":{"line":4,"column":0},"end":{"line":4,"column":31}},"4":{"start":{"line":5,"column":0},"end":{"line":5,"column":37}},"5":{"start":{"line":6,"column":0},"end":{"line":6,"column":37}},"7":{"start":{"line":8,"column":0},"end":{"line":8,"column":31}},"8":{"start":{"line":9,"column":0},"end":{"line":9,"column":10}},"9":{"start":{"line":10,"column":0},"end":{"line":10,"column":19}},"10":{"start":{"line":11,"column":0},"end":{"line":11,"column":52}},"12":{"start":{"line":13,"column":0},"end":{"line":13,"column":10}},"13":{"start":{"line":14,"column":0},"end":{"line":14,"column":14}},"14":{"start":{"line":15,"column":0},"end":{"line":15,"column":45}},"15":{"start":{"line":16,"column":0},"end":{"line":16,"column":50}},"16":{"start":{"line":17,"column":0},"end":{"line":17,"column":55}},"17":{"start":{"line":18,"column":0},"end":{"line":18,"column":14}},"18":{"start":{"line":19,"column":0},"end":{"line":19,"column":25}},"19":{"start":{"line":20,"column":0},"end":{"line":20,"column":19}},"20":{"start":{"line":21,"column":0},"end":{"line":21,"column":27}},"21":{"start":{"line":22,"column":0},"end":{"line":22,"column":24}},"22":{"start":{"line":23,"column":0},"end":{"line":23,"column":79}},"23":{"start":{"line":24,"column":0},"end":{"line":24,"column":114}},"24":{"start":{"line":25,"column":0},"end":{"line":25,"column":22}},"27":{"start":{"line":28,"column":0},"end":{"line":28,"column":25}},"28":{"start":{"line":29,"column":0},"end":{"line":29,"column":29}},"30":{"start":{"line":31,"column":0},"end":{"line":31,"column":10}},"31":{"start":{"line":32,"column":0},"end":{"line":32,"column":15}},"32":{"start":{"line":33,"column":0},"end":{"line":33,"column":20}},"34":{"start":{"line":35,"column":0},"end":{"line":35,"column":1}}},"s":{"0":1,"1":1,"2":1,"3":1,"4":1,"5":1,"7":1,"8":1,"9":1,"10":1,"12":1,"13":1,"14":1,"15":1,"16":1,"17":1,"18":1,"19":1,"20":1,"21":1,"22":1,"23":1,"24":1,"27":1,"28":1,"30":1,"31":1,"32":1,"34":1},"branchMap":{"0":{"type":"branch","line":8,"loc":{"start":{"line":8,"column":0},"end":{"line":35,"column":1}},"locations":[{"start":{"line":8,"column":0},"end":{"line":35,"column":1}}]}},"b":{"0":[1]},"fnMap":{"0":{"name":"App","decl":{"start":{"line":8,"column":0},"end":{"line":35,"column":1}},"loc":{"start":{"line":8,"column":0},"end":{"line":35,"column":1}},"line":8}},"f":{"0":1}}
,"/Users/cmd/workspace/hermes-launchpad/src/components/AchievementBadges.tsx": {"path":"/Users/cmd/workspace/hermes-launchpad/src/components/AchievementBadges.tsx","all":false,"statementMap":{"0":{"start":{"line":1,"column":0},"end":{"line":1,"column":44}},"1":{"start":{"line":2,"column":0},"end":{"line":2,"column":47}},"15":{"start":{"line":16,"column":0},"end":{"line":16,"column":44}},"16":{"start":{"line":17,"column":0},"end":{"line":17,"column":95}},"17":{"start":{"line":18,"column":0},"end":{"line":18,"column":87}},"18":{"start":{"line":19,"column":0},"end":{"line":19,"column":95}},"19":{"start":{"line":20,"column":0},"end":{"line":20,"column":85}},"20":{"start":{"line":21,"column":0},"end":{"line":21,"column":96}},"21":{"start":{"line":22,"column":0},"end":{"line":22,"column":108}},"22":{"start":{"line":23,"column":0},"end":{"line":23,"column":102}},"23":{"start":{"line":24,"column":0},"end":{"line":24,"column":103}},"24":{"start":{"line":25,"column":0},"end":{"line":25,"column":92}},"25":{"start":{"line":26,"column":0},"end":{"line":26,"column":94}},"26":{"start":{"line":27,"column":0},"end":{"line":27,"column":100}},"27":{"start":{"line":28,"column":0},"end":{"line":28,"column":92}},"28":{"start":{"line":29,"column":0},"end":{"line":29,"column":2}},"32":{"start":{"line":33,"column":0},"end":{"line":33,"column":98}},"33":{"start":{"line":34,"column":0},"end":{"line":34,"column":110}},"34":{"start":{"line":35,"column":0},"end":{"line":35,"column":116}},"35":{"start":{"line":36,"column":0},"end":{"line":36,"column":114}},"36":{"start":{"line":37,"column":0},"end":{"line":37,"column":114}},"37":{"start":{"line":38,"column":0},"end":{"line":38,"column":122}},"38":{"start":{"line":39,"column":0},"end":{"line":39,"column":128}},"39":{"start":{"line":40,"column":0},"end":{"line":40,"column":125}},"40":{"start":{"line":41,"column":0},"end":{"line":41,"column":121}},"41":{"start":{"line":42,"column":0},"end":{"line":42,"column":118}},"42":{"start":{"line":43,"column":0},"end":{"line":43,"column":127}},"43":{"start":{"line":44,"column":0},"end":{"line":44,"column":110}},"44":{"start":{"line":45,"column":0},"end":{"line":45,"column":130}},"45":{"start":{"line":46,"column":0},"end":{"line":46,"column":2}},"49":{"start":{"line":50,"column":0},"end":{"line":50,"column":47}},"51":{"start":{"line":52,"column":0},"end":{"line":52,"column":28}},"52":{"start":{"line":53,"column":0},"end":{"line":53,"column":46}},"53":{"start":{"line":54,"column":0},"end":{"line":54,"column":48}},"54":{"start":{"line":55,"column":0},"end":{"line":55,"column":48}},"55":{"start":{"line":56,"column":0},"end":{"line":56,"column":22}},"56":{"start":{"line":57,"column":0},"end":{"line":57,"column":23}},"67":{"start":{"line":68,"column":0},"end":{"line":68,"column":35}},"68":{"start":{"line":69,"column":0},"end":{"line":69,"column":1}},"82":{"start":{"line":83,"column":0},"end":{"line":83,"column":78}},"83":{"start":{"line":84,"column":0},"end":{"line":84,"column":26}},"85":{"start":{"line":86,"column":0},"end":{"line":86,"column":68}},"87":{"start":{"line":88,"column":0},"end":{"line":88,"column":10}},"88":{"start":{"line":89,"column":0},"end":{"line":89,"column":8}},"89":{"start":{"line":90,"column":0},"end":{"line":90,"column":18}},"90":{"start":{"line":91,"column":0},"end":{"line":91,"column":108}},"91":{"start":{"line":92,"column":0},"end":{"line":92,"column":16}},"92":{"start":{"line":93,"column":0},"end":{"line":93,"column":83}},"93":{"start":{"line":94,"column":0},"end":{"line":94,"column":66}},"94":{"start":{"line":95,"column":0},"end":{"line":95,"column":18}},"95":{"start":{"line":96,"column":0},"end":{"line":96,"column":162}},"98":{"start":{"line":99,"column":0},"end":{"line":99,"column":20}},"99":{"start":{"line":100,"column":0},"end":{"line":100,"column":12}},"100":{"start":{"line":101,"column":0},"end":{"line":101,"column":135}},"101":{"start":{"line":102,"column":0},"end":{"line":102,"column":89}},"102":{"start":{"line":103,"column":0},"end":{"line":103,"column":10}},"106":{"start":{"line":107,"column":0},"end":{"line":107,"column":11}},"107":{"start":{"line":108,"column":0},"end":{"line":108,"column":20}},"108":{"start":{"line":109,"column":0},"end":{"line":109,"column":64}},"109":{"start":{"line":110,"column":0},"end":{"line":110,"column":50}},"110":{"start":{"line":111,"column":0},"end":{"line":111,"column":20}},"111":{"start":{"line":112,"column":0},"end":{"line":112,"column":93}},"112":{"start":{"line":113,"column":0},"end":{"line":113,"column":26}},"114":{"start":{"line":115,"column":0},"end":{"line":115,"column":38}},"115":{"start":{"line":116,"column":0},"end":{"line":116,"column":13}},"118":{"start":{"line":119,"column":0},"end":{"line":119,"column":11}},"119":{"start":{"line":120,"column":0},"end":{"line":120,"column":20}},"120":{"start":{"line":121,"column":0},"end":{"line":121,"column":75}},"121":{"start":{"line":122,"column":0},"end":{"line":122,"column":51}},"122":{"start":{"line":123,"column":0},"end":{"line":123,"column":20}},"124":{"start":{"line":125,"column":0},"end":{"line":125,"column":39}},"125":{"start":{"line":126,"column":0},"end":{"line":126,"column":13}},"128":{"start":{"line":129,"column":0},"end":{"line":129,"column":98}},"129":{"start":{"line":130,"column":0},"end":{"line":130,"column":65}},"130":{"start":{"line":131,"column":0},"end":{"line":131,"column":13}},"131":{"start":{"line":132,"column":0},"end":{"line":132,"column":10}},"133":{"start":{"line":134,"column":0},"end":{"line":134,"column":1}},"145":{"start":{"line":146,"column":0},"end":{"line":146,"column":67}},"146":{"start":{"line":147,"column":0},"end":{"line":147,"column":73}},"147":{"start":{"line":148,"column":0},"end":{"line":148,"column":47}},"148":{"start":{"line":149,"column":0},"end":{"line":149,"column":44}},"150":{"start":{"line":151,"column":0},"end":{"line":151,"column":19}},"151":{"start":{"line":152,"column":0},"end":{"line":152,"column":22}},"152":{"start":{"line":153,"column":0},"end":{"line":153,"column":9}},"154":{"start":{"line":155,"column":0},"end":{"line":155,"column":19}},"155":{"start":{"line":156,"column":0},"end":{"line":156,"column":26}},"157":{"start":{"line":158,"column":0},"end":{"line":158,"column":40}},"158":{"start":{"line":159,"column":0},"end":{"line":159,"column":23}},"159":{"start":{"line":160,"column":0},"end":{"line":160,"column":22}},"160":{"start":{"line":161,"column":0},"end":{"line":161,"column":11}},"161":{"start":{"line":162,"column":0},"end":{"line":162,"column":91}},"162":{"start":{"line":163,"column":0},"end":{"line":163,"column":59}},"163":{"start":{"line":164,"column":0},"end":{"line":164,"column":66}},"164":{"start":{"line":165,"column":0},"end":{"line":165,"column":25}},"165":{"start":{"line":166,"column":0},"end":{"line":166,"column":53}},"166":{"start":{"line":167,"column":0},"end":{"line":167,"column":9}},"167":{"start":{"line":168,"column":0},"end":{"line":168,"column":15}},"168":{"start":{"line":169,"column":0},"end":{"line":169,"column":25}},"169":{"start":{"line":170,"column":0},"end":{"line":170,"column":25}},"170":{"start":{"line":171,"column":0},"end":{"line":171,"column":36}},"171":{"start":{"line":172,"column":0},"end":{"line":172,"column":9}},"172":{"start":{"line":173,"column":0},"end":{"line":173,"column":17}},"173":{"start":{"line":174,"column":0},"end":{"line":174,"column":42}},"174":{"start":{"line":175,"column":0},"end":{"line":175,"column":7}},"175":{"start":{"line":176,"column":0},"end":{"line":176,"column":5}},"177":{"start":{"line":178,"column":0},"end":{"line":178,"column":17}},"178":{"start":{"line":179,"column":0},"end":{"line":179,"column":26}},"179":{"start":{"line":180,"column":0},"end":{"line":180,"column":12}},"181":{"start":{"line":182,"column":0},"end":{"line":182,"column":24}},"183":{"start":{"line":184,"column":0},"end":{"line":184,"column":32}},"184":{"start":{"line":185,"column":0},"end":{"line":185,"column":5}},"186":{"start":{"line":187,"column":0},"end":{"line":187,"column":39}},"187":{"start":{"line":188,"column":0},"end":{"line":188,"column":15}},"189":{"start":{"line":190,"column":0},"end":{"line":190,"column":41}},"190":{"start":{"line":191,"column":0},"end":{"line":191,"column":41}},"192":{"start":{"line":193,"column":0},"end":{"line":193,"column":10}},"193":{"start":{"line":194,"column":0},"end":{"line":194,"column":39}},"195":{"start":{"line":196,"column":0},"end":{"line":196,"column":57}},"196":{"start":{"line":197,"column":0},"end":{"line":197,"column":85}},"197":{"start":{"line":198,"column":0},"end":{"line":198,"column":26}},"198":{"start":{"line":199,"column":0},"end":{"line":199,"column":70}},"199":{"start":{"line":200,"column":0},"end":{"line":200,"column":38}},"200":{"start":{"line":201,"column":0},"end":{"line":201,"column":51}},"201":{"start":{"line":202,"column":0},"end":{"line":202,"column":57}},"202":{"start":{"line":203,"column":0},"end":{"line":203,"column":21}},"203":{"start":{"line":204,"column":0},"end":{"line":204,"column":47}},"204":{"start":{"line":205,"column":0},"end":{"line":205,"column":15}},"205":{"start":{"line":206,"column":0},"end":{"line":206,"column":12}},"208":{"start":{"line":209,"column":0},"end":{"line":209,"column":19}},"209":{"start":{"line":210,"column":0},"end":{"line":210,"column":63}},"210":{"start":{"line":211,"column":0},"end":{"line":211,"column":36}},"211":{"start":{"line":212,"column":0},"end":{"line":212,"column":140}},"212":{"start":{"line":213,"column":0},"end":{"line":213,"column":67}},"213":{"start":{"line":214,"column":0},"end":{"line":214,"column":61}},"214":{"start":{"line":215,"column":0},"end":{"line":215,"column":61}},"215":{"start":{"line":216,"column":0},"end":{"line":216,"column":18}},"216":{"start":{"line":217,"column":0},"end":{"line":217,"column":13}},"217":{"start":{"line":218,"column":0},"end":{"line":218,"column":14}},"221":{"start":{"line":222,"column":0},"end":{"line":222,"column":29}},"222":{"start":{"line":223,"column":0},"end":{"line":223,"column":42}},"223":{"start":{"line":224,"column":0},"end":{"line":224,"column":78}},"224":{"start":{"line":225,"column":0},"end":{"line":225,"column":72}},"225":{"start":{"line":226,"column":0},"end":{"line":226,"column":14}},"229":{"start":{"line":230,"column":0},"end":{"line":230,"column":30}},"230":{"start":{"line":231,"column":0},"end":{"line":231,"column":63}},"231":{"start":{"line":232,"column":0},"end":{"line":232,"column":43}},"232":{"start":{"line":233,"column":0},"end":{"line":233,"column":16}},"233":{"start":{"line":234,"column":0},"end":{"line":234,"column":28}},"234":{"start":{"line":235,"column":0},"end":{"line":235,"column":40}},"235":{"start":{"line":236,"column":0},"end":{"line":236,"column":55}},"237":{"start":{"line":238,"column":0},"end":{"line":238,"column":31}},"238":{"start":{"line":239,"column":0},"end":{"line":239,"column":29}},"239":{"start":{"line":240,"column":0},"end":{"line":240,"column":52}},"240":{"start":{"line":241,"column":0},"end":{"line":241,"column":16}},"241":{"start":{"line":242,"column":0},"end":{"line":242,"column":18}},"242":{"start":{"line":243,"column":0},"end":{"line":243,"column":13}},"243":{"start":{"line":244,"column":0},"end":{"line":244,"column":14}},"245":{"start":{"line":246,"column":0},"end":{"line":246,"column":14}},"247":{"start":{"line":248,"column":0},"end":{"line":248,"column":1}},"249":{"start":{"line":250,"column":0},"end":{"line":250,"column":78}},"250":{"start":{"line":251,"column":0},"end":{"line":251,"column":48}},"251":{"start":{"line":252,"column":0},"end":{"line":252,"column":10}},"252":{"start":{"line":253,"column":0},"end":{"line":253,"column":31}},"253":{"start":{"line":254,"column":0},"end":{"line":254,"column":71}},"254":{"start":{"line":255,"column":0},"end":{"line":255,"column":44}},"255":{"start":{"line":256,"column":0},"end":{"line":256,"column":34}},"256":{"start":{"line":257,"column":0},"end":{"line":257,"column":50}},"257":{"start":{"line":258,"column":0},"end":{"line":258,"column":34}},"258":{"start":{"line":259,"column":0},"end":{"line":259,"column":128}},"259":{"start":{"line":260,"column":0},"end":{"line":260,"column":95}},"260":{"start":{"line":261,"column":0},"end":{"line":261,"column":18}},"261":{"start":{"line":262,"column":0},"end":{"line":262,"column":51}},"262":{"start":{"line":263,"column":0},"end":{"line":263,"column":31}},"263":{"start":{"line":264,"column":0},"end":{"line":264,"column":19}},"265":{"start":{"line":266,"column":0},"end":{"line":266,"column":11}},"266":{"start":{"line":267,"column":0},"end":{"line":267,"column":12}},"267":{"start":{"line":268,"column":0},"end":{"line":268,"column":10}},"269":{"start":{"line":270,"column":0},"end":{"line":270,"column":1}}},"s":{"0":1,"1":1,"15":1,"16":1,"17":1,"18":1,"19":1,"20":1,"21":1,"22":1,"23":1,"24":1,"25":1,"26":1,"27":1,"28":1,"32":1,"33":1,"34":1,"35":1,"36":1,"37":1,"38":1,"39":1,"40":1,"41":1,"42":1,"43":1,"44":1,"45":1,"49":1,"51":0,"52":0,"53":0,"54":0,"55":0,"56":0,"67":0,"68":0,"82":1,"83":0,"85":0,"87":0,"88":0,"89":0,"90":0,"91":0,"92":0,"93":0,"94":0,"95":0,"98":0,"99":0,"100":0,"101":0,"102":0,"106":0,"107":0,"108":0,"109":0,"110":0,"111":0,"112":0,"114":0,"115":0,"118":0,"119":0,"120":0,"121":0,"122":0,"124":0,"125":0,"128":0,"129":0,"130":0,"131":0,"133":0,"145":1,"146":0,"147":0,"148":0,"150":0,"151":0,"152":0,"154":0,"155":0,"157":0,"158":0,"159":0,"160":0,"161":0,"162":0,"163":0,"164":0,"165":0,"166":0,"167":0,"168":0,"169":0,"170":0,"171":0,"172":0,"173":0,"174":0,"175":0,"177":0,"178":0,"179":0,"181":0,"183":0,"184":0,"186":0,"187":0,"189":0,"190":0,"192":0,"193":0,"195":0,"196":0,"197":0,"198":0,"199":0,"200":0,"201":0,"202":0,"203":0,"204":0,"205":0,"208":0,"209":0,"210":0,"211":0,"212":0,"213":0,"214":0,"215":0,"216":0,"217":0,"221":0,"222":0,"223":0,"224":0,"225":0,"229":0,"230":0,"231":0,"232":0,"233":0,"234":0,"235":0,"237":0,"238":0,"239":0,"240":0,"241":0,"242":0,"243":0,"245":0,"247":0,"249":2,"250":2,"251":2,"252":2,"253":2,"254":2,"255":2,"256":24,"257":24,"258":0,"259":24,"260":24,"261":24,"262":24,"263":24,"265":2,"266":2,"267":2,"269":2},"branchMap":{"0":{"type":"branch","line":250,"loc":{"start":{"line":250,"column":0},"end":{"line":270,"column":1}},"locations":[{"start":{"line":250,"column":0},"end":{"line":270,"column":1}}]},"1":{"type":"branch","line":251,"loc":{"start":{"line":251,"column":29},"end":{"line":251,"column":48}},"locations":[{"start":{"line":251,"column":29},"end":{"line":251,"column":48}}]},"2":{"type":"branch","line":256,"loc":{"start":{"line":256,"column":26},"end":{"line":266,"column":9}},"locations":[{"start":{"line":256,"column":26},"end":{"line":266,"column":9}}]},"3":{"type":"branch","line":258,"loc":{"start":{"line":258,"column":28},"end":{"line":259,"column":128}},"locations":[{"start":{"line":258,"column":28},"end":{"line":259,"column":128}}]}},"b":{"0":[2],"1":[0],"2":[24],"3":[0]},"fnMap":{"0":{"name":"injectKeyframes","decl":{"start":{"line":52,"column":0},"end":{"line":69,"column":1}},"loc":{"start":{"line":52,"column":0},"end":{"line":69,"column":1}},"line":52},"1":{"name":"AchievementBadge","decl":{"start":{"line":83,"column":7},"end":{"line":134,"column":1}},"loc":{"start":{"line":83,"column":7},"end":{"line":134,"column":1}},"line":83},"2":{"name":"AchievementGrid","decl":{"start":{"line":146,"column":7},"end":{"line":248,"column":1}},"loc":{"start":{"line":146,"column":7},"end":{"line":248,"column":1}},"line":146},"3":{"name":"AchievementBadges","decl":{"start":{"line":250,"column":0},"end":{"line":270,"column":1}},"loc":{"start":{"line":250,"column":0},"end":{"line":270,"column":1}},"line":250}},"f":{"0":0,"1":0,"2":0,"3":2}}
,"/Users/cmd/workspace/hermes-launchpad/src/components/Avatar.tsx": {"path":"/Users/cmd/workspace/hermes-launchpad/src/components/Avatar.tsx","all":false,"statementMap":{"0":{"start":{"line":7,"column":0},"end":{"line":7,"column":35}},"1":{"start":{"line":8,"column":0},"end":{"line":8,"column":15}},"2":{"start":{"line":9,"column":0},"end":{"line":9,"column":87}},"3":{"start":{"line":10,"column":0},"end":{"line":10,"column":33}},"4":{"start":{"line":11,"column":0},"end":{"line":11,"column":31}},"5":{"start":{"line":12,"column":0},"end":{"line":12,"column":1}},"6":{"start":{"line":14,"column":0},"end":{"line":14,"column":80}},"7":{"start":{"line":15,"column":0},"end":{"line":15,"column":94}},"8":{"start":{"line":16,"column":0},"end":{"line":16,"column":18}},"9":{"start":{"line":17,"column":0},"end":{"line":17,"column":12}},"10":{"start":{"line":18,"column":0},"end":{"line":18,"column":129}},"11":{"start":{"line":19,"column":0},"end":{"line":19,"column":261}},"12":{"start":{"line":20,"column":0},"end":{"line":20,"column":12}},"13":{"start":{"line":22,"column":0},"end":{"line":22,"column":3}},"14":{"start":{"line":23,"column":0},"end":{"line":23,"column":15}},"15":{"start":{"line":24,"column":0},"end":{"line":24,"column":158}},"16":{"start":{"line":25,"column":0},"end":{"line":25,"column":3}},"17":{"start":{"line":26,"column":0},"end":{"line":26,"column":10}},"18":{"start":{"line":27,"column":0},"end":{"line":27,"column":8}},"19":{"start":{"line":28,"column":0},"end":{"line":28,"column":111}},"20":{"start":{"line":29,"column":0},"end":{"line":29,"column":48}},"21":{"start":{"line":30,"column":0},"end":{"line":30,"column":19}},"22":{"start":{"line":32,"column":0},"end":{"line":32,"column":52}},"23":{"start":{"line":33,"column":0},"end":{"line":33,"column":10}},"24":{"start":{"line":35,"column":0},"end":{"line":35,"column":1}}},"s":{"0":0,"1":0,"2":0,"3":0,"4":0,"5":0,"6":0,"7":0,"8":0,"9":0,"10":0,"11":0,"12":0,"13":0,"14":0,"15":0,"16":0,"17":0,"18":0,"19":0,"20":0,"21":0,"22":0,"23":0,"24":0},"branchMap":{},"b":{},"fnMap":{"0":{"name":"gradientFor","decl":{"start":{"line":7,"column":0},"end":{"line":12,"column":1}},"loc":{"start":{"line":7,"column":0},"end":{"line":12,"column":1}},"line":7},"1":{"name":"Avatar","decl":{"start":{"line":14,"column":0},"end":{"line":35,"column":1}},"loc":{"start":{"line":14,"column":0},"end":{"line":35,"column":1}},"line":14}},"f":{"0":0,"1":0}}
,"/Users/cmd/workspace/hermes-launchpad/src/components/Badge.tsx": {"path":"/Users/cmd/workspace/hermes-launchpad/src/components/Badge.tsx","all":false,"statementMap":{"0":{"start":{"line":1,"column":0},"end":{"line":1,"column":44}},"1":{"start":{"line":10,"column":0},"end":{"line":10,"column":48}},"2":{"start":{"line":11,"column":0},"end":{"line":11,"column":64}},"3":{"start":{"line":12,"column":0},"end":{"line":12,"column":63}},"4":{"start":{"line":13,"column":0},"end":{"line":13,"column":77}},"5":{"start":{"line":14,"column":0},"end":{"line":14,"column":64}},"6":{"start":{"line":15,"column":0},"end":{"line":15,"column":58}},"7":{"start":{"line":16,"column":0},"end":{"line":16,"column":66}},"8":{"start":{"line":17,"column":0},"end":{"line":17,"column":46}},"9":{"start":{"line":18,"column":0},"end":{"line":18,"column":58}},"10":{"start":{"line":19,"column":0},"end":{"line":19,"column":56}},"11":{"start":{"line":20,"column":0},"end":{"line":20,"column":2}},"12":{"start":{"line":22,"column":0},"end":{"line":22,"column":84}},"13":{"start":{"line":23,"column":0},"end":{"line":23,"column":10}},"14":{"start":{"line":24,"column":0},"end":{"line":24,"column":9}},"15":{"start":{"line":25,"column":0},"end":{"line":25,"column":190}},"16":{"start":{"line":26,"column":0},"end":{"line":26,"column":16}},"17":{"start":{"line":28,"column":0},"end":{"line":28,"column":24}},"18":{"start":{"line":29,"column":0},"end":{"line":29,"column":11}},"19":{"start":{"line":31,"column":0},"end":{"line":31,"column":1}}},"s":{"0":2,"1":2,"2":2,"3":2,"4":2,"5":2,"6":2,"7":2,"8":2,"9":2,"10":2,"11":2,"12":0,"13":0,"14":0,"15":0,"16":0,"17":0,"18":0,"19":0},"branchMap":{},"b":{},"fnMap":{"0":{"name":"Badge","decl":{"start":{"line":22,"column":0},"end":{"line":31,"column":1}},"loc":{"start":{"line":22,"column":0},"end":{"line":31,"column":1}},"line":22}},"f":{"0":0}}
,"/Users/cmd/workspace/hermes-launchpad/src/components/BottomNav.tsx": {"path":"/Users/cmd/workspace/hermes-launchpad/src/components/BottomNav.tsx","all":false,"statementMap":{"0":{"start":{"line":1,"column":0},"end":{"line":1,"column":42}},"1":{"start":{"line":2,"column":0},"end":{"line":2,"column":45}},"2":{"start":{"line":12,"column":0},"end":{"line":12,"column":35}},"3":{"start":{"line":13,"column":0},"end":{"line":13,"column":21}},"4":{"start":{"line":14,"column":0},"end":{"line":14,"column":14}},"5":{"start":{"line":15,"column":0},"end":{"line":15,"column":16}},"6":{"start":{"line":16,"column":0},"end":{"line":16,"column":18}},"7":{"start":{"line":17,"column":0},"end":{"line":17,"column":17}},"8":{"start":{"line":18,"column":0},"end":{"line":18,"column":20}},"9":{"start":{"line":19,"column":0},"end":{"line":19,"column":32}},"10":{"start":{"line":20,"column":0},"end":{"line":20,"column":48}},"11":{"start":{"line":22,"column":0},"end":{"line":22,"column":51}},"12":{"start":{"line":23,"column":0},"end":{"line":23,"column":26}},"13":{"start":{"line":24,"column":0},"end":{"line":24,"column":21}},"14":{"start":{"line":25,"column":0},"end":{"line":25,"column":18}},"15":{"start":{"line":26,"column":0},"end":{"line":26,"column":3}},"16":{"start":{"line":28,"column":0},"end":{"line":28,"column":30}},"17":{"start":{"line":29,"column":0},"end":{"line":29,"column":27}},"18":{"start":{"line":30,"column":0},"end":{"line":30,"column":24}},"19":{"start":{"line":31,"column":0},"end":{"line":31,"column":21}},"20":{"start":{"line":32,"column":0},"end":{"line":32,"column":12}},"21":{"start":{"line":33,"column":0},"end":{"line":33,"column":28}},"22":{"start":{"line":34,"column":0},"end":{"line":34,"column":5}},"23":{"start":{"line":35,"column":0},"end":{"line":35,"column":3}},"24":{"start":{"line":37,"column":0},"end":{"line":37,"column":87}},"25":{"start":{"line":38,"column":0},"end":{"line":38,"column":72}},"26":{"start":{"line":40,"column":0},"end":{"line":40,"column":10}},"27":{"start":{"line":41,"column":0},"end":{"line":41,"column":8}},"28":{"start":{"line":42,"column":0},"end":{"line":42,"column":129}},"29":{"start":{"line":43,"column":0},"end":{"line":43,"column":62}},"30":{"start":{"line":44,"column":0},"end":{"line":44,"column":36}},"31":{"start":{"line":45,"column":0},"end":{"line":45,"column":30}},"32":{"start":{"line":47,"column":0},"end":{"line":47,"column":66}},"33":{"start":{"line":49,"column":0},"end":{"line":49,"column":15}},"34":{"start":{"line":50,"column":0},"end":{"line":50,"column":23}},"35":{"start":{"line":51,"column":0},"end":{"line":51,"column":48}},"36":{"start":{"line":52,"column":0},"end":{"line":52,"column":27}},"37":{"start":{"line":53,"column":0},"end":{"line":53,"column":52}},"38":{"start":{"line":54,"column":0},"end":{"line":54,"column":90}},"39":{"start":{"line":55,"column":0},"end":{"line":55,"column":71}},"40":{"start":{"line":56,"column":0},"end":{"line":56,"column":13}},"41":{"start":{"line":58,"column":0},"end":{"line":58,"column":58}},"42":{"start":{"line":59,"column":0},"end":{"line":59,"column":99}},"43":{"start":{"line":60,"column":0},"end":{"line":60,"column":77}},"44":{"start":{"line":61,"column":0},"end":{"line":61,"column":17}},"45":{"start":{"line":64,"column":0},"end":{"line":64,"column":15}},"46":{"start":{"line":65,"column":0},"end":{"line":65,"column":23}},"47":{"start":{"line":66,"column":0},"end":{"line":66,"column":32}},"48":{"start":{"line":67,"column":0},"end":{"line":67,"column":35}},"49":{"start":{"line":68,"column":0},"end":{"line":68,"column":185}},"50":{"start":{"line":70,"column":0},"end":{"line":70,"column":68}},"51":{"start":{"line":71,"column":0},"end":{"line":71,"column":17}},"52":{"start":{"line":74,"column":0},"end":{"line":74,"column":15}},"53":{"start":{"line":75,"column":0},"end":{"line":75,"column":23}},"54":{"start":{"line":76,"column":0},"end":{"line":76,"column":58}},"55":{"start":{"line":77,"column":0},"end":{"line":77,"column":30}},"56":{"start":{"line":78,"column":0},"end":{"line":78,"column":55}},"57":{"start":{"line":79,"column":0},"end":{"line":79,"column":99}},"58":{"start":{"line":80,"column":0},"end":{"line":80,"column":74}},"59":{"start":{"line":81,"column":0},"end":{"line":81,"column":13}},"60":{"start":{"line":83,"column":0},"end":{"line":83,"column":58}},"61":{"start":{"line":84,"column":0},"end":{"line":84,"column":102}},"62":{"start":{"line":85,"column":0},"end":{"line":85,"column":80}},"63":{"start":{"line":86,"column":0},"end":{"line":86,"column":31}},"64":{"start":{"line":87,"column":0},"end":{"line":87,"column":163}},"65":{"start":{"line":88,"column":0},"end":{"line":88,"column":54}},"66":{"start":{"line":89,"column":0},"end":{"line":89,"column":19}},"67":{"start":{"line":91,"column":0},"end":{"line":91,"column":17}},"68":{"start":{"line":92,"column":0},"end":{"line":92,"column":12}},"69":{"start":{"line":93,"column":0},"end":{"line":93,"column":10}},"70":{"start":{"line":95,"column":0},"end":{"line":95,"column":1}}},"s":{"0":2,"1":2,"2":6,"3":6,"4":6,"5":6,"6":6,"7":6,"8":6,"9":6,"10":6,"11":6,"12":0,"13":0,"14":0,"15":0,"16":6,"17":0,"18":0,"19":0,"20":0,"21":0,"22":0,"23":0,"24":6,"25":6,"26":6,"27":6,"28":6,"29":6,"30":6,"31":6,"32":6,"33":6,"34":6,"35":6,"36":6,"37":6,"38":6,"39":6,"40":6,"41":6,"42":6,"43":6,"44":6,"45":6,"46":6,"47":6,"48":6,"49":6,"50":6,"51":6,"52":6,"53":6,"54":6,"55":6,"56":6,"57":6,"58":6,"59":6,"60":6,"61":6,"62":6,"63":6,"64":0,"65":0,"66":0,"67":6,"68":6,"69":6,"70":6},"branchMap":{"0":{"type":"branch","line":12,"loc":{"start":{"line":12,"column":0},"end":{"line":95,"column":1}},"locations":[{"start":{"line":12,"column":0},"end":{"line":95,"column":1}}]},"1":{"type":"branch","line":37,"loc":{"start":{"line":37,"column":31},"end":{"line":37,"column":65}},"locations":[{"start":{"line":37,"column":31},"end":{"line":37,"column":65}}]},"2":{"type":"branch","line":37,"loc":{"start":{"line":37,"column":55},"end":{"line":37,"column":87}},"locations":[{"start":{"line":37,"column":55},"end":{"line":37,"column":87}}]},"3":{"type":"branch","line":38,"loc":{"start":{"line":38,"column":34},"end":{"line":38,"column":72}},"locations":[{"start":{"line":38,"column":34},"end":{"line":38,"column":72}}]},"4":{"type":"branch","line":53,"loc":{"start":{"line":53,"column":24},"end":{"line":53,"column":42}},"locations":[{"start":{"line":53,"column":24},"end":{"line":53,"column":42}}]},"5":{"type":"branch","line":53,"loc":{"start":{"line":53,"column":33},"end":{"line":53,"column":52}},"locations":[{"start":{"line":53,"column":33},"end":{"line":53,"column":52}}]},"6":{"type":"branch","line":55,"loc":{"start":{"line":55,"column":12},"end":{"line":55,"column":36}},"locations":[{"start":{"line":55,"column":12},"end":{"line":55,"column":36}}]},"7":{"type":"branch","line":55,"loc":{"start":{"line":55,"column":21},"end":{"line":55,"column":71}},"locations":[{"start":{"line":55,"column":21},"end":{"line":55,"column":71}}]},"8":{"type":"branch","line":60,"loc":{"start":{"line":60,"column":11},"end":{"line":60,"column":77}},"locations":[{"start":{"line":60,"column":11},"end":{"line":60,"column":77}}]},"9":{"type":"branch","line":78,"loc":{"start":{"line":78,"column":24},"end":{"line":78,"column":45}},"locations":[{"start":{"line":78,"column":24},"end":{"line":78,"column":45}}]},"10":{"type":"branch","line":78,"loc":{"start":{"line":78,"column":36},"end":{"line":78,"column":55}},"locations":[{"start":{"line":78,"column":36},"end":{"line":78,"column":55}}]},"11":{"type":"branch","line":80,"loc":{"start":{"line":80,"column":12},"end":{"line":80,"column":39}},"locations":[{"start":{"line":80,"column":12},"end":{"line":80,"column":39}}]},"12":{"type":"branch","line":80,"loc":{"start":{"line":80,"column":24},"end":{"line":80,"column":74}},"locations":[{"start":{"line":80,"column":24},"end":{"line":80,"column":74}}]},"13":{"type":"branch","line":85,"loc":{"start":{"line":85,"column":11},"end":{"line":85,"column":80}},"locations":[{"start":{"line":85,"column":11},"end":{"line":85,"column":80}}]},"14":{"type":"branch","line":86,"loc":{"start":{"line":86,"column":25},"end":{"line":89,"column":19}},"locations":[{"start":{"line":86,"column":25},"end":{"line":89,"column":19}}]}},"b":{"0":[6],"1":[2],"2":[2],"3":[4],"4":[4],"5":[2],"6":[4],"7":[2],"8":[4],"9":[2],"10":[4],"11":[2],"12":[4],"13":[2],"14":[0]},"fnMap":{"0":{"name":"BottomNav","decl":{"start":{"line":12,"column":0},"end":{"line":95,"column":1}},"loc":{"start":{"line":12,"column":0},"end":{"line":95,"column":1}},"line":12},"1":{"name":"handleTab","decl":{"start":{"line":22,"column":20},"end":{"line":26,"column":3}},"loc":{"start":{"line":22,"column":20},"end":{"line":26,"column":3}},"line":22},"2":{"name":"handleCreate","decl":{"start":{"line":28,"column":23},"end":{"line":35,"column":3}},"loc":{"start":{"line":28,"column":23},"end":{"line":35,"column":3}},"line":28},"3":{"name":"onClick","decl":{"start":{"line":51,"column":19},"end":{"line":51,"column":48}},"loc":{"start":{"line":51,"column":19},"end":{"line":51,"column":48}},"line":51},"4":{"name":"onClick","decl":{"start":{"line":76,"column":19},"end":{"line":76,"column":58}},"loc":{"start":{"line":76,"column":19},"end":{"line":76,"column":58}},"line":76}},"f":{"0":6,"1":0,"2":0,"3":0,"4":0}}
,"/Users/cmd/workspace/hermes-launchpad/src/components/Button.tsx": {"path":"/Users/cmd/workspace/hermes-launchpad/src/components/Button.tsx","all":false,"statementMap":{"0":{"start":{"line":1,"column":0},"end":{"line":1,"column":78}},"1":{"start":{"line":11,"column":0},"end":{"line":11,"column":65}},"2":{"start":{"line":12,"column":0},"end":{"line":12,"column":111}},"3":{"start":{"line":13,"column":0},"end":{"line":13,"column":182}},"4":{"start":{"line":14,"column":0},"end":{"line":14,"column":19}},"5":{"start":{"line":15,"column":0},"end":{"line":15,"column":32}},"6":{"start":{"line":16,"column":0},"end":{"line":16,"column":32}},"7":{"start":{"line":17,"column":0},"end":{"line":17,"column":32}},"8":{"start":{"line":18,"column":0},"end":{"line":18,"column":6}},"9":{"start":{"line":19,"column":0},"end":{"line":19,"column":22}},"10":{"start":{"line":20,"column":0},"end":{"line":20,"column":135}},"11":{"start":{"line":21,"column":0},"end":{"line":21,"column":98}},"12":{"start":{"line":22,"column":0},"end":{"line":22,"column":102}},"13":{"start":{"line":23,"column":0},"end":{"line":23,"column":90}},"14":{"start":{"line":24,"column":0},"end":{"line":24,"column":6}},"15":{"start":{"line":25,"column":0},"end":{"line":25,"column":12}},"16":{"start":{"line":26,"column":0},"end":{"line":26,"column":13}},"17":{"start":{"line":27,"column":0},"end":{"line":27,"column":17}},"18":{"start":{"line":28,"column":0},"end":{"line":28,"column":128}},"19":{"start":{"line":29,"column":0},"end":{"line":29,"column":38}},"20":{"start":{"line":30,"column":0},"end":{"line":30,"column":18}},"21":{"start":{"line":32,"column":0},"end":{"line":32,"column":20}},"22":{"start":{"line":33,"column":0},"end":{"line":33,"column":12}},"23":{"start":{"line":34,"column":0},"end":{"line":34,"column":271}},"24":{"start":{"line":36,"column":0},"end":{"line":36,"column":13}},"25":{"start":{"line":37,"column":0},"end":{"line":37,"column":21}},"26":{"start":{"line":38,"column":0},"end":{"line":38,"column":15}},"27":{"start":{"line":40,"column":0},"end":{"line":40,"column":3}},"28":{"start":{"line":41,"column":0},"end":{"line":41,"column":2}},"29":{"start":{"line":42,"column":0},"end":{"line":42,"column":30}}},"s":{"0":2,"1":2,"2":2,"3":15,"4":15,"5":15,"6":15,"7":15,"8":15,"9":15,"10":15,"11":15,"12":15,"13":15,"14":15,"15":15,"16":15,"17":15,"18":15,"19":15,"20":15,"21":15,"22":0,"23":0,"24":0,"25":15,"26":15,"27":15,"28":2,"29":2},"branchMap":{"0":{"type":"branch","line":12,"loc":{"start":{"line":12,"column":2},"end":{"line":40,"column":3}},"locations":[{"start":{"line":12,"column":2},"end":{"line":40,"column":3}}]},"1":{"type":"branch","line":28,"loc":{"start":{"line":28,"column":70},"end":{"line":28,"column":85}},"locations":[{"start":{"line":28,"column":70},"end":{"line":28,"column":85}}]},"2":{"type":"branch","line":28,"loc":{"start":{"line":28,"column":85},"end":{"line":28,"column":100}},"locations":[{"start":{"line":28,"column":85},"end":{"line":28,"column":100}}]},"3":{"type":"branch","line":29,"loc":{"start":{"line":29,"column":18},"end":{"line":29,"column":38}},"locations":[{"start":{"line":29,"column":18},"end":{"line":29,"column":38}}]},"4":{"type":"branch","line":32,"loc":{"start":{"line":32,"column":9},"end":{"line":36,"column":13}},"locations":[{"start":{"line":32,"column":9},"end":{"line":36,"column":13}}]}},"b":{"0":[15],"1":[0],"2":[8],"3":[8],"4":[0]},"fnMap":{},"f":{}}
,"/Users/cmd/workspace/hermes-launchpad/src/components/ConfettiBurst.tsx": {"path":"/Users/cmd/workspace/hermes-launchpad/src/components/ConfettiBurst.tsx","all":false,"statementMap":{"0":{"start":{"line":1,"column":0},"end":{"line":1,"column":39}},"1":{"start":{"line":15,"column":0},"end":{"line":15,"column":45}},"2":{"start":{"line":16,"column":0},"end":{"line":16,"column":131}},"3":{"start":{"line":17,"column":0},"end":{"line":17,"column":132}},"4":{"start":{"line":18,"column":0},"end":{"line":18,"column":146}},"5":{"start":{"line":19,"column":0},"end":{"line":19,"column":95}},"6":{"start":{"line":20,"column":0},"end":{"line":20,"column":123}},"7":{"start":{"line":21,"column":0},"end":{"line":21,"column":103}},"8":{"start":{"line":22,"column":0},"end":{"line":22,"column":2}},"9":{"start":{"line":24,"column":0},"end":{"line":24,"column":47}},"10":{"start":{"line":25,"column":0},"end":{"line":25,"column":31}},"11":{"start":{"line":26,"column":0},"end":{"line":26,"column":68}},"12":{"start":{"line":27,"column":0},"end":{"line":27,"column":1}},"13":{"start":{"line":29,"column":0},"end":{"line":29,"column":27}},"14":{"start":{"line":30,"column":0},"end":{"line":30,"column":7}},"15":{"start":{"line":31,"column":0},"end":{"line":31,"column":35}},"16":{"start":{"line":32,"column":0},"end":{"line":32,"column":23}},"17":{"start":{"line":33,"column":0},"end":{"line":33,"column":16}},"18":{"start":{"line":34,"column":0},"end":{"line":34,"column":24}},"19":{"start":{"line":35,"column":0},"end":{"line":35,"column":26}},"20":{"start":{"line":36,"column":0},"end":{"line":36,"column":15}},"21":{"start":{"line":37,"column":0},"end":{"line":37,"column":6}},"22":{"start":{"line":38,"column":0},"end":{"line":38,"column":18}},"23":{"start":{"line":39,"column":0},"end":{"line":39,"column":26}},"24":{"start":{"line":40,"column":0},"end":{"line":40,"column":1}},"25":{"start":{"line":43,"column":0},"end":{"line":43,"column":34}},"26":{"start":{"line":55,"column":0},"end":{"line":55,"column":31}},"27":{"start":{"line":56,"column":0},"end":{"line":56,"column":53}},"28":{"start":{"line":57,"column":0},"end":{"line":57,"column":22}},"29":{"start":{"line":58,"column":0},"end":{"line":58,"column":14}},"30":{"start":{"line":59,"column":0},"end":{"line":59,"column":22}},"31":{"start":{"line":60,"column":0},"end":{"line":60,"column":21}},"32":{"start":{"line":61,"column":0},"end":{"line":61,"column":14}},"33":{"start":{"line":62,"column":0},"end":{"line":62,"column":12}},"34":{"start":{"line":63,"column":0},"end":{"line":63,"column":24}},"35":{"start":{"line":64,"column":0},"end":{"line":64,"column":19}},"36":{"start":{"line":65,"column":0},"end":{"line":65,"column":9}},"37":{"start":{"line":66,"column":0},"end":{"line":66,"column":16}},"38":{"start":{"line":67,"column":0},"end":{"line":67,"column":22}},"39":{"start":{"line":68,"column":0},"end":{"line":68,"column":15}},"40":{"start":{"line":69,"column":0},"end":{"line":69,"column":15}},"41":{"start":{"line":70,"column":0},"end":{"line":70,"column":22}},"42":{"start":{"line":71,"column":0},"end":{"line":71,"column":15}},"43":{"start":{"line":72,"column":0},"end":{"line":72,"column":14}},"44":{"start":{"line":73,"column":0},"end":{"line":73,"column":14}},"45":{"start":{"line":74,"column":0},"end":{"line":74,"column":9}},"46":{"start":{"line":75,"column":0},"end":{"line":75,"column":13}},"47":{"start":{"line":77,"column":0},"end":{"line":77,"column":5}},"48":{"start":{"line":78,"column":0},"end":{"line":78,"column":75}},"49":{"start":{"line":80,"column":0},"end":{"line":80,"column":14}},"50":{"start":{"line":81,"column":0},"end":{"line":81,"column":1}},"51":{"start":{"line":83,"column":0},"end":{"line":83,"column":64}},"52":{"start":{"line":84,"column":0},"end":{"line":84,"column":31}},"53":{"start":{"line":85,"column":0},"end":{"line":85,"column":19}},"54":{"start":{"line":86,"column":0},"end":{"line":86,"column":9}},"55":{"start":{"line":87,"column":0},"end":{"line":87,"column":41}},"56":{"start":{"line":88,"column":0},"end":{"line":88,"column":13}},"57":{"start":{"line":90,"column":0},"end":{"line":90,"column":5}},"58":{"start":{"line":91,"column":0},"end":{"line":91,"column":15}},"59":{"start":{"line":93,"column":0},"end":{"line":93,"column":14}},"60":{"start":{"line":94,"column":0},"end":{"line":94,"column":1}}},"s":{"0":2,"1":2,"2":2,"3":2,"4":2,"5":2,"6":2,"7":2,"8":2,"9":2,"10":0,"11":0,"12":0,"13":2,"14":0,"15":0,"16":0,"17":0,"18":0,"19":0,"20":0,"21":0,"22":0,"23":0,"24":0,"25":2,"26":2,"27":0,"28":0,"29":0,"30":0,"31":0,"32":0,"33":0,"34":0,"35":0,"36":0,"37":0,"38":0,"39":0,"40":0,"41":0,"42":0,"43":0,"44":0,"45":0,"46":0,"47":0,"48":0,"49":0,"50":0,"51":2,"52":0,"53":0,"54":0,"55":0,"56":0,"57":0,"58":0,"59":0,"60":0},"branchMap":{},"b":{},"fnMap":{"0":{"name":"confettiBurst","decl":{"start":{"line":24,"column":7},"end":{"line":27,"column":1}},"loc":{"start":{"line":24,"column":7},"end":{"line":27,"column":1}},"line":24},"1":{"name":"xpFlyIn","decl":{"start":{"line":29,"column":7},"end":{"line":40,"column":1}},"loc":{"start":{"line":29,"column":7},"end":{"line":40,"column":1}},"line":29},"2":{"name":"ConfettiBurst","decl":{"start":{"line":55,"column":7},"end":{"line":81,"column":1}},"loc":{"start":{"line":55,"column":7},"end":{"line":81,"column":1}},"line":55},"3":{"name":"ConfettiPreset","decl":{"start":{"line":83,"column":7},"end":{"line":94,"column":1}},"loc":{"start":{"line":83,"column":7},"end":{"line":94,"column":1}},"line":83}},"f":{"0":0,"1":0,"2":0,"3":0}}
,"/Users/cmd/workspace/hermes-launchpad/src/components/ConfettiFacade.tsx": {"path":"/Users/cmd/workspace/hermes-launchpad/src/components/ConfettiFacade.tsx","all":true,"statementMap":{"0":{"start":{"line":1,"column":0},"end":{"line":1,"column":68}}},"s":{"0":0},"branchMap":{"0":{"type":"branch","line":1,"loc":{"start":{"line":1,"column":104},"end":{"line":3,"column":34}},"locations":[{"start":{"line":1,"column":104},"end":{"line":3,"column":34}}]}},"b":{"0":[0]},"fnMap":{"0":{"name":"(empty-report)","decl":{"start":{"line":1,"column":104},"end":{"line":3,"column":34}},"loc":{"start":{"line":1,"column":104},"end":{"line":3,"column":34}},"line":1}},"f":{"0":0}}
,"/Users/cmd/workspace/hermes-launchpad/src/components/CreateTokenModal.tsx": {"path":"/Users/cmd/workspace/hermes-launchpad/src/components/CreateTokenModal.tsx","all":false,"statementMap":{"0":{"start":{"line":1,"column":0},"end":{"line":1,"column":44}},"1":{"start":{"line":2,"column":0},"end":{"line":2,"column":45}},"2":{"start":{"line":3,"column":0},"end":{"line":3,"column":45}},"3":{"start":{"line":4,"column":0},"end":{"line":4,"column":39}},"4":{"start":{"line":5,"column":0},"end":{"line":5,"column":47}},"5":{"start":{"line":6,"column":0},"end":{"line":6,"column":68}},"6":{"start":{"line":7,"column":0},"end":{"line":7,"column":31}},"7":{"start":{"line":8,"column":0},"end":{"line":8,"column":55}},"8":{"start":{"line":9,"column":0},"end":{"line":9,"column":39}},"9":{"start":{"line":10,"column":0},"end":{"line":10,"column":71}},"10":{"start":{"line":11,"column":0},"end":{"line":11,"column":60}},"11":{"start":{"line":13,"column":0},"end":{"line":13,"column":87}},"12":{"start":{"line":20,"column":0},"end":{"line":20,"column":73}},"13":{"start":{"line":21,"column":0},"end":{"line":21,"column":39}},"14":{"start":{"line":22,"column":0},"end":{"line":22,"column":43}},"15":{"start":{"line":23,"column":0},"end":{"line":23,"column":43}},"16":{"start":{"line":24,"column":0},"end":{"line":24,"column":38}},"17":{"start":{"line":25,"column":0},"end":{"line":25,"column":42}},"18":{"start":{"line":26,"column":0},"end":{"line":26,"column":41}},"19":{"start":{"line":27,"column":0},"end":{"line":27,"column":69}},"20":{"start":{"line":29,"column":0},"end":{"line":29,"column":19}},"21":{"start":{"line":30,"column":0},"end":{"line":30,"column":49}},"22":{"start":{"line":31,"column":0},"end":{"line":31,"column":49}},"23":{"start":{"line":32,"column":0},"end":{"line":32,"column":6}},"24":{"start":{"line":33,"column":0},"end":{"line":33,"column":54}},"25":{"start":{"line":34,"column":0},"end":{"line":34,"column":70}},"26":{"start":{"line":35,"column":0},"end":{"line":35,"column":22}},"27":{"start":{"line":37,"column":0},"end":{"line":37,"column":30}},"28":{"start":{"line":38,"column":0},"end":{"line":38,"column":31}},"29":{"start":{"line":39,"column":0},"end":{"line":39,"column":18}},"30":{"start":{"line":40,"column":0},"end":{"line":40,"column":17}},"31":{"start":{"line":41,"column":0},"end":{"line":41,"column":9}},"32":{"start":{"line":42,"column":0},"end":{"line":42,"column":37}},"33":{"start":{"line":43,"column":0},"end":{"line":43,"column":68}},"34":{"start":{"line":44,"column":0},"end":{"line":44,"column":31}},"35":{"start":{"line":45,"column":0},"end":{"line":45,"column":59}},"36":{"start":{"line":47,"column":0},"end":{"line":47,"column":38}},"37":{"start":{"line":48,"column":0},"end":{"line":48,"column":21}},"38":{"start":{"line":49,"column":0},"end":{"line":49,"column":36}},"39":{"start":{"line":50,"column":0},"end":{"line":50,"column":27}},"40":{"start":{"line":51,"column":0},"end":{"line":51,"column":23}},"41":{"start":{"line":52,"column":0},"end":{"line":52,"column":20}},"42":{"start":{"line":53,"column":0},"end":{"line":53,"column":55}},"43":{"start":{"line":54,"column":0},"end":{"line":54,"column":12}},"44":{"start":{"line":55,"column":0},"end":{"line":55,"column":8}},"45":{"start":{"line":56,"column":0},"end":{"line":56,"column":43}},"46":{"start":{"line":57,"column":0},"end":{"line":57,"column":63}},"47":{"start":{"line":58,"column":0},"end":{"line":58,"column":74}},"48":{"start":{"line":59,"column":0},"end":{"line":59,"column":38}},"49":{"start":{"line":60,"column":0},"end":{"line":60,"column":34}},"50":{"start":{"line":61,"column":0},"end":{"line":61,"column":52}},"51":{"start":{"line":62,"column":0},"end":{"line":62,"column":137}},"52":{"start":{"line":63,"column":0},"end":{"line":63,"column":40}},"53":{"start":{"line":64,"column":0},"end":{"line":64,"column":26}},"54":{"start":{"line":65,"column":0},"end":{"line":65,"column":63}},"55":{"start":{"line":66,"column":0},"end":{"line":66,"column":14}},"56":{"start":{"line":67,"column":0},"end":{"line":67,"column":16}},"57":{"start":{"line":68,"column":0},"end":{"line":68,"column":40}},"58":{"start":{"line":69,"column":0},"end":{"line":69,"column":23}},"59":{"start":{"line":70,"column":0},"end":{"line":70,"column":13}},"60":{"start":{"line":71,"column":0},"end":{"line":71,"column":49}},"61":{"start":{"line":72,"column":0},"end":{"line":72,"column":23}},"62":{"start":{"line":73,"column":0},"end":{"line":73,"column":66}},"63":{"start":{"line":74,"column":0},"end":{"line":74,"column":20}},"64":{"start":{"line":75,"column":0},"end":{"line":75,"column":9}},"65":{"start":{"line":77,"column":0},"end":{"line":77,"column":28}},"66":{"start":{"line":78,"column":0},"end":{"line":78,"column":117}},"67":{"start":{"line":79,"column":0},"end":{"line":79,"column":26}},"68":{"start":{"line":80,"column":0},"end":{"line":80,"column":63}},"69":{"start":{"line":81,"column":0},"end":{"line":81,"column":14}},"70":{"start":{"line":82,"column":0},"end":{"line":82,"column":60}},"71":{"start":{"line":83,"column":0},"end":{"line":83,"column":16}},"72":{"start":{"line":84,"column":0},"end":{"line":84,"column":21}},"73":{"start":{"line":85,"column":0},"end":{"line":85,"column":47}},"74":{"start":{"line":86,"column":0},"end":{"line":86,"column":40}},"75":{"start":{"line":87,"column":0},"end":{"line":87,"column":34}},"76":{"start":{"line":88,"column":0},"end":{"line":88,"column":45}},"77":{"start":{"line":89,"column":0},"end":{"line":89,"column":8}},"78":{"start":{"line":91,"column":0},"end":{"line":91,"column":62}},"79":{"start":{"line":92,"column":0},"end":{"line":92,"column":30}},"80":{"start":{"line":93,"column":0},"end":{"line":93,"column":99}},"81":{"start":{"line":94,"column":0},"end":{"line":94,"column":39}},"82":{"start":{"line":95,"column":0},"end":{"line":95,"column":23}},"83":{"start":{"line":96,"column":0},"end":{"line":96,"column":21}},"84":{"start":{"line":97,"column":0},"end":{"line":97,"column":63}},"85":{"start":{"line":98,"column":0},"end":{"line":98,"column":85}},"86":{"start":{"line":99,"column":0},"end":{"line":99,"column":21}},"87":{"start":{"line":100,"column":0},"end":{"line":100,"column":5}},"88":{"start":{"line":101,"column":0},"end":{"line":101,"column":4}},"89":{"start":{"line":103,"column":0},"end":{"line":103,"column":29}},"90":{"start":{"line":104,"column":0},"end":{"line":104,"column":31}},"91":{"start":{"line":105,"column":0},"end":{"line":105,"column":11}},"92":{"start":{"line":106,"column":0},"end":{"line":106,"column":95}},"93":{"start":{"line":107,"column":0},"end":{"line":107,"column":14}},"94":{"start":{"line":108,"column":0},"end":{"line":108,"column":22}},"95":{"start":{"line":109,"column":0},"end":{"line":109,"column":28}},"96":{"start":{"line":110,"column":0},"end":{"line":110,"column":22}},"97":{"start":{"line":111,"column":0},"end":{"line":111,"column":64}},"98":{"start":{"line":112,"column":0},"end":{"line":112,"column":41}},"99":{"start":{"line":113,"column":0},"end":{"line":113,"column":160}},"100":{"start":{"line":114,"column":0},"end":{"line":114,"column":10}},"101":{"start":{"line":115,"column":0},"end":{"line":115,"column":12}},"102":{"start":{"line":116,"column":0},"end":{"line":116,"column":11}},"103":{"start":{"line":117,"column":0},"end":{"line":117,"column":93}},"104":{"start":{"line":118,"column":0},"end":{"line":118,"column":100}},"105":{"start":{"line":119,"column":0},"end":{"line":119,"column":62}},"106":{"start":{"line":120,"column":0},"end":{"line":120,"column":16}},"107":{"start":{"line":121,"column":0},"end":{"line":121,"column":26}},"108":{"start":{"line":122,"column":0},"end":{"line":122,"column":30}},"109":{"start":{"line":123,"column":0},"end":{"line":123,"column":30}},"110":{"start":{"line":124,"column":0},"end":{"line":124,"column":26}},"111":{"start":{"line":125,"column":0},"end":{"line":125,"column":108}},"112":{"start":{"line":126,"column":0},"end":{"line":126,"column":31}},"113":{"start":{"line":127,"column":0},"end":{"line":127,"column":115}},"114":{"start":{"line":128,"column":0},"end":{"line":128,"column":12}},"115":{"start":{"line":129,"column":0},"end":{"line":129,"column":14}},"116":{"start":{"line":130,"column":0},"end":{"line":130,"column":12}},"117":{"start":{"line":131,"column":0},"end":{"line":131,"column":106}},"118":{"start":{"line":133,"column":0},"end":{"line":133,"column":15}},"119":{"start":{"line":134,"column":0},"end":{"line":134,"column":10}},"120":{"start":{"line":137,"column":0},"end":{"line":137,"column":29}},"121":{"start":{"line":138,"column":0},"end":{"line":138,"column":9}},"122":{"start":{"line":139,"column":0},"end":{"line":139,"column":111}},"123":{"start":{"line":140,"column":0},"end":{"line":140,"column":46}},"124":{"start":{"line":141,"column":0},"end":{"line":141,"column":31}},"125":{"start":{"line":142,"column":0},"end":{"line":142,"column":17}},"126":{"start":{"line":143,"column":0},"end":{"line":143,"column":22}},"127":{"start":{"line":144,"column":0},"end":{"line":144,"column":42}},"128":{"start":{"line":145,"column":0},"end":{"line":145,"column":41}},"129":{"start":{"line":146,"column":0},"end":{"line":146,"column":76}},"130":{"start":{"line":147,"column":0},"end":{"line":147,"column":108}},"131":{"start":{"line":148,"column":0},"end":{"line":148,"column":15}},"132":{"start":{"line":150,"column":0},"end":{"line":150,"column":18}},"133":{"start":{"line":151,"column":0},"end":{"line":151,"column":19}},"134":{"start":{"line":152,"column":0},"end":{"line":152,"column":11}},"135":{"start":{"line":153,"column":0},"end":{"line":153,"column":12}},"136":{"start":{"line":154,"column":0},"end":{"line":154,"column":39}},"137":{"start":{"line":155,"column":0},"end":{"line":155,"column":83}},"138":{"start":{"line":157,"column":0},"end":{"line":157,"column":17}},"139":{"start":{"line":158,"column":0},"end":{"line":158,"column":81}},"140":{"start":{"line":160,"column":0},"end":{"line":160,"column":17}},"141":{"start":{"line":161,"column":0},"end":{"line":161,"column":12}},"142":{"start":{"line":162,"column":0},"end":{"line":162,"column":10}},"143":{"start":{"line":165,"column":0},"end":{"line":165,"column":29}},"144":{"start":{"line":166,"column":0},"end":{"line":166,"column":31}},"145":{"start":{"line":167,"column":0},"end":{"line":167,"column":42}},"146":{"start":{"line":168,"column":0},"end":{"line":168,"column":43}},"147":{"start":{"line":169,"column":0},"end":{"line":169,"column":47}},"148":{"start":{"line":170,"column":0},"end":{"line":170,"column":83}},"149":{"start":{"line":171,"column":0},"end":{"line":171,"column":12}},"150":{"start":{"line":172,"column":0},"end":{"line":172,"column":61}},"151":{"start":{"line":173,"column":0},"end":{"line":173,"column":48}},"152":{"start":{"line":174,"column":0},"end":{"line":174,"column":26}},"153":{"start":{"line":175,"column":0},"end":{"line":175,"column":78}},"154":{"start":{"line":176,"column":0},"end":{"line":176,"column":16}},"155":{"start":{"line":177,"column":0},"end":{"line":177,"column":48}},"156":{"start":{"line":178,"column":0},"end":{"line":178,"column":25}},"157":{"start":{"line":179,"column":0},"end":{"line":179,"column":35}},"158":{"start":{"line":180,"column":0},"end":{"line":180,"column":16}},"159":{"start":{"line":181,"column":0},"end":{"line":181,"column":48}},"160":{"start":{"line":182,"column":0},"end":{"line":182,"column":29}},"161":{"start":{"line":183,"column":0},"end":{"line":183,"column":53}},"162":{"start":{"line":184,"column":0},"end":{"line":184,"column":16}},"163":{"start":{"line":185,"column":0},"end":{"line":185,"column":13}},"164":{"start":{"line":186,"column":0},"end":{"line":186,"column":80}},"165":{"start":{"line":187,"column":0},"end":{"line":187,"column":52}},"166":{"start":{"line":188,"column":0},"end":{"line":188,"column":55}},"167":{"start":{"line":189,"column":0},"end":{"line":189,"column":14}},"168":{"start":{"line":190,"column":0},"end":{"line":190,"column":18}},"169":{"start":{"line":192,"column":0},"end":{"line":192,"column":80}},"170":{"start":{"line":194,"column":0},"end":{"line":194,"column":34}},"171":{"start":{"line":195,"column":0},"end":{"line":195,"column":99}},"172":{"start":{"line":197,"column":0},"end":{"line":197,"column":17}},"173":{"start":{"line":198,"column":0},"end":{"line":198,"column":15}},"174":{"start":{"line":199,"column":0},"end":{"line":199,"column":27}},"175":{"start":{"line":200,"column":0},"end":{"line":200,"column":19}},"176":{"start":{"line":201,"column":0},"end":{"line":201,"column":19}},"177":{"start":{"line":202,"column":0},"end":{"line":202,"column":24}},"178":{"start":{"line":203,"column":0},"end":{"line":203,"column":25}},"179":{"start":{"line":204,"column":0},"end":{"line":204,"column":26}},"180":{"start":{"line":206,"column":0},"end":{"line":206,"column":49}},"181":{"start":{"line":207,"column":0},"end":{"line":207,"column":17}},"182":{"start":{"line":208,"column":0},"end":{"line":208,"column":12}},"183":{"start":{"line":209,"column":0},"end":{"line":209,"column":10}},"184":{"start":{"line":212,"column":0},"end":{"line":212,"column":10}},"185":{"start":{"line":213,"column":0},"end":{"line":213,"column":83}},"186":{"start":{"line":214,"column":0},"end":{"line":214,"column":8}},"187":{"start":{"line":215,"column":0},"end":{"line":215,"column":122}},"188":{"start":{"line":216,"column":0},"end":{"line":216,"column":23}},"189":{"start":{"line":217,"column":0},"end":{"line":217,"column":25}},"190":{"start":{"line":219,"column":0},"end":{"line":219,"column":10}},"191":{"start":{"line":220,"column":0},"end":{"line":220,"column":21}},"192":{"start":{"line":221,"column":0},"end":{"line":221,"column":25}},"193":{"start":{"line":222,"column":0},"end":{"line":222,"column":34}},"194":{"start":{"line":223,"column":0},"end":{"line":223,"column":158}},"195":{"start":{"line":224,"column":0},"end":{"line":224,"column":44}},"196":{"start":{"line":226,"column":0},"end":{"line":226,"column":64}},"197":{"start":{"line":227,"column":0},"end":{"line":227,"column":15}},"198":{"start":{"line":228,"column":0},"end":{"line":228,"column":105}},"199":{"start":{"line":229,"column":0},"end":{"line":229,"column":78}},"200":{"start":{"line":230,"column":0},"end":{"line":230,"column":16}},"201":{"start":{"line":231,"column":0},"end":{"line":231,"column":17}},"202":{"start":{"line":232,"column":0},"end":{"line":232,"column":29}},"203":{"start":{"line":233,"column":0},"end":{"line":233,"column":50}},"204":{"start":{"line":234,"column":0},"end":{"line":234,"column":62}},"205":{"start":{"line":235,"column":0},"end":{"line":235,"column":11}},"206":{"start":{"line":237,"column":0},"end":{"line":237,"column":19}},"207":{"start":{"line":238,"column":0},"end":{"line":238,"column":14}},"208":{"start":{"line":240,"column":0},"end":{"line":240,"column":70}},"209":{"start":{"line":241,"column":0},"end":{"line":241,"column":14}},"210":{"start":{"line":242,"column":0},"end":{"line":242,"column":57}},"211":{"start":{"line":243,"column":0},"end":{"line":243,"column":53}},"212":{"start":{"line":244,"column":0},"end":{"line":244,"column":12}},"213":{"start":{"line":245,"column":0},"end":{"line":245,"column":14}},"214":{"start":{"line":247,"column":0},"end":{"line":247,"column":37}},"215":{"start":{"line":248,"column":0},"end":{"line":248,"column":37}},"216":{"start":{"line":249,"column":0},"end":{"line":249,"column":37}},"217":{"start":{"line":250,"column":0},"end":{"line":250,"column":12}},"218":{"start":{"line":251,"column":0},"end":{"line":251,"column":10}},"219":{"start":{"line":252,"column":0},"end":{"line":252,"column":16}},"220":{"start":{"line":254,"column":0},"end":{"line":254,"column":1}}},"s":{"0":2,"1":2,"2":2,"3":2,"4":2,"5":2,"6":2,"7":2,"8":2,"9":2,"10":2,"11":2,"12":0,"13":0,"14":0,"15":0,"16":0,"17":0,"18":0,"19":0,"20":0,"21":0,"22":0,"23":0,"24":0,"25":0,"26":0,"27":0,"28":0,"29":0,"30":0,"31":0,"32":0,"33":0,"34":0,"35":0,"36":0,"37":0,"38":0,"39":0,"40":0,"41":0,"42":0,"43":0,"44":0,"45":0,"46":0,"47":0,"48":0,"49":0,"50":0,"51":0,"52":0,"53":0,"54":0,"55":0,"56":0,"57":0,"58":0,"59":0,"60":0,"61":0,"62":0,"63":0,"64":0,"65":0,"66":0,"67":0,"68":0,"69":0,"70":0,"71":0,"72":0,"73":0,"74":0,"75":0,"76":0,"77":0,"78":0,"79":0,"80":0,"81":0,"82":0,"83":0,"84":0,"85":0,"86":0,"87":0,"88":0,"89":0,"90":0,"91":0,"92":0,"93":0,"94":0,"95":0,"96":0,"97":0,"98":0,"99":0,"100":0,"101":0,"102":0,"103":0,"104":0,"105":0,"106":0,"107":0,"108":0,"109":0,"110":0,"111":0,"112":0,"113":0,"114":0,"115":0,"116":0,"117":0,"118":0,"119":0,"120":0,"121":0,"122":0,"123":0,"124":0,"125":0,"126":0,"127":0,"128":0,"129":0,"130":0,"131":0,"132":0,"133":0,"134":0,"135":0,"136":0,"137":0,"138":0,"139":0,"140":0,"141":0,"142":0,"143":0,"144":0,"145":0,"146":0,"147":0,"148":0,"149":0,"150":0,"151":0,"152":0,"153":0,"154":0,"155":0,"156":0,"157":0,"158":0,"159":0,"160":0,"161":0,"162":0,"163":0,"164":0,"165":0,"166":0,"167":0,"168":0,"169":0,"170":0,"171":0,"172":0,"173":0,"174":0,"175":0,"176":0,"177":0,"178":0,"179":0,"180":0,"181":0,"182":0,"183":0,"184":0,"185":0,"186":0,"187":0,"188":0,"189":0,"190":0,"191":0,"192":0,"193":0,"194":0,"195":0,"196":0,"197":0,"198":0,"199":0,"200":0,"201":0,"202":0,"203":0,"204":0,"205":0,"206":0,"207":0,"208":0,"209":0,"210":0,"211":0,"212":0,"213":0,"214":0,"215":0,"216":0,"217":0,"218":0,"219":0,"220":0},"branchMap":{},"b":{},"fnMap":{"0":{"name":"CreateTokenModal","decl":{"start":{"line":20,"column":0},"end":{"line":254,"column":1}},"loc":{"start":{"line":20,"column":0},"end":{"line":254,"column":1}},"line":20}},"f":{"0":0}}
,"/Users/cmd/workspace/hermes-launchpad/src/components/CreatorDashboard.tsx": {"path":"/Users/cmd/workspace/hermes-launchpad/src/components/CreatorDashboard.tsx","all":true,"statementMap":{"0":{"start":{"line":1,"column":0},"end":{"line":1,"column":57}},"1":{"start":{"line":2,"column":0},"end":{"line":2,"column":47}},"2":{"start":{"line":3,"column":0},"end":{"line":3,"column":37}},"3":{"start":{"line":4,"column":0},"end":{"line":4,"column":45}},"4":{"start":{"line":5,"column":0},"end":{"line":5,"column":45}},"5":{"start":{"line":6,"column":0},"end":{"line":6,"column":38}},"52":{"start":{"line":53,"column":0},"end":{"line":53,"column":34}},"53":{"start":{"line":54,"column":0},"end":{"line":54,"column":56}},"55":{"start":{"line":56,"column":0},"end":{"line":56,"column":43}},"56":{"start":{"line":57,"column":0},"end":{"line":57,"column":52}},"57":{"start":{"line":58,"column":0},"end":{"line":58,"column":39}},"58":{"start":{"line":59,"column":0},"end":{"line":59,"column":37}},"59":{"start":{"line":60,"column":0},"end":{"line":60,"column":39}},"60":{"start":{"line":61,"column":0},"end":{"line":61,"column":36}},"61":{"start":{"line":62,"column":0},"end":{"line":62,"column":37}},"62":{"start":{"line":63,"column":0},"end":{"line":63,"column":40}},"63":{"start":{"line":64,"column":0},"end":{"line":64,"column":2}},"67":{"start":{"line":68,"column":0},"end":{"line":68,"column":65}},"68":{"start":{"line":69,"column":0},"end":{"line":69,"column":10}},"69":{"start":{"line":70,"column":0},"end":{"line":70,"column":59}},"70":{"start":{"line":71,"column":0},"end":{"line":71,"column":11}},"71":{"start":{"line":72,"column":0},"end":{"line":72,"column":96}},"72":{"start":{"line":73,"column":0},"end":{"line":73,"column":27}},"73":{"start":{"line":74,"column":0},"end":{"line":74,"column":92}},"74":{"start":{"line":75,"column":0},"end":{"line":75,"column":8}},"75":{"start":{"line":76,"column":0},"end":{"line":76,"column":11}},"76":{"start":{"line":77,"column":0},"end":{"line":77,"column":43}},"77":{"start":{"line":78,"column":0},"end":{"line":78,"column":28}},"78":{"start":{"line":79,"column":0},"end":{"line":79,"column":94}},"79":{"start":{"line":80,"column":0},"end":{"line":80,"column":8}},"80":{"start":{"line":81,"column":0},"end":{"line":81,"column":11}},"81":{"start":{"line":82,"column":0},"end":{"line":82,"column":50}},"82":{"start":{"line":83,"column":0},"end":{"line":83,"column":23}},"83":{"start":{"line":84,"column":0},"end":{"line":84,"column":94}},"84":{"start":{"line":85,"column":0},"end":{"line":85,"column":8}},"85":{"start":{"line":86,"column":0},"end":{"line":86,"column":11}},"86":{"start":{"line":87,"column":0},"end":{"line":87,"column":43}},"87":{"start":{"line":88,"column":0},"end":{"line":88,"column":26}},"88":{"start":{"line":89,"column":0},"end":{"line":89,"column":100}},"89":{"start":{"line":90,"column":0},"end":{"line":90,"column":8}},"90":{"start":{"line":91,"column":0},"end":{"line":91,"column":10}},"92":{"start":{"line":93,"column":0},"end":{"line":93,"column":1}},"94":{"start":{"line":95,"column":0},"end":{"line":95,"column":80}},"95":{"start":{"line":96,"column":0},"end":{"line":96,"column":16}},"96":{"start":{"line":97,"column":0},"end":{"line":97,"column":12}},"97":{"start":{"line":98,"column":0},"end":{"line":98,"column":33}},"98":{"start":{"line":99,"column":0},"end":{"line":99,"column":50}},"99":{"start":{"line":100,"column":0},"end":{"line":100,"column":53}},"100":{"start":{"line":101,"column":0},"end":{"line":101,"column":11}},"101":{"start":{"line":102,"column":0},"end":{"line":102,"column":12}},"103":{"start":{"line":104,"column":0},"end":{"line":104,"column":3}},"105":{"start":{"line":106,"column":0},"end":{"line":106,"column":28}},"106":{"start":{"line":107,"column":0},"end":{"line":107,"column":12}},"107":{"start":{"line":108,"column":0},"end":{"line":108,"column":83}},"109":{"start":{"line":110,"column":0},"end":{"line":110,"column":12}},"111":{"start":{"line":112,"column":0},"end":{"line":112,"column":3}},"113":{"start":{"line":114,"column":0},"end":{"line":114,"column":10}},"114":{"start":{"line":115,"column":0},"end":{"line":115,"column":71}},"115":{"start":{"line":116,"column":0},"end":{"line":116,"column":30}},"116":{"start":{"line":117,"column":0},"end":{"line":117,"column":12}},"117":{"start":{"line":118,"column":0},"end":{"line":118,"column":24}},"118":{"start":{"line":119,"column":0},"end":{"line":119,"column":140}},"120":{"start":{"line":121,"column":0},"end":{"line":121,"column":15}},"121":{"start":{"line":122,"column":0},"end":{"line":122,"column":74}},"122":{"start":{"line":123,"column":0},"end":{"line":123,"column":58}},"123":{"start":{"line":124,"column":0},"end":{"line":124,"column":15}},"124":{"start":{"line":125,"column":0},"end":{"line":125,"column":12}},"125":{"start":{"line":126,"column":0},"end":{"line":126,"column":90}},"126":{"start":{"line":127,"column":0},"end":{"line":127,"column":15}},"127":{"start":{"line":128,"column":0},"end":{"line":128,"column":92}},"129":{"start":{"line":130,"column":0},"end":{"line":130,"column":51}},"130":{"start":{"line":131,"column":0},"end":{"line":131,"column":17}},"131":{"start":{"line":132,"column":0},"end":{"line":132,"column":97}},"132":{"start":{"line":133,"column":0},"end":{"line":133,"column":88}},"133":{"start":{"line":134,"column":0},"end":{"line":134,"column":14}},"134":{"start":{"line":135,"column":0},"end":{"line":135,"column":9}},"135":{"start":{"line":136,"column":0},"end":{"line":136,"column":10}},"137":{"start":{"line":138,"column":0},"end":{"line":138,"column":1}},"139":{"start":{"line":140,"column":0},"end":{"line":140,"column":71}},"140":{"start":{"line":141,"column":0},"end":{"line":141,"column":10}},"141":{"start":{"line":142,"column":0},"end":{"line":142,"column":31}},"142":{"start":{"line":143,"column":0},"end":{"line":143,"column":32}},"143":{"start":{"line":144,"column":0},"end":{"line":144,"column":54}},"144":{"start":{"line":145,"column":0},"end":{"line":145,"column":69}},"145":{"start":{"line":146,"column":0},"end":{"line":146,"column":65}},"146":{"start":{"line":147,"column":0},"end":{"line":147,"column":54}},"147":{"start":{"line":148,"column":0},"end":{"line":148,"column":63}},"148":{"start":{"line":149,"column":0},"end":{"line":149,"column":19}},"149":{"start":{"line":150,"column":0},"end":{"line":150,"column":16}},"150":{"start":{"line":151,"column":0},"end":{"line":151,"column":79}},"151":{"start":{"line":152,"column":0},"end":{"line":152,"column":16}},"152":{"start":{"line":153,"column":0},"end":{"line":153,"column":134}},"153":{"start":{"line":154,"column":0},"end":{"line":154,"column":62}},"154":{"start":{"line":155,"column":0},"end":{"line":155,"column":14}},"155":{"start":{"line":156,"column":0},"end":{"line":156,"column":16}},"156":{"start":{"line":157,"column":0},"end":{"line":157,"column":14}},"157":{"start":{"line":158,"column":0},"end":{"line":158,"column":9}},"158":{"start":{"line":159,"column":0},"end":{"line":159,"column":10}},"160":{"start":{"line":161,"column":0},"end":{"line":161,"column":1}},"162":{"start":{"line":163,"column":0},"end":{"line":163,"column":25}},"163":{"start":{"line":164,"column":0},"end":{"line":164,"column":11}},"164":{"start":{"line":165,"column":0},"end":{"line":165,"column":11}},"165":{"start":{"line":166,"column":0},"end":{"line":166,"column":9}},"166":{"start":{"line":167,"column":0},"end":{"line":167,"column":4}},"170":{"start":{"line":171,"column":0},"end":{"line":171,"column":4}},"171":{"start":{"line":172,"column":0},"end":{"line":172,"column":64}},"173":{"start":{"line":174,"column":0},"end":{"line":174,"column":30}},"174":{"start":{"line":175,"column":0},"end":{"line":175,"column":12}},"175":{"start":{"line":176,"column":0},"end":{"line":176,"column":83}},"177":{"start":{"line":178,"column":0},"end":{"line":178,"column":12}},"179":{"start":{"line":180,"column":0},"end":{"line":180,"column":3}},"181":{"start":{"line":182,"column":0},"end":{"line":182,"column":10}},"182":{"start":{"line":183,"column":0},"end":{"line":183,"column":71}},"183":{"start":{"line":184,"column":0},"end":{"line":184,"column":30}},"184":{"start":{"line":185,"column":0},"end":{"line":185,"column":12}},"185":{"start":{"line":186,"column":0},"end":{"line":186,"column":22}},"186":{"start":{"line":187,"column":0},"end":{"line":187,"column":70}},"187":{"start":{"line":188,"column":0},"end":{"line":188,"column":23}},"188":{"start":{"line":189,"column":0},"end":{"line":189,"column":42}},"189":{"start":{"line":190,"column":0},"end":{"line":190,"column":49}},"190":{"start":{"line":191,"column":0},"end":{"line":191,"column":13}},"192":{"start":{"line":193,"column":0},"end":{"line":193,"column":66}},"193":{"start":{"line":194,"column":0},"end":{"line":194,"column":44}},"194":{"start":{"line":195,"column":0},"end":{"line":195,"column":62}},"195":{"start":{"line":196,"column":0},"end":{"line":196,"column":70}},"196":{"start":{"line":197,"column":0},"end":{"line":197,"column":43}},"197":{"start":{"line":198,"column":0},"end":{"line":198,"column":23}},"198":{"start":{"line":199,"column":0},"end":{"line":199,"column":86}},"199":{"start":{"line":200,"column":0},"end":{"line":200,"column":33}},"200":{"start":{"line":201,"column":0},"end":{"line":201,"column":106}},"202":{"start":{"line":203,"column":0},"end":{"line":203,"column":25}},"204":{"start":{"line":205,"column":0},"end":{"line":205,"column":20}},"205":{"start":{"line":206,"column":0},"end":{"line":206,"column":96}},"206":{"start":{"line":207,"column":0},"end":{"line":207,"column":29}},"207":{"start":{"line":208,"column":0},"end":{"line":208,"column":18}},"208":{"start":{"line":209,"column":0},"end":{"line":209,"column":18}},"209":{"start":{"line":210,"column":0},"end":{"line":210,"column":19}},"210":{"start":{"line":211,"column":0},"end":{"line":211,"column":78}},"211":{"start":{"line":212,"column":0},"end":{"line":212,"column":103}},"213":{"start":{"line":214,"column":0},"end":{"line":214,"column":53}},"214":{"start":{"line":215,"column":0},"end":{"line":215,"column":21}},"215":{"start":{"line":216,"column":0},"end":{"line":216,"column":16}},"216":{"start":{"line":217,"column":0},"end":{"line":217,"column":35}},"217":{"start":{"line":218,"column":0},"end":{"line":218,"column":87}},"218":{"start":{"line":219,"column":0},"end":{"line":219,"column":21}},"219":{"start":{"line":220,"column":0},"end":{"line":220,"column":48}},"220":{"start":{"line":221,"column":0},"end":{"line":221,"column":123}},"221":{"start":{"line":222,"column":0},"end":{"line":222,"column":15}},"223":{"start":{"line":224,"column":0},"end":{"line":224,"column":23}},"224":{"start":{"line":225,"column":0},"end":{"line":225,"column":21}},"225":{"start":{"line":226,"column":0},"end":{"line":226,"column":50}},"226":{"start":{"line":227,"column":0},"end":{"line":227,"column":128}},"227":{"start":{"line":228,"column":0},"end":{"line":228,"column":15}},"229":{"start":{"line":230,"column":0},"end":{"line":230,"column":23}},"230":{"start":{"line":231,"column":0},"end":{"line":231,"column":18}},"232":{"start":{"line":233,"column":0},"end":{"line":233,"column":14}},"233":{"start":{"line":234,"column":0},"end":{"line":234,"column":9}},"234":{"start":{"line":235,"column":0},"end":{"line":235,"column":10}},"236":{"start":{"line":237,"column":0},"end":{"line":237,"column":1}},"240":{"start":{"line":241,"column":0},"end":{"line":241,"column":86}},"241":{"start":{"line":242,"column":0},"end":{"line":242,"column":74}},"242":{"start":{"line":243,"column":0},"end":{"line":243,"column":52}},"243":{"start":{"line":244,"column":0},"end":{"line":244,"column":73}},"244":{"start":{"line":245,"column":0},"end":{"line":245,"column":70}},"245":{"start":{"line":246,"column":0},"end":{"line":246,"column":47}},"246":{"start":{"line":247,"column":0},"end":{"line":247,"column":58}},"247":{"start":{"line":248,"column":0},"end":{"line":248,"column":52}},"250":{"start":{"line":251,"column":0},"end":{"line":251,"column":19}},"251":{"start":{"line":252,"column":0},"end":{"line":252,"column":26}},"253":{"start":{"line":254,"column":0},"end":{"line":254,"column":27}},"254":{"start":{"line":255,"column":0},"end":{"line":255,"column":23}},"255":{"start":{"line":256,"column":0},"end":{"line":256,"column":21}},"256":{"start":{"line":257,"column":0},"end":{"line":257,"column":11}},"257":{"start":{"line":258,"column":0},"end":{"line":258,"column":88}},"258":{"start":{"line":259,"column":0},"end":{"line":259,"column":59}},"259":{"start":{"line":260,"column":0},"end":{"line":260,"column":38}},"260":{"start":{"line":261,"column":0},"end":{"line":261,"column":30}},"262":{"start":{"line":263,"column":0},"end":{"line":263,"column":22}},"263":{"start":{"line":264,"column":0},"end":{"line":264,"column":18}},"264":{"start":{"line":265,"column":0},"end":{"line":265,"column":33}},"265":{"start":{"line":266,"column":0},"end":{"line":266,"column":51}},"266":{"start":{"line":267,"column":0},"end":{"line":267,"column":41}},"267":{"start":{"line":268,"column":0},"end":{"line":268,"column":53}},"268":{"start":{"line":269,"column":0},"end":{"line":269,"column":37}},"269":{"start":{"line":270,"column":0},"end":{"line":270,"column":53}},"270":{"start":{"line":271,"column":0},"end":{"line":271,"column":41}},"271":{"start":{"line":272,"column":0},"end":{"line":272,"column":59}},"272":{"start":{"line":273,"column":0},"end":{"line":273,"column":11}},"273":{"start":{"line":274,"column":0},"end":{"line":274,"column":37}},"274":{"start":{"line":275,"column":0},"end":{"line":275,"column":56}},"275":{"start":{"line":276,"column":0},"end":{"line":276,"column":49}},"276":{"start":{"line":277,"column":0},"end":{"line":277,"column":21}},"277":{"start":{"line":278,"column":0},"end":{"line":278,"column":30}},"278":{"start":{"line":279,"column":0},"end":{"line":279,"column":82}},"279":{"start":{"line":280,"column":0},"end":{"line":280,"column":22}},"280":{"start":{"line":281,"column":0},"end":{"line":281,"column":18}},"281":{"start":{"line":282,"column":0},"end":{"line":282,"column":24}},"282":{"start":{"line":283,"column":0},"end":{"line":283,"column":31}},"283":{"start":{"line":284,"column":0},"end":{"line":284,"column":27}},"284":{"start":{"line":285,"column":0},"end":{"line":285,"column":31}},"285":{"start":{"line":286,"column":0},"end":{"line":286,"column":23}},"286":{"start":{"line":287,"column":0},"end":{"line":287,"column":31}},"287":{"start":{"line":288,"column":0},"end":{"line":288,"column":28}},"288":{"start":{"line":289,"column":0},"end":{"line":289,"column":35}},"289":{"start":{"line":290,"column":0},"end":{"line":290,"column":11}},"290":{"start":{"line":291,"column":0},"end":{"line":291,"column":22}},"291":{"start":{"line":292,"column":0},"end":{"line":292,"column":29}},"292":{"start":{"line":293,"column":0},"end":{"line":293,"column":28}},"293":{"start":{"line":294,"column":0},"end":{"line":294,"column":17}},"294":{"start":{"line":295,"column":0},"end":{"line":295,"column":42}},"295":{"start":{"line":296,"column":0},"end":{"line":296,"column":7}},"296":{"start":{"line":297,"column":0},"end":{"line":297,"column":5}},"298":{"start":{"line":299,"column":0},"end":{"line":299,"column":11}},"299":{"start":{"line":300,"column":0},"end":{"line":300,"column":18}},"300":{"start":{"line":301,"column":0},"end":{"line":301,"column":23}},"301":{"start":{"line":302,"column":0},"end":{"line":302,"column":6}},"302":{"start":{"line":303,"column":0},"end":{"line":303,"column":16}},"305":{"start":{"line":306,"column":0},"end":{"line":306,"column":59}},"306":{"start":{"line":307,"column":0},"end":{"line":307,"column":63}},"307":{"start":{"line":308,"column":0},"end":{"line":308,"column":9}},"309":{"start":{"line":310,"column":0},"end":{"line":310,"column":64}},"310":{"start":{"line":311,"column":0},"end":{"line":311,"column":29}},"311":{"start":{"line":312,"column":0},"end":{"line":312,"column":21}},"312":{"start":{"line":313,"column":0},"end":{"line":313,"column":63}},"313":{"start":{"line":314,"column":0},"end":{"line":314,"column":7}},"314":{"start":{"line":315,"column":0},"end":{"line":315,"column":6}},"315":{"start":{"line":316,"column":0},"end":{"line":316,"column":9}},"318":{"start":{"line":319,"column":0},"end":{"line":319,"column":49}},"319":{"start":{"line":320,"column":0},"end":{"line":320,"column":23}},"320":{"start":{"line":321,"column":0},"end":{"line":321,"column":9}},"321":{"start":{"line":322,"column":0},"end":{"line":322,"column":47}},"322":{"start":{"line":323,"column":0},"end":{"line":323,"column":23}},"323":{"start":{"line":324,"column":0},"end":{"line":324,"column":56}},"324":{"start":{"line":325,"column":0},"end":{"line":325,"column":50}},"325":{"start":{"line":326,"column":0},"end":{"line":326,"column":9}},"326":{"start":{"line":327,"column":0},"end":{"line":327,"column":57}},"328":{"start":{"line":329,"column":0},"end":{"line":329,"column":13}},"330":{"start":{"line":331,"column":0},"end":{"line":331,"column":15}},"331":{"start":{"line":332,"column":0},"end":{"line":332,"column":26}},"332":{"start":{"line":333,"column":0},"end":{"line":333,"column":5}},"333":{"start":{"line":334,"column":0},"end":{"line":334,"column":24}},"335":{"start":{"line":336,"column":0},"end":{"line":336,"column":28}},"336":{"start":{"line":337,"column":0},"end":{"line":337,"column":12}},"337":{"start":{"line":338,"column":0},"end":{"line":338,"column":31}},"338":{"start":{"line":339,"column":0},"end":{"line":339,"column":37}},"339":{"start":{"line":340,"column":0},"end":{"line":340,"column":85}},"340":{"start":{"line":341,"column":0},"end":{"line":341,"column":63}},"341":{"start":{"line":342,"column":0},"end":{"line":342,"column":14}},"342":{"start":{"line":343,"column":0},"end":{"line":343,"column":16}},"344":{"start":{"line":345,"column":0},"end":{"line":345,"column":3}},"346":{"start":{"line":347,"column":0},"end":{"line":347,"column":10}},"347":{"start":{"line":348,"column":0},"end":{"line":348,"column":31}},"349":{"start":{"line":350,"column":0},"end":{"line":350,"column":57}},"350":{"start":{"line":351,"column":0},"end":{"line":351,"column":13}},"351":{"start":{"line":352,"column":0},"end":{"line":352,"column":78}},"352":{"start":{"line":353,"column":0},"end":{"line":353,"column":57}},"353":{"start":{"line":354,"column":0},"end":{"line":354,"column":77}},"354":{"start":{"line":355,"column":0},"end":{"line":355,"column":14}},"355":{"start":{"line":356,"column":0},"end":{"line":356,"column":14}},"356":{"start":{"line":357,"column":0},"end":{"line":357,"column":15}},"357":{"start":{"line":358,"column":0},"end":{"line":358,"column":27}},"358":{"start":{"line":359,"column":0},"end":{"line":359,"column":19}},"359":{"start":{"line":360,"column":0},"end":{"line":360,"column":29}},"360":{"start":{"line":361,"column":0},"end":{"line":361,"column":33}},"361":{"start":{"line":362,"column":0},"end":{"line":362,"column":9}},"363":{"start":{"line":364,"column":0},"end":{"line":364,"column":17}},"364":{"start":{"line":365,"column":0},"end":{"line":365,"column":12}},"367":{"start":{"line":368,"column":0},"end":{"line":368,"column":31}},"368":{"start":{"line":369,"column":0},"end":{"line":369,"column":83}},"369":{"start":{"line":370,"column":0},"end":{"line":370,"column":34}},"370":{"start":{"line":371,"column":0},"end":{"line":371,"column":65}},"371":{"start":{"line":372,"column":0},"end":{"line":372,"column":54}},"372":{"start":{"line":373,"column":0},"end":{"line":373,"column":58}},"373":{"start":{"line":374,"column":0},"end":{"line":374,"column":15}},"374":{"start":{"line":375,"column":0},"end":{"line":375,"column":16}},"376":{"start":{"line":377,"column":0},"end":{"line":377,"column":44}},"378":{"start":{"line":379,"column":0},"end":{"line":379,"column":16}},"381":{"start":{"line":382,"column":0},"end":{"line":382,"column":49}},"383":{"start":{"line":384,"column":0},"end":{"line":384,"column":33}},"384":{"start":{"line":385,"column":0},"end":{"line":385,"column":78}},"385":{"start":{"line":386,"column":0},"end":{"line":386,"column":57}},"386":{"start":{"line":387,"column":0},"end":{"line":387,"column":18}},"389":{"start":{"line":390,"column":0},"end":{"line":390,"column":33}},"390":{"start":{"line":391,"column":0},"end":{"line":391,"column":87}},"391":{"start":{"line":392,"column":0},"end":{"line":392,"column":22}},"392":{"start":{"line":393,"column":0},"end":{"line":393,"column":39}},"393":{"start":{"line":394,"column":0},"end":{"line":394,"column":56}},"394":{"start":{"line":395,"column":0},"end":{"line":395,"column":59}},"395":{"start":{"line":396,"column":0},"end":{"line":396,"column":17}},"396":{"start":{"line":397,"column":0},"end":{"line":397,"column":18}},"398":{"start":{"line":399,"column":0},"end":{"line":399,"column":58}},"400":{"start":{"line":401,"column":0},"end":{"line":401,"column":18}},"401":{"start":{"line":402,"column":0},"end":{"line":402,"column":12}},"404":{"start":{"line":405,"column":0},"end":{"line":405,"column":31}},"405":{"start":{"line":406,"column":0},"end":{"line":406,"column":64}},"406":{"start":{"line":407,"column":0},"end":{"line":407,"column":78}},"407":{"start":{"line":408,"column":0},"end":{"line":408,"column":64}},"408":{"start":{"line":409,"column":0},"end
[...]
,"209":{"start":{"line":210,"column":0},"end":{"line":210,"column":29}},"210":{"start":{"line":211,"column":0},"end":{"line":211,"column":24}},"211":{"start":{"line":212,"column":0},"end":{"line":212,"column":76}},"212":{"start":{"line":213,"column":0},"end":{"line":213,"column":56}},"213":{"start":{"line":214,"column":0},"end":{"line":214,"column":25}},"214":{"start":{"line":215,"column":0},"end":{"line":215,"column":93}},"215":{"start":{"line":216,"column":0},"end":{"line":216,"column":88}},"216":{"start":{"line":217,"column":0},"end":{"line":217,"column":22}},"217":{"start":{"line":218,"column":0},"end":{"line":218,"column":17}},"218":{"start":{"line":219,"column":0},"end":{"line":219,"column":18}},"219":{"start":{"line":220,"column":0},"end":{"line":220,"column":16}},"223":{"start":{"line":224,"column":0},"end":{"line":224,"column":134}},"224":{"start":{"line":225,"column":0},"end":{"line":225,"column":66}},"225":{"start":{"line":226,"column":0},"end":{"line":226,"column":93}},"227":{"start":{"line":228,"column":0},"end":{"line":228,"column":17}},"228":{"start":{"line":229,"column":0},"end":{"line":229,"column":16}},"230":{"start":{"line":231,"column":0},"end":{"line":231,"column":44}},"231":{"start":{"line":232,"column":0},"end":{"line":232,"column":101}},"232":{"start":{"line":233,"column":0},"end":{"line":233,"column":73}},"233":{"start":{"line":234,"column":0},"end":{"line":234,"column":77}},"234":{"start":{"line":235,"column":0},"end":{"line":235,"column":87}},"235":{"start":{"line":236,"column":0},"end":{"line":236,"column":16}},"236":{"start":{"line":237,"column":0},"end":{"line":237,"column":16}},"238":{"start":{"line":239,"column":0},"end":{"line":239,"column":43}},"239":{"start":{"line":240,"column":0},"end":{"line":240,"column":18}},"240":{"start":{"line":241,"column":0},"end":{"line":241,"column":22}},"241":{"start":{"line":242,"column":0},"end":{"line":242,"column":80}},"242":{"start":{"line":243,"column":0},"end":{"line":243,"column":48}},"243":{"start":{"line":244,"column":0},"end":{"line":244,"column":40}},"244":{"start":{"line":245,"column":0},"end":{"line":245,"column":157}},"245":{"start":{"line":246,"column":0},"end":{"line":246,"column":14}},"246":{"start":{"line":247,"column":0},"end":{"line":247,"column":19}},"247":{"start":{"line":248,"column":0},"end":{"line":248,"column":27}},"248":{"start":{"line":249,"column":0},"end":{"line":249,"column":35}},"249":{"start":{"line":250,"column":0},"end":{"line":250,"column":132}},"250":{"start":{"line":251,"column":0},"end":{"line":251,"column":13}},"252":{"start":{"line":253,"column":0},"end":{"line":253,"column":21}},"253":{"start":{"line":254,"column":0},"end":{"line":254,"column":16}},"255":{"start":{"line":256,"column":0},"end":{"line":256,"column":17}},"256":{"start":{"line":257,"column":0},"end":{"line":257,"column":25}},"257":{"start":{"line":258,"column":0},"end":{"line":258,"column":33}},"258":{"start":{"line":259,"column":0},"end":{"line":259,"column":154}},"259":{"start":{"line":260,"column":0},"end":{"line":260,"column":11}},"261":{"start":{"line":262,"column":0},"end":{"line":262,"column":19}},"264":{"start":{"line":265,"column":0},"end":{"line":265,"column":69}},"265":{"start":{"line":266,"column":0},"end":{"line":266,"column":82}},"266":{"start":{"line":267,"column":0},"end":{"line":267,"column":100}},"267":{"start":{"line":268,"column":0},"end":{"line":268,"column":88}},"268":{"start":{"line":269,"column":0},"end":{"line":269,"column":18}},"269":{"start":{"line":270,"column":0},"end":{"line":270,"column":82}},"270":{"start":{"line":271,"column":0},"end":{"line":271,"column":68}},"271":{"start":{"line":272,"column":0},"end":{"line":272,"column":60}},"272":{"start":{"line":273,"column":0},"end":{"line":273,"column":20}},"273":{"start":{"line":274,"column":0},"end":{"line":274,"column":89}},"274":{"start":{"line":275,"column":0},"end":{"line":275,"column":18}},"275":{"start":{"line":276,"column":0},"end":{"line":276,"column":82}},"276":{"start":{"line":277,"column":0},"end":{"line":277,"column":75}},"277":{"start":{"line":278,"column":0},"end":{"line":278,"column":47}},"278":{"start":{"line":279,"column":0},"end":{"line":279,"column":20}},"279":{"start":{"line":280,"column":0},"end":{"line":280,"column":92}},"280":{"start":{"line":281,"column":0},"end":{"line":281,"column":18}},"281":{"start":{"line":282,"column":0},"end":{"line":282,"column":16}},"282":{"start":{"line":283,"column":0},"end":{"line":283,"column":14}},"285":{"start":{"line":286,"column":0},"end":{"line":286,"column":38}},"286":{"start":{"line":287,"column":0},"end":{"line":287,"column":13}},"289":{"start":{"line":290,"column":0},"end":{"line":290,"column":78}},"291":{"start":{"line":292,"column":0},"end":{"line":292,"column":26}},"292":{"start":{"line":293,"column":0},"end":{"line":293,"column":33}},"293":{"start":{"line":294,"column":0},"end":{"line":294,"column":52}},"294":{"start":{"line":295,"column":0},"end":{"line":295,"column":31}},"295":{"start":{"line":296,"column":0},"end":{"line":296,"column":38}},"296":{"start":{"line":297,"column":0},"end":{"line":297,"column":42}},"297":{"start":{"line":298,"column":0},"end":{"line":298,"column":10}},"298":{"start":{"line":299,"column":0},"end":{"line":299,"column":8}},"299":{"start":{"line":300,"column":0},"end":{"line":300,"column":10}},"301":{"start":{"line":302,"column":0},"end":{"line":302,"column":1}}},"s":{"0":1,"1":1,"2":1,"3":1,"4":1,"5":1,"6":1,"7":1,"8":1,"9":1,"10":1,"11":1,"12":1,"15":2,"16":2,"18":2,"19":2,"20":2,"21":2,"22":2,"23":2,"25":2,"26":2,"28":2,"29":0,"30":0,"31":0,"32":2,"34":2,"35":0,"36":0,"37":0,"38":0,"39":0,"40":2,"42":2,"43":0,"44":2,"46":2,"47":0,"48":0,"49":0,"50":0,"51":0,"52":0,"54":2,"55":0,"56":0,"57":0,"58":0,"60":2,"61":2,"63":2,"65":2,"66":2,"67":2,"68":2,"69":2,"70":2,"72":2,"74":2,"75":2,"76":2,"78":2,"79":2,"82":2,"83":2,"84":2,"85":2,"86":2,"87":2,"88":2,"89":2,"91":2,"92":0,"93":0,"94":0,"95":0,"96":0,"97":0,"98":0,"99":0,"100":0,"102":0,"103":0,"104":0,"105":0,"106":0,"107":0,"108":0,"109":0,"110":0,"112":0,"113":0,"114":2,"115":0,"116":0,"117":0,"118":0,"119":0,"121":0,"122":2,"123":0,"124":0,"125":0,"126":0,"127":0,"129":0,"131":2,"132":2,"133":2,"134":0,"135":0,"136":0,"137":0,"139":0,"140":0,"141":2,"142":2,"144":2,"146":2,"147":2,"150":2,"153":2,"154":2,"155":2,"156":2,"157":2,"158":2,"159":2,"160":2,"161":2,"162":2,"163":2,"164":2,"165":2,"167":2,"168":2,"169":2,"172":2,"173":2,"175":2,"176":2,"177":2,"178":0,"179":2,"180":2,"181":2,"182":2,"183":2,"185":2,"186":2,"189":2,"190":0,"191":0,"193":0,"194":0,"195":0,"196":0,"197":0,"198":0,"200":0,"201":0,"202":0,"203":0,"204":0,"205":0,"206":0,"207":0,"208":0,"209":0,"210":0,"211":0,"212":0,"213":0,"214":0,"215":0,"216":0,"217":0,"218":0,"219":0,"223":2,"224":2,"225":2,"227":2,"228":2,"230":2,"231":2,"232":2,"233":2,"234":2,"235":2,"236":2,"238":2,"239":2,"240":2,"241":2,"242":2,"243":2,"244":2,"245":2,"246":2,"247":2,"248":2,"249":2,"250":2,"252":2,"253":2,"255":2,"256":2,"257":2,"258":2,"259":2,"261":2,"264":2,"265":2,"266":2,"267":2,"268":2,"269":2,"270":2,"271":2,"272":2,"273":2,"274":2,"275":2,"276":2,"277":2,"278":2,"279":2,"280":2,"281":2,"282":2,"285":2,"286":2,"289":2,"291":2,"292":2,"293":2,"294":2,"295":0,"296":0,"297":0,"298":2,"299":2,"301":2},"branchMap":{"0":{"type":"branch","line":16,"loc":{"start":{"line":16,"column":0},"end":{"line":302,"column":1}},"locations":[{"start":{"line":16,"column":0},"end":{"line":302,"column":1}}]},"1":{"type":"branch","line":69,"loc":{"start":{"line":69,"column":16},"end":{"line":69,"column":37}},"locations":[{"start":{"line":69,"column":16},"end":{"line":69,"column":37}}]},"2":{"type":"branch","line":70,"loc":{"start":{"line":70,"column":17},"end":{"line":70,"column":35}},"locations":[{"start":{"line":70,"column":17},"end":{"line":70,"column":35}}]},"3":{"type":"branch","line":70,"loc":{"start":{"line":70,"column":35},"end":{"line":70,"column":56}},"locations":[{"start":{"line":70,"column":35},"end":{"line":70,"column":56}}]},"4":{"type":"branch","line":88,"loc":{"start":{"line":88,"column":17},"end":{"line":88,"column":72}},"locations":[{"start":{"line":88,"column":17},"end":{"line":88,"column":72}}]},"5":{"type":"branch","line":92,"loc":{"start":{"line":92,"column":13},"end":{"line":114,"column":20}},"locations":[{"start":{"line":92,"column":13},"end":{"line":114,"column":20}}]},"6":{"type":"branch","line":115,"loc":{"start":{"line":115,"column":16},"end":{"line":122,"column":23}},"locations":[{"start":{"line":115,"column":16},"end":{"line":122,"column":23}}]},"7":{"type":"branch","line":123,"loc":{"start":{"line":123,"column":25},"end":{"line":130,"column":23}},"locations":[{"start":{"line":123,"column":25},"end":{"line":130,"column":23}}]},"8":{"type":"branch","line":169,"loc":{"start":{"line":169,"column":40},"end":{"line":169,"column":64}},"locations":[{"start":{"line":169,"column":40},"end":{"line":169,"column":64}}]},"9":{"type":"branch","line":190,"loc":{"start":{"line":190,"column":24},"end":{"line":220,"column":16}},"locations":[{"start":{"line":190,"column":24},"end":{"line":220,"column":16}}]},"10":{"type":"branch","line":235,"loc":{"start":{"line":235,"column":40},"end":{"line":235,"column":65}},"locations":[{"start":{"line":235,"column":40},"end":{"line":235,"column":65}}]},"11":{"type":"branch","line":242,"loc":{"start":{"line":242,"column":31},"end":{"line":242,"column":49}},"locations":[{"start":{"line":242,"column":31},"end":{"line":242,"column":49}}]},"12":{"type":"branch","line":242,"loc":{"start":{"line":242,"column":49},"end":{"line":242,"column":70}},"locations":[{"start":{"line":242,"column":49},"end":{"line":242,"column":70}}]},"13":{"type":"branch","line":267,"loc":{"start":{"line":267,"column":71},"end":{"line":267,"column":92}},"locations":[{"start":{"line":267,"column":71},"end":{"line":267,"column":92}}]},"14":{"type":"branch","line":272,"loc":{"start":{"line":272,"column":18},"end":{"line":272,"column":40}},"locations":[{"start":{"line":272,"column":18},"end":{"line":272,"column":40}}]},"15":{"type":"branch","line":278,"loc":{"start":{"line":278,"column":18},"end":{"line":278,"column":43}},"locations":[{"start":{"line":278,"column":18},"end":{"line":278,"column":43}}]}},"b":{"0":[2],"1":[0],"2":[0],"3":[0],"4":[0],"5":[0],"6":[0],"7":[0],"8":[0],"9":[0],"10":[0],"11":[0],"12":[0],"13":[0],"14":[0],"15":[0]},"fnMap":{"0":{"name":"Profile","decl":{"start":{"line":16,"column":0},"end":{"line":302,"column":1}},"loc":{"start":{"line":16,"column":0},"end":{"line":302,"column":1}},"line":16},"1":{"name":"copyRefLink","decl":{"start":{"line":47,"column":22},"end":{"line":53,"column":3}},"loc":{"start":{"line":47,"column":22},"end":{"line":53,"column":3}},"line":47},"2":{"name":"shareRefOnX","decl":{"start":{"line":55,"column":22},"end":{"line":59,"column":3}},"loc":{"start":{"line":55,"column":22},"end":{"line":59,"column":3}},"line":55},"3":{"name":"onClick","decl":{"start":{"line":96,"column":27},"end":{"line":99,"column":20}},"loc":{"start":{"line":96,"column":27},"end":{"line":99,"column":20}},"line":96},"4":{"name":"onClick","decl":{"start":{"line":106,"column":27},"end":{"line":109,"column":20}},"loc":{"start":{"line":106,"column":27},"end":{"line":109,"column":20}},"line":106},"5":{"name":"onClick","decl":{"start":{"line":118,"column":25},"end":{"line":118,"column":45}},"loc":{"start":{"line":118,"column":25},"end":{"line":118,"column":45}},"line":118},"6":{"name":"onClick","decl":{"start":{"line":126,"column":25},"end":{"line":126,"column":59}},"loc":{"start":{"line":126,"column":25},"end":{"line":126,"column":59}},"line":126},"7":{"name":"onClick","decl":{"start":{"line":134,"column":25},"end":{"line":141,"column":18}},"loc":{"start":{"line":134,"column":25},"end":{"line":141,"column":18}},"line":134},"8":{"name":"onFocus","decl":{"start":{"line":243,"column":23},"end":{"line":243,"column":48}},"loc":{"start":{"line":243,"column":23},"end":{"line":243,"column":48}},"line":243},"9":{"name":"onTabChange","decl":{"start":{"line":290,"column":50},"end":{"line":290,"column":60}},"loc":{"start":{"line":290,"column":50},"end":{"line":290,"column":60}},"line":290},"10":{"name":"onClose","decl":{"start":{"line":294,"column":17},"end":{"line":294,"column":52}},"loc":{"start":{"line":294,"column":17},"end":{"line":294,"column":52}},"line":294},"11":{"name":"onSelect","decl":{"start":{"line":295,"column":18},"end":{"line":298,"column":10}},"loc":{"start":{"line":295,"column":18},"end":{"line":298,"column":10}},"line":295}},"f":{"0":2,"1":0,"2":0,"3":0,"4":0,"5":0,"6":0,"7":0,"8":0,"9":0,"10":0,"11":0}}
,"/Users/cmd/workspace/hermes-launchpad/src/pages/Trade.tsx": {"path":"/Users/cmd/workspace/hermes-launchpad/src/pages/Trade.tsx","all":true,"statementMap":{"0":{"start":{"line":1,"column":0},"end":{"line":1,"column":43}},"1":{"start":{"line":2,"column":0},"end":{"line":2,"column":46}},"2":{"start":{"line":3,"column":0},"end":{"line":3,"column":48}},"3":{"start":{"line":4,"column":0},"end":{"line":4,"column":46}},"4":{"start":{"line":5,"column":0},"end":{"line":5,"column":39}},"5":{"start":{"line":6,"column":0},"end":{"line":6,"column":56}},"9":{"start":{"line":10,"column":0},"end":{"line":10,"column":33}},"10":{"start":{"line":11,"column":0},"end":{"line":11,"column":66}},"11":{"start":{"line":12,"column":0},"end":{"line":12,"column":42}},"12":{"start":{"line":13,"column":0},"end":{"line":13,"column":62}},"13":{"start":{"line":14,"column":0},"end":{"line":14,"column":51}},"14":{"start":{"line":15,"column":0},"end":{"line":15,"column":46}},"15":{"start":{"line":16,"column":0},"end":{"line":16,"column":57}},"17":{"start":{"line":18,"column":0},"end":{"line":18,"column":19}},"18":{"start":{"line":19,"column":0},"end":{"line":19,"column":17}},"19":{"start":{"line":20,"column":0},"end":{"line":20,"column":27}},"20":{"start":{"line":21,"column":0},"end":{"line":21,"column":23}},"21":{"start":{"line":22,"column":0},"end":{"line":22,"column":25}},"22":{"start":{"line":23,"column":0},"end":{"line":23,"column":8}},"23":{"start":{"line":24,"column":0},"end":{"line":24,"column":21}},"24":{"start":{"line":25,"column":0},"end":{"line":25,"column":74}},"25":{"start":{"line":26,"column":0},"end":{"line":26,"column":25}},"26":{"start":{"line":27,"column":0},"end":{"line":27,"column":8}},"27":{"start":{"line":28,"column":0},"end":{"line":28,"column":8}},"29":{"start":{"line":30,"column":0},"end":{"line":30,"column":46}},"30":{"start":{"line":31,"column":0},"end":{"line":31,"column":18}},"31":{"start":{"line":32,"column":0},"end":{"line":32,"column":12}},"32":{"start":{"line":33,"column":0},"end":{"line":33,"column":62}},"33":{"start":{"line":34,"column":0},"end":{"line":34,"column":61}},"34":{"start":{"line":35,"column":0},"end":{"line":35,"column":6}},"35":{"start":{"line":36,"column":0},"end":{"line":36,"column":10}},"36":{"start":{"line":37,"column":0},"end":{"line":37,"column":3}},"38":{"start":{"line":39,"column":0},"end":{"line":39,"column":10}},"39":{"start":{"line":40,"column":0},"end":{"line":40,"column":53}},"41":{"start":{"line":42,"column":0},"end":{"line":42,"column":115}},"42":{"start":{"line":43,"column":0},"end":{"line":43,"column":121}},"43":{"start":{"line":44,"column":0},"end":{"line":44,"column":77}},"44":{"start":{"line":45,"column":0},"end":{"line":45,"column":20}},"45":{"start":{"line":46,"column":0},"end":{"line":46,"column":27}},"46":{"start":{"line":47,"column":0},"end":{"line":47,"column":38}},"47":{"start":{"line":48,"column":0},"end":{"line":48,"column":27}},"48":{"start":{"line":49,"column":0},"end":{"line":49,"column":38}},"49":{"start":{"line":50,"column":0},"end":{"line":50,"column":12}},"50":{"start":{"line":51,"column":0},"end":{"line":51,"column":14}},"51":{"start":{"line":52,"column":0},"end":{"line":52,"column":15}},"54":{"start":{"line":55,"column":0},"end":{"line":55,"column":66}},"55":{"start":{"line":56,"column":0},"end":{"line":56,"column":20}},"56":{"start":{"line":57,"column":0},"end":{"line":57,"column":80}},"57":{"start":{"line":58,"column":0},"end":{"line":58,"column":54}},"58":{"start":{"line":59,"column":0},"end":{"line":59,"column":106}},"59":{"start":{"line":60,"column":0},"end":{"line":60,"column":74}},"60":{"start":{"line":61,"column":0},"end":{"line":61,"column":69}},"61":{"start":{"line":62,"column":0},"end":{"line":62,"column":64}},"62":{"start":{"line":63,"column":0},"end":{"line":63,"column":20}},"63":{"start":{"line":64,"column":0},"end":{"line":64,"column":15}},"64":{"start":{"line":65,"column":0},"end":{"line":65,"column":16}},"65":{"start":{"line":66,"column":0},"end":{"line":66,"column":21}},"66":{"start":{"line":67,"column":0},"end":{"line":67,"column":45}},"67":{"start":{"line":68,"column":0},"end":{"line":68,"column":73}},"68":{"start":{"line":69,"column":0},"end":{"line":69,"column":65}},"69":{"start":{"line":70,"column":0},"end":{"line":70,"column":19}},"70":{"start":{"line":71,"column":0},"end":{"line":71,"column":27}},"71":{"start":{"line":72,"column":0},"end":{"line":72,"column":54}},"72":{"start":{"line":73,"column":0},"end":{"line":73,"column":88}},"73":{"start":{"line":74,"column":0},"end":{"line":74,"column":13}},"75":{"start":{"line":76,"column":0},"end":{"line":76,"column":21}},"76":{"start":{"line":77,"column":0},"end":{"line":77,"column":16}},"77":{"start":{"line":78,"column":0},"end":{"line":78,"column":43}},"78":{"start":{"line":79,"column":0},"end":{"line":79,"column":45}},"79":{"start":{"line":80,"column":0},"end":{"line":80,"column":78}},"80":{"start":{"line":81,"column":0},"end":{"line":81,"column":86}},"81":{"start":{"line":82,"column":0},"end":{"line":82,"column":16}},"83":{"start":{"line":84,"column":0},"end":{"line":84,"column":82}},"84":{"start":{"line":85,"column":0},"end":{"line":85,"column":44}},"85":{"start":{"line":86,"column":0},"end":{"line":86,"column":79}},"86":{"start":{"line":87,"column":0},"end":{"line":87,"column":15}},"87":{"start":{"line":88,"column":0},"end":{"line":88,"column":16}},"89":{"start":{"line":90,"column":0},"end":{"line":90,"column":13}},"92":{"start":{"line":93,"column":0},"end":{"line":93,"column":20}},"93":{"start":{"line":94,"column":0},"end":{"line":94,"column":19}},"94":{"start":{"line":95,"column":0},"end":{"line":95,"column":26}},"95":{"start":{"line":96,"column":0},"end":{"line":96,"column":43}},"96":{"start":{"line":97,"column":0},"end":{"line":97,"column":27}},"97":{"start":{"line":98,"column":0},"end":{"line":98,"column":23}},"98":{"start":{"line":99,"column":0},"end":{"line":99,"column":44}},"99":{"start":{"line":100,"column":0},"end":{"line":100,"column":30}},"100":{"start":{"line":101,"column":0},"end":{"line":101,"column":23}},"101":{"start":{"line":102,"column":0},"end":{"line":102,"column":51}},"102":{"start":{"line":103,"column":0},"end":{"line":103,"column":10}},"104":{"start":{"line":105,"column":0},"end":{"line":105,"column":10}},"106":{"start":{"line":107,"column":0},"end":{"line":107,"column":1}}},"s":{"0":0,"1":0,"2":0,"3":0,"4":0,"5":0,"9":0,"10":0,"11":0,"12":0,"13":0,"14":0,"15":0,"17":0,"18":0,"19":0,"20":0,"21":0,"22":0,"23":0,"24":0,"25":0,"26":0,"27":0,"29":0,"30":0,"31":0,"32":0,"33":0,"34":0,"35":0,"36":0,"38":0,"39":0,"41":0,"42":0,"43":0,"44":0,"45":0,"46":0,"47":0,"48":0,"49":0,"50":0,"51":0,"54":0,"55":0,"56":0,"57":0,"58":0,"59":0,"60":0,"61":0,"62":0,"63":0,"64":0,"65":0,"66":0,"67":0,"68":0,"69":0,"70":0,"71":0,"72":0,"73":0,"75":0,"76":0,"77":0,"78":0,"79":0,"80":0,"81":0,"83":0,"84":0,"85":0,"86":0,"87":0,"89":0,"92":0,"93":0,"94":0,"95":0,"96":0,"97":0,"98":0,"99":0,"100":0,"101":0,"102":0,"104":0,"106":0},"branchMap":{"0":{"type":"branch","line":1,"loc":{"start":{"line":1,"column":3883},"end":{"line":107,"column":1}},"locations":[{"start":{"line":1,"column":3883},"end":{"line":107,"column":1}}]}},"b":{"0":[0]},"fnMap":{"0":{"name":"(empty-report)","decl":{"start":{"line":1,"column":3883},"end":{"line":107,"column":1}},"loc":{"start":{"line":1,"column":3883},"end":{"line":107,"column":1}},"line":1}},"f":{"0":0}}
}
