{"/Users/cmd/workspace/hermes-launchpad/src/App.tsx": {"path":"/Users/cmd/workspace/hermes-launchpad/src/App.tsx","all":false,"statementMap":{"0":{"start":{"line":1,"column":0},"end":{"line":1,"column":26}},"1":{"start":{"line":2,"column":0},"end":{"line":2,"column":45}},"2":{"start":{"line":3,"column":0},"end":{"line":3,"column":55}},"3":{"start":{"line":4,"column":0},"end":{"line":4,"column":32}},"4":{"start":{"line":5,"column":0},"end":{"line":5,"column":60}},"6":{"start":{"line":7,"column":0},"end":{"line":7,"column":31}},"7":{"start":{"line":8,"column":0},"end":{"line":8,"column":10}},"8":{"start":{"line":9,"column":0},"end":{"line":9,"column":19}},"9":{"start":{"line":10,"column":0},"end":{"line":10,"column":52}},"11":{"start":{"line":12,"column":0},"end":{"line":12,"column":10}},"12":{"start":{"line":13,"column":0},"end":{"line":13,"column":14}},"13":{"start":{"line":14,"column":0},"end":{"line":14,"column":45}},"14":{"start":{"line":15,"column":0},"end":{"line":15,"column":73}},"15":{"start":{"line":16,"column":0},"end":{"line":16,"column":268}},"16":{"start":{"line":17,"column":0},"end":{"line":17,"column":15}},"17":{"start":{"line":18,"column":0},"end":{"line":18,"column":20}},"19":{"start":{"line":20,"column":0},"end":{"line":20,"column":1}}},"s":{"0":1,"1":1,"2":1,"3":1,"4":1,"6":1,"7":1,"8":1,"9":1,"11":1,"12":1,"13":1,"14":1,"15":1,"16":1,"17":1,"19":1},"branchMap":{"0":{"type":"branch","line":7,"loc":{"start":{"line":7,"column":0},"end":{"line":20,"column":1}},"locations":[{"start":{"line":7,"column":0},"end":{"line":20,"column":1}}]}},"b":{"0":[1]},"fnMap":{"0":{"name":"App","decl":{"start":{"line":7,"column":0},"end":{"line":20,"column":1}},"loc":{"start":{"line":7,"column":0},"end":{"line":20,"column":1}},"line":7}},"f":{"0":1}}
,"/Users/cmd/workspace/hermes-launchpad/src/components/AchievementBadges.tsx": {"path":"/Users/cmd/workspace/hermes-launchpad/src/components/AchievementBadges.tsx","all":true,"statementMap":{"0":{"start":{"line":1,"column":0},"end":{"line":1,"column":44}},"1":{"start":{"line":2,"column":0},"end":{"line":2,"column":47}},"14":{"start":{"line":15,"column":0},"end":{"line":15,"column":44}},"15":{"start":{"line":16,"column":0},"end":{"line":16,"column":95}},"16":{"start":{"line":17,"column":0},"end":{"line":17,"column":87}},"17":{"start":{"line":18,"column":0},"end":{"line":18,"column":95}},"18":{"start":{"line":19,"column":0},"end":{"line":19,"column":85}},"19":{"start":{"line":20,"column":0},"end":{"line":20,"column":96}},"20":{"start":{"line":21,"column":0},"end":{"line":21,"column":108}},"21":{"start":{"line":22,"column":0},"end":{"line":22,"column":102}},"22":{"start":{"line":23,"column":0},"end":{"line":23,"column":103}},"23":{"start":{"line":24,"column":0},"end":{"line":24,"column":92}},"24":{"start":{"line":25,"column":0},"end":{"line":25,"column":94}},"25":{"start":{"line":26,"column":0},"end":{"line":26,"column":100}},"26":{"start":{"line":27,"column":0},"end":{"line":27,"column":92}},"27":{"start":{"line":28,"column":0},"end":{"line":28,"column":2}},"31":{"start":{"line":32,"column":0},"end":{"line":32,"column":98}},"32":{"start":{"line":33,"column":0},"end":{"line":33,"column":110}},"33":{"start":{"line":34,"column":0},"end":{"line":34,"column":116}},"34":{"start":{"line":35,"column":0},"end":{"line":35,"column":114}},"35":{"start":{"line":36,"column":0},"end":{"line":36,"column":114}},"36":{"start":{"line":37,"column":0},"end":{"line":37,"column":122}},"37":{"start":{"line":38,"column":0},"end":{"line":38,"column":128}},"38":{"start":{"line":39,"column":0},"end":{"line":39,"column":125}},"39":{"start":{"line":40,"column":0},"end":{"line":40,"column":121}},"40":{"start":{"line":41,"column":0},"end":{"line":41,"column":118}},"41":{"start":{"line":42,"column":0},"end":{"line":42,"column":127}},"42":{"start":{"line":43,"column":0},"end":{"line":43,"column":110}},"43":{"start":{"line":44,"column":0},"end":{"line":44,"column":130}},"44":{"start":{"line":45,"column":0},"end":{"line":45,"column":2}},"48":{"start":{"line":49,"column":0},"end":{"line":49,"column":47}},"50":{"start":{"line":51,"column":0},"end":{"line":51,"column":28}},"51":{"start":{"line":52,"column":0},"end":{"line":52,"column":46}},"52":{"start":{"line":53,"column":0},"end":{"line":53,"column":48}},"53":{"start":{"line":54,"column":0},"end":{"line":54,"column":48}},"54":{"start":{"line":55,"column":0},"end":{"line":55,"column":22}},"55":{"start":{"line":56,"column":0},"end":{"line":56,"column":23}},"66":{"start":{"line":67,"column":0},"end":{"line":67,"column":35}},"67":{"start":{"line":68,"column":0},"end":{"line":68,"column":1}},"81":{"start":{"line":82,"column":0},"end":{"line":82,"column":78}},"82":{"start":{"line":83,"column":0},"end":{"line":83,"column":26}},"84":{"start":{"line":85,"column":0},"end":{"line":85,"column":68}},"86":{"start":{"line":87,"column":0},"end":{"line":87,"column":10}},"87":{"start":{"line":88,"column":0},"end":{"line":88,"column":8}},"88":{"start":{"line":89,"column":0},"end":{"line":89,"column":18}},"89":{"start":{"line":90,"column":0},"end":{"line":90,"column":108}},"90":{"start":{"line":91,"column":0},"end":{"line":91,"column":16}},"91":{"start":{"line":92,"column":0},"end":{"line":92,"column":83}},"92":{"start":{"line":93,"column":0},"end":{"line":93,"column":66}},"93":{"start":{"line":94,"column":0},"end":{"line":94,"column":18}},"94":{"start":{"line":95,"column":0},"end":{"line":95,"column":162}},"97":{"start":{"line":98,"column":0},"end":{"line":98,"column":20}},"98":{"start":{"line":99,"column":0},"end":{"line":99,"column":12}},"99":{"start":{"line":100,"column":0},"end":{"line":100,"column":135}},"100":{"start":{"line":101,"column":0},"end":{"line":101,"column":89}},"101":{"start":{"line":102,"column":0},"end":{"line":102,"column":10}},"105":{"start":{"line":106,"column":0},"end":{"line":106,"column":11}},"106":{"start":{"line":107,"column":0},"end":{"line":107,"column":20}},"107":{"start":{"line":108,"column":0},"end":{"line":108,"column":64}},"108":{"start":{"line":109,"column":0},"end":{"line":109,"column":50}},"109":{"start":{"line":110,"column":0},"end":{"line":110,"column":20}},"110":{"start":{"line":111,"column":0},"end":{"line":111,"column":93}},"111":{"start":{"line":112,"column":0},"end":{"line":112,"column":26}},"113":{"start":{"line":114,"column":0},"end":{"line":114,"column":38}},"114":{"start":{"line":115,"column":0},"end":{"line":115,"column":13}},"117":{"start":{"line":118,"column":0},"end":{"line":118,"column":11}},"118":{"start":{"line":119,"column":0},"end":{"line":119,"column":20}},"119":{"start":{"line":120,"column":0},"end":{"line":120,"column":75}},"120":{"start":{"line":121,"column":0},"end":{"line":121,"column":51}},"121":{"start":{"line":122,"column":0},"end":{"line":122,"column":20}},"123":{"start":{"line":124,"column":0},"end":{"line":124,"column":39}},"124":{"start":{"line":125,"column":0},"end":{"line":125,"column":13}},"127":{"start":{"line":128,"column":0},"end":{"line":128,"column":98}},"128":{"start":{"line":129,"column":0},"end":{"line":129,"column":65}},"129":{"start":{"line":130,"column":0},"end":{"line":130,"column":13}},"130":{"start":{"line":131,"column":0},"end":{"line":131,"column":10}},"132":{"start":{"line":133,"column":0},"end":{"line":133,"column":1}},"144":{"start":{"line":145,"column":0},"end":{"line":145,"column":67}},"145":{"start":{"line":146,"column":0},"end":{"line":146,"column":73}},"146":{"start":{"line":147,"column":0},"end":{"line":147,"column":47}},"147":{"start":{"line":148,"column":0},"end":{"line":148,"column":44}},"149":{"start":{"line":150,"column":0},"end":{"line":150,"column":19}},"150":{"start":{"line":151,"column":0},"end":{"line":151,"column":22}},"151":{"start":{"line":152,"column":0},"end":{"line":152,"column":9}},"153":{"start":{"line":154,"column":0},"end":{"line":154,"column":19}},"154":{"start":{"line":155,"column":0},"end":{"line":155,"column":26}},"156":{"start":{"line":157,"column":0},"end":{"line":157,"column":40}},"157":{"start":{"line":158,"column":0},"end":{"line":158,"column":23}},"158":{"start":{"line":159,"column":0},"end":{"line":159,"column":22}},"159":{"start":{"line":160,"column":0},"end":{"line":160,"column":11}},"160":{"start":{"line":161,"column":0},"end":{"line":161,"column":91}},"161":{"start":{"line":162,"column":0},"end":{"line":162,"column":59}},"162":{"start":{"line":163,"column":0},"end":{"line":163,"column":66}},"163":{"start":{"line":164,"column":0},"end":{"line":164,"column":25}},"164":{"start":{"line":165,"column":0},"end":{"line":165,"column":53}},"165":{"start":{"line":166,"column":0},"end":{"line":166,"column":9}},"166":{"start":{"line":167,"column":0},"end":{"line":167,"column":15}},"167":{"start":{"line":168,"column":0},"end":{"line":168,"column":25}},"168":{"start":{"line":169,"column":0},"end":{"line":169,"column":25}},"169":{"start":{"line":170,"column":0},"end":{"line":170,"column":36}},"170":{"start":{"line":171,"column":0},"end":{"line":171,"column":9}},"171":{"start":{"line":172,"column":0},"end":{"line":172,"column":17}},"172":{"start":{"line":173,"column":0},"end":{"line":173,"column":42}},"173":{"start":{"line":174,"column":0},"end":{"line":174,"column":7}},"174":{"start":{"line":175,"column":0},"end":{"line":175,"column":5}},"176":{"start":{"line":177,"column":0},"end":{"line":177,"column":17}},"177":{"start":{"line":178,"column":0},"end":{"line":178,"column":26}},"178":{"start":{"line":179,"column":0},"end":{"line":179,"column":12}},"179":{"start":{"line":180,"column":0},"end":{"line":180,"column":24}},"180":{"start":{"line":181,"column":0},"end":{"line":181,"column":32}},"181":{"start":{"line":182,"column":0},"end":{"line":182,"column":5}},"183":{"start":{"line":184,"column":0},"end":{"line":184,"column":39}},"184":{"start":{"line":185,"column":0},"end":{"line":185,"column":15}},"186":{"start":{"line":187,"column":0},"end":{"line":187,"column":41}},"187":{"start":{"line":188,"column":0},"end":{"line":188,"column":41}},"189":{"start":{"line":190,"column":0},"end":{"line":190,"column":10}},"190":{"start":{"line":191,"column":0},"end":{"line":191,"column":39}},"192":{"start":{"line":193,"column":0},"end":{"line":193,"column":57}},"193":{"start":{"line":194,"column":0},"end":{"line":194,"column":85}},"194":{"start":{"line":195,"column":0},"end":{"line":195,"column":26}},"195":{"start":{"line":196,"column":0},"end":{"line":196,"column":70}},"196":{"start":{"line":197,"column":0},"end":{"line":197,"column":38}},"197":{"start":{"line":198,"column":0},"end":{"line":198,"column":51}},"198":{"start":{"line":199,"column":0},"end":{"line":199,"column":57}},"199":{"start":{"line":200,"column":0},"end":{"line":200,"column":21}},"200":{"start":{"line":201,"column":0},"end":{"line":201,"column":47}},"201":{"start":{"line":202,"column":0},"end":{"line":202,"column":15}},"202":{"start":{"line":203,"column":0},"end":{"line":203,"column":12}},"205":{"start":{"line":206,"column":0},"end":{"line":206,"column":19}},"206":{"start":{"line":207,"column":0},"end":{"line":207,"column":63}},"207":{"start":{"line":208,"column":0},"end":{"line":208,"column":36}},"208":{"start":{"line":209,"column":0},"end":{"line":209,"column":140}},"209":{"start":{"line":210,"column":0},"end":{"line":210,"column":67}},"210":{"start":{"line":211,"column":0},"end":{"line":211,"column":61}},"211":{"start":{"line":212,"column":0},"end":{"line":212,"column":61}},"212":{"start":{"line":213,"column":0},"end":{"line":213,"column":18}},"213":{"start":{"line":214,"column":0},"end":{"line":214,"column":13}},"214":{"start":{"line":215,"column":0},"end":{"line":215,"column":14}},"218":{"start":{"line":219,"column":0},"end":{"line":219,"column":29}},"219":{"start":{"line":220,"column":0},"end":{"line":220,"column":42}},"220":{"start":{"line":221,"column":0},"end":{"line":221,"column":78}},"221":{"start":{"line":222,"column":0},"end":{"line":222,"column":72}},"222":{"start":{"line":223,"column":0},"end":{"line":223,"column":14}},"226":{"start":{"line":227,"column":0},"end":{"line":227,"column":30}},"227":{"start":{"line":228,"column":0},"end":{"line":228,"column":63}},"228":{"start":{"line":229,"column":0},"end":{"line":229,"column":43}},"229":{"start":{"line":230,"column":0},"end":{"line":230,"column":16}},"230":{"start":{"line":231,"column":0},"end":{"line":231,"column":28}},"231":{"start":{"line":232,"column":0},"end":{"line":232,"column":40}},"232":{"start":{"line":233,"column":0},"end":{"line":233,"column":55}},"234":{"start":{"line":235,"column":0},"end":{"line":235,"column":31}},"235":{"start":{"line":236,"column":0},"end":{"line":236,"column":29}},"236":{"start":{"line":237,"column":0},"end":{"line":237,"column":52}},"237":{"start":{"line":238,"column":0},"end":{"line":238,"column":16}},"238":{"start":{"line":239,"column":0},"end":{"line":239,"column":18}},"239":{"start":{"line":240,"column":0},"end":{"line":240,"column":13}},"240":{"start":{"line":241,"column":0},"end":{"line":241,"column":14}},"242":{"start":{"line":243,"column":0},"end":{"line":243,"column":14}},"244":{"start":{"line":245,"column":0},"end":{"line":245,"column":1}}},"s":{"0":0,"1":0,"14":0,"15":0,"16":0,"17":0,"18":0,"19":0,"20":0,"21":0,"22":0,"23":0,"24":0,"25":0,"26":0,"27":0,"31":0,"32":0,"33":0,"34":0,"35":0,"36":0,"37":0,"38":0,"39":0,"40":0,"41":0,"42":0,"43":0,"44":0,"48":0,"50":0,"51":0,"52":0,"53":0,"54":0,"55":0,"66":0,"67":0,"81":0,"82":0,"84":0,"86":0,"87":0,"88":0,"89":0,"90":0,"91":0,"92":0,"93":0,"94":0,"97":0,"98":0,"99":0,"100":0,"101":0,"105":0,"106":0,"107":0,"108":0,"109":0,"110":0,"111":0,"113":0,"114":0,"117":0,"118":0,"119":0,"120":0,"121":0,"123":0,"124":0,"127":0,"128":0,"129":0,"130":0,"132":0,"144":0,"145":0,"146":0,"147":0,"149":0,"150":0,"151":0,"153":0,"154":0,"156":0,"157":0,"158":0,"159":0,"160":0,"161":0,"162":0,"163":0,"164":0,"165":0,"166":0,"167":0,"168":0,"169":0,"170":0,"171":0,"172":0,"173":0,"174":0,"176":0,"177":0,"178":0,"179":0,"180":0,"181":0,"183":0,"184":0,"186":0,"187":0,"189":0,"190":0,"192":0,"193":0,"194":0,"195":0,"196":0,"197":0,"198":0,"199":0,"200":0,"201":0,"202":0,"205":0,"206":0,"207":0,"208":0,"209":0,"210":0,"211":0,"212":0,"213":0,"214":0,"218":0,"219":0,"220":0,"221":0,"222":0,"226":0,"227":0,"228":0,"229":0,"230":0,"231":0,"232":0,"234":0,"235":0,"236":0,"237":0,"238":0,"239":0,"240":0,"242":0,"244":0},"branchMap":{"0":{"type":"branch","line":1,"loc":{"start":{"line":1,"column":9241},"end":{"line":245,"column":1}},"locations":[{"start":{"line":1,"column":9241},"end":{"line":245,"column":1}}]}},"b":{"0":[0]},"fnMap":{"0":{"name":"(empty-report)","decl":{"start":{"line":1,"column":9241},"end":{"line":245,"column":1}},"loc":{"start":{"line":1,"column":9241},"end":{"line":245,"column":1}},"line":1}},"f":{"0":0}}
,"/Users/cmd/workspace/hermes-launchpad/src/components/Avatar.tsx": {"path":"/Users/cmd/workspace/hermes-launchpad/src/components/Avatar.tsx","all":false,"statementMap":{"0":{"start":{"line":7,"column":0},"end":{"line":7,"column":35}},"1":{"start":{"line":8,"column":0},"end":{"line":8,"column":15}},"2":{"start":{"line":9,"column":0},"end":{"line":9,"column":87}},"3":{"start":{"line":10,"column":0},"end":{"line":10,"column":33}},"4":{"start":{"line":11,"column":0},"end":{"line":11,"column":31}},"5":{"start":{"line":12,"column":0},"end":{"line":12,"column":1}},"6":{"start":{"line":14,"column":0},"end":{"line":14,"column":80}},"7":{"start":{"line":15,"column":0},"end":{"line":15,"column":94}},"8":{"start":{"line":16,"column":0},"end":{"line":16,"column":18}},"9":{"start":{"line":17,"column":0},"end":{"line":17,"column":12}},"10":{"start":{"line":18,"column":0},"end":{"line":18,"column":129}},"11":{"start":{"line":19,"column":0},"end":{"line":19,"column":261}},"12":{"start":{"line":20,"column":0},"end":{"line":20,"column":12}},"13":{"start":{"line":22,"column":0},"end":{"line":22,"column":3}},"14":{"start":{"line":23,"column":0},"end":{"line":23,"column":15}},"15":{"start":{"line":24,"column":0},"end":{"line":24,"column":158}},"16":{"start":{"line":25,"column":0},"end":{"line":25,"column":3}},"17":{"start":{"line":26,"column":0},"end":{"line":26,"column":10}},"18":{"start":{"line":27,"column":0},"end":{"line":27,"column":8}},"19":{"start":{"line":28,"column":0},"end":{"line":28,"column":111}},"20":{"start":{"line":29,"column":0},"end":{"line":29,"column":48}},"21":{"start":{"line":30,"column":0},"end":{"line":30,"column":19}},"22":{"start":{"line":32,"column":0},"end":{"line":32,"column":52}},"23":{"start":{"line":33,"column":0},"end":{"line":33,"column":10}},"24":{"start":{"line":35,"column":0},"end":{"line":35,"column":1}}},"s":{"0":0,"1":0,"2":0,"3":0,"4":0,"5":0,"6":4,"7":4,"8":4,"9":0,"10":0,"11":0,"12":0,"13":0,"14":4,"15":4,"16":4,"17":0,"18":0,"19":0,"20":0,"21":0,"22":4,"23":4,"24":4},"branchMap":{"0":{"type":"branch","line":14,"loc":{"start":{"line":14,"column":0},"end":{"line":35,"column":1}},"locations":[{"start":{"line":14,"column":0},"end":{"line":35,"column":1}}]},"1":{"type":"branch","line":16,"loc":{"start":{"line":16,"column":17},"end":{"line":22,"column":3}},"locations":[{"start":{"line":16,"column":17},"end":{"line":22,"column":3}}]},"2":{"type":"branch","line":25,"loc":{"start":{"line":25,"column":2},"end":{"line":32,"column":46}},"locations":[{"start":{"line":25,"column":2},"end":{"line":32,"column":46}}]},"3":{"type":"branch","line":32,"loc":{"start":{"line":32,"column":42},"end":{"line":32,"column":52}},"locations":[{"start":{"line":32,"column":42},"end":{"line":32,"column":52}}]}},"b":{"0":[4],"1":[0],"2":[0],"3":[0]},"fnMap":{"0":{"name":"gradientFor","decl":{"start":{"line":7,"column":0},"end":{"line":12,"column":1}},"loc":{"start":{"line":7,"column":0},"end":{"line":12,"column":1}},"line":7},"1":{"name":"Avatar","decl":{"start":{"line":14,"column":0},"end":{"line":35,"column":1}},"loc":{"start":{"line":14,"column":0},"end":{"line":35,"column":1}},"line":14}},"f":{"0":0,"1":4}}
,"/Users/cmd/workspace/hermes-launchpad/src/components/Badge.tsx": {"path":"/Users/cmd/workspace/hermes-launchpad/src/components/Badge.tsx","all":false,"statementMap":{"0":{"start":{"line":1,"column":0},"end":{"line":1,"column":44}},"1":{"start":{"line":10,"column":0},"end":{"line":10,"column":48}},"2":{"start":{"line":11,"column":0},"end":{"line":11,"column":64}},"3":{"start":{"line":12,"column":0},"end":{"line":12,"column":63}},"4":{"start":{"line":13,"column":0},"end":{"line":13,"column":77}},"5":{"start":{"line":14,"column":0},"end":{"line":14,"column":64}},"6":{"start":{"line":15,"column":0},"end":{"line":15,"column":58}},"7":{"start":{"line":16,"column":0},"end":{"line":16,"column":66}},"8":{"start":{"line":17,"column":0},"end":{"line":17,"column":46}},"9":{"start":{"line":18,"column":0},"end":{"line":18,"column":58}},"10":{"start":{"line":19,"column":0},"end":{"line":19,"column":56}},"11":{"start":{"line":20,"column":0},"end":{"line":20,"column":2}},"12":{"start":{"line":22,"column":0},"end":{"line":22,"column":84}},"13":{"start":{"line":23,"column":0},"end":{"line":23,"column":10}},"14":{"start":{"line":24,"column":0},"end":{"line":24,"column":9}},"15":{"start":{"line":25,"column":0},"end":{"line":25,"column":190}},"16":{"start":{"line":26,"column":0},"end":{"line":26,"column":16}},"17":{"start":{"line":28,"column":0},"end":{"line":28,"column":24}},"18":{"start":{"line":29,"column":0},"end":{"line":29,"column":11}},"19":{"start":{"line":31,"column":0},"end":{"line":31,"column":1}}},"s":{"0":2,"1":2,"2":2,"3":2,"4":2,"5":2,"6":2,"7":2,"8":2,"9":2,"10":2,"11":2,"12":3,"13":3,"14":3,"15":3,"16":3,"17":3,"18":3,"19":3},"branchMap":{"0":{"type":"branch","line":22,"loc":{"start":{"line":22,"column":0},"end":{"line":31,"column":1}},"locations":[{"start":{"line":22,"column":0},"end":{"line":31,"column":1}}]},"1":{"type":"branch","line":25,"loc":{"start":{"line":25,"column":162},"end":{"line":25,"column":178}},"locations":[{"start":{"line":25,"column":162},"end":{"line":25,"column":178}}]},"2":{"type":"branch","line":28,"loc":{"start":{"line":28,"column":7},"end":{"line":28,"column":24}},"locations":[{"start":{"line":28,"column":7},"end":{"line":28,"column":24}}]}},"b":{"0":[3],"1":[0],"2":[0]},"fnMap":{"0":{"name":"Badge","decl":{"start":{"line":22,"column":0},"end":{"line":31,"column":1}},"loc":{"start":{"line":22,"column":0},"end":{"line":31,"column":1}},"line":22}},"f":{"0":3}}
,"/Users/cmd/workspace/hermes-launchpad/src/components/BottomNav.tsx": {"path":"/Users/cmd/workspace/hermes-launchpad/src/components/BottomNav.tsx","all":false,"statementMap":{"0":{"start":{"line":1,"column":0},"end":{"line":1,"column":43}},"8":{"start":{"line":9,"column":0},"end":{"line":9,"column":14}},"9":{"start":{"line":10,"column":0},"end":{"line":10,"column":55}},"10":{"start":{"line":11,"column":0},"end":{"line":11,"column":62}},"11":{"start":{"line":12,"column":0},"end":{"line":12,"column":74}},"12":{"start":{"line":13,"column":0},"end":{"line":13,"column":71}},"13":{"start":{"line":14,"column":0},"end":{"line":14,"column":58}},"14":{"start":{"line":15,"column":0},"end":{"line":15,"column":2}},"16":{"start":{"line":17,"column":0},"end":{"line":17,"column":92}},"17":{"start":{"line":18,"column":0},"end":{"line":18,"column":33}},"19":{"start":{"line":20,"column":0},"end":{"line":20,"column":57}},"20":{"start":{"line":21,"column":0},"end":{"line":21,"column":31}},"21":{"start":{"line":22,"column":0},"end":{"line":22,"column":66}},"22":{"start":{"line":23,"column":0},"end":{"line":23,"column":30}},"23":{"start":{"line":24,"column":0},"end":{"line":24,"column":7}},"24":{"start":{"line":25,"column":0},"end":{"line":25,"column":5}},"25":{"start":{"line":26,"column":0},"end":{"line":26,"column":24}},"26":{"start":{"line":27,"column":0},"end":{"line":27,"column":23}},"27":{"start":{"line":28,"column":0},"end":{"line":28,"column":4}},"29":{"start":{"line":30,"column":0},"end":{"line":30,"column":32}},"30":{"start":{"line":31,"column":0},"end":{"line":31,"column":64}},"31":{"start":{"line":32,"column":0},"end":{"line":32,"column":28}},"32":{"start":{"line":33,"column":0},"end":{"line":33,"column":5}},"33":{"start":{"line":34,"column":0},"end":{"line":34,"column":23}},"34":{"start":{"line":35,"column":0},"end":{"line":35,"column":4}},"36":{"start":{"line":37,"column":0},"end":{"line":37,"column":10}},"37":{"start":{"line":38,"column":0},"end":{"line":38,"column":8}},"38":{"start":{"line":39,"column":0},"end":{"line":39,"column":115}},"39":{"start":{"line":40,"column":0},"end":{"line":40,"column":62}},"40":{"start":{"line":41,"column":0},"end":{"line":41,"column":36}},"42":{"start":{"line":43,"column":0},"end":{"line":43,"column":56}},"44":{"start":{"line":45,"column":0},"end":{"line":45,"column":37}},"45":{"start":{"line":46,"column":0},"end":{"line":46,"column":42}},"46":{"start":{"line":47,"column":0},"end":{"line":47,"column":22}},"47":{"start":{"line":48,"column":0},"end":{"line":48,"column":26}},"48":{"start":{"line":49,"column":0},"end":{"line":49,"column":23}},"49":{"start":{"line":50,"column":0},"end":{"line":50,"column":45}},"50":{"start":{"line":51,"column":0},"end":{"line":51,"column":50}},"51":{"start":{"line":52,"column":0},"end":{"line":52,"column":14}},"52":{"start":{"line":53,"column":0},"end":{"line":53,"column":13}},"53":{"start":{"line":54,"column":0},"end":{"line":54,"column":14}},"56":{"start":{"line":57,"column":0},"end":{"line":57,"column":85}},"57":{"start":{"line":58,"column":0},"end":{"line":58,"column":17}},"58":{"start":{"line":59,"column":0},"end":{"line":59,"column":36}},"59":{"start":{"line":60,"column":0},"end":{"line":60,"column":185}},"60":{"start":{"line":61,"column":0},"end":{"line":61,"column":36}},"62":{"start":{"line":63,"column":0},"end":{"line":63,"column":61}},"63":{"start":{"line":64,"column":0},"end":{"line":64,"column":19}},"64":{"start":{"line":65,"column":0},"end":{"line":65,"column":14}},"67":{"start":{"line":68,"column":0},"end":{"line":68,"column":37}},"68":{"start":{"line":69,"column":0},"end":{"line":69,"column":39}},"69":{"start":{"line":70,"column":0},"end":{"line":70,"column":22}},"70":{"start":{"line":71,"column":0},"end":{"line":71,"column":26}},"71":{"start":{"line":72,"column":0},"end":{"line":72,"column":23}},"72":{"start":{"line":73,"column":0},"end":{"line":73,"column":45}},"73":{"start":{"line":74,"column":0},"end":{"line":74,"column":50}},"74":{"start":{"line":75,"column":0},"end":{"line":75,"column":61}},"75":{"start":{"line":76,"column":0},"end":{"line":76,"column":14}},"76":{"start":{"line":77,"column":0},"end":{"line":77,"column":13}},"77":{"start":{"line":78,"column":0},"end":{"line":78,"column":14}},"78":{"start":{"line":79,"column":0},"end":{"line":79,"column":12}},"79":{"start":{"line":80,"column":0},"end":{"line":80,"column":10}},"81":{"start":{"line":82,"column":0},"end":{"line":82,"column":1}},"83":{"start":{"line":84,"column":0},"end":{"line":84,"column":20}},"84":{"start":{"line":85,"column":0},"end":{"line":85,"column":6}},"85":{"start":{"line":86,"column":0},"end":{"line":86,"column":11}},"86":{"start":{"line":87,"column":0},"end":{"line":87,"column":10}},"87":{"start":{"line":88,"column":0},"end":{"line":88,"column":12}},"88":{"start":{"line":89,"column":0},"end":{"line":89,"column":4}},"93":{"start":{"line":94,"column":0},"end":{"line":94,"column":4}},"94":{"start":{"line":95,"column":0},"end":{"line":95,"column":10}},"95":{"start":{"line":96,"column":0},"end":{"line":96,"column":11}},"96":{"start":{"line":97,"column":0},"end":{"line":97,"column":23}},"97":{"start":{"line":98,"column":0},"end":{"line":98,"column":109}},"98":{"start":{"line":99,"column":0},"end":{"line":99,"column":48}},"99":{"start":{"line":100,"column":0},"end":{"line":100,"column":9}},"100":{"start":{"line":101,"column":0},"end":{"line":101,"column":28}},"101":{"start":{"line":102,"column":0},"end":{"line":102,"column":50}},"104":{"start":{"line":105,"column":0},"end":{"line":105,"column":20}},"105":{"start":{"line":106,"column":0},"end":{"line":106,"column":98}},"108":{"start":{"line":109,"column":0},"end":{"line":109,"column":54}},"109":{"start":{"line":110,"column":0},"end":{"line":110,"column":18}},"111":{"start":{"line":112,"column":0},"end":{"line":112,"column":23}},"112":{"start":{"line":113,"column":0},"end":{"line":113,"column":178}},"113":{"start":{"line":114,"column":0},"end":{"line":114,"column":40}},"114":{"start":{"line":115,"column":0},"end":{"line":115,"column":17}},"116":{"start":{"line":117,"column":0},"end":{"line":117,"column":13}},"117":{"start":{"line":118,"column":0},"end":{"line":118,"column":11}},"118":{"start":{"line":119,"column":0},"end":{"line":119,"column":85}},"119":{"start":{"line":120,"column":0},"end":{"line":120,"column":50}},"120":{"start":{"line":121,"column":0},"end":{"line":121,"column":11}},"122":{"start":{"line":123,"column":0},"end":{"line":123,"column":19}},"123":{"start":{"line":124,"column":0},"end":{"line":124,"column":13}},"124":{"start":{"line":125,"column":0},"end":{"line":125,"column":13}},"126":{"start":{"line":127,"column":0},"end":{"line":127,"column":1}}},"s":{"0":1,"8":1,"9":1,"10":1,"11":1,"12":1,"13":1,"14":1,"16":7,"17":7,"19":7,"20":0,"21":0,"22":0,"23":0,"24":0,"25":0,"26":0,"27":0,"29":7,"30":0,"31":0,"32":0,"33":0,"34":0,"36":7,"37":7,"38":7,"39":7,"40":7,"42":7,"44":7,"45":7,"46":14,"47":14,"48":14,"49":14,"50":14,"51":14,"52":7,"53":7,"56":7,"57":7,"58":7,"59":7,"60":7,"62":7,"63":7,"64":7,"67":7,"68":7,"69":21,"70":21,"71":21,"72":21,"73":21,"74":21,"75":21,"76":7,"77":7,"78":7,"79":7,"81":7,"83":35,"84":35,"85":35,"86":35,"87":35,"88":35,"93":35,"94":35,"95":35,"96":35,"97":35,"98":35,"99":35,"100":35,"101":35,"104":35,"105":7,"108":35,"109":35,"111":35,"112":2,"113":2,"114":2,"116":35,"117":35,"118":35,"119":35,"120":35,"122":35,"123":35,"124":35,"126":35},"branchMap":{"0":{"type":"branch","line":17,"loc":{"start":{"line":17,"column":0},"end":{"line":82,"column":1}},"locations":[{"start":{"line":17,"column":0},"end":{"line":82,"column":1}}]},"1":{"type":"branch","line":46,"loc":{"start":{"line":46,"column":32},"end":{"line":52,"column":14}},"locations":[{"start":{"line":46,"column":32},"end":{"line":52,"column":14}}]},"2":{"type":"branch","line":69,"loc":{"start":{"line":69,"column":29},"end":{"line":76,"column":14}},"locations":[{"start":{"line":69,"column":29},"end":{"line":76,"column":14}}]},"3":{"type":"branch","line":75,"loc":{"start":{"line":75,"column":32},"end":{"line":75,"column":59}},"locations":[{"start":{"line":75,"column":32},"end":{"line":75,"column":59}}]},"4":{"type":"branch","line":75,"loc":{"start":{"line":75,"column":45},"end":{"line":75,"column":61}},"locations":[{"start":{"line":75,"column":45},"end":{"line":75,"column":61}}]},"5":{"type":"branch","line":84,"loc":{"start":{"line":84,"column":0},"end":{"line":127,"column":1}},"locations":[{"start":{"line":84,"column":0},"end":{"line":127,"column":1}}]},"6":{"type":"branch","line":99,"loc":{"start":{"line":99,"column":8},"end":{"line":99,"column":33}},"locations":[{"start":{"line":99,"column":8},"end":{"line":99,"column":33}}]},"7":{"type":"branch","line":99,"loc":{"start":{"line":99,"column":19},"end":{"line":99,"column":48}},"locations":[{"start":{"line":99,"column":19},"end":{"line":99,"column":48}}]},"8":{"type":"branch","line":102,"loc":{"start":{"line":102,"column":20},"end":{"line":102,"column":40}},"locations":[{"start":{"line":102,"column":20},"end":{"line":102,"column":40}}]},"9":{"type":"branch","line":102,"loc":{"start":{"line":102,"column":31},"end":{"line":102,"column":50}},"locations":[{"start":{"line":102,"column":31},"end":{"line":102,"column":50}}]},"10":{"type":"branch","line":105,"loc":{"start":{"line":105,"column":7},"end":{"line":106,"column":98}},"locations":[{"start":{"line":105,"column":7},"end":{"line":106,"column":98}}]},"11":{"type":"branch","line":112,"loc":{"start":{"line":112,"column":17},"end":{"line":115,"column":17}},"locations":[{"start":{"line":112,"column":17},"end":{"line":115,"column":17}}]},"12":{"type":"branch","line":114,"loc":{"start":{"line":114,"column":21},"end":{"line":114,"column":34}},"locations":[{"start":{"line":114,"column":21},"end":{"line":114,"column":34}}]},"13":{"type":"branch","line":114,"loc":{"start":{"line":114,"column":26},"end":{"line":114,"column":40}},"locations":[{"start":{"line":114,"column":26},"end":{"line":114,"column":40}}]},"14":{"type":"branch","line":120,"loc":{"start":{"line":120,"column":10},"end":{"line":120,"column":35}},"locations":[{"start":{"line":120,"column":10},"end":{"line":120,"column":35}}]},"15":{"type":"branch","line":120,"loc":{"start":{"line":120,"column":21},"end":{"line":120,"column":50}},"locations":[{"start":{"line":120,"column":21},"end":{"line":120,"column":50}}]}},"b":{"0":[7],"1":[14],"2":[21],"3":[7],"4":[14],"5":[35],"6":[7],"7":[28],"8":[7],"9":[28],"10":[7],"11":[2],"12":[1],"13":[1],"14":[7],"15":[28]},"fnMap":{"0":{"name":"BottomNav","decl":{"start":{"line":17,"column":0},"end":{"line":82,"column":1}},"loc":{"start":{"line":17,"column":0},"end":{"line":82,"column":1}},"line":17},"1":{"name":"handleTabChange","decl":{"start":{"line":20,"column":26},"end":{"line":28,"column":4}},"loc":{"start":{"line":20,"column":26},"end":{"line":28,"column":4}},"line":20},"2":{"name":"handleFabPress","decl":{"start":{"line":30,"column":25},"end":{"line":35,"column":4}},"loc":{"start":{"line":30,"column":25},"end":{"line":35,"column":4}},"line":30},"3":{"name":"onClick","decl":{"start":{"line":51,"column":23},"end":{"line":51,"column":50}},"loc":{"start":{"line":51,"column":23},"end":{"line":51,"column":50}},"line":51},"4":{"name":"onClick","decl":{"start":{"line":74,"column":23},"end":{"line":74,"column":50}},"loc":{"start":{"line":74,"column":23},"end":{"line":74,"column":50}},"line":74},"5":{"name":"TabButton","decl":{"start":{"line":84,"column":0},"end":{"line":127,"column":1}},"loc":{"start":{"line":84,"column":0},"end":{"line":127,"column":1}},"line":84}},"f":{"0":7,"1":0,"2":0,"3":0,"4":0,"5":35}}
,"/Users/cmd/workspace/hermes-launchpad/src/components/BottomTabBar.tsx": {"path":"/Users/cmd/workspace/hermes-launchpad/src/components/BottomTabBar.tsx","all":false,"statementMap":{"0":{"start":{"line":1,"column":0},"end":{"line":1,"column":38}},"1":{"start":{"line":2,"column":0},"end":{"line":2,"column":6}},"2":{"start":{"line":3,"column":0},"end":{"line":3,"column":14}},"3":{"start":{"line":4,"column":0},"end":{"line":4,"column":16}},"4":{"start":{"line":5,"column":0},"end":{"line":5,"column":4}},"5":{"start":{"line":9,"column":0},"end":{"line":9,"column":4}},"6":{"start":{"line":10,"column":0},"end":{"line":10,"column":10}},"7":{"start":{"line":11,"column":0},"end":{"line":11,"column":8}},"8":{"start":{"line":12,"column":0},"end":{"line":12,"column":154}},"9":{"start":{"line":13,"column":0},"end":{"line":13,"column":36}},"10":{"start":{"line":15,"column":0},"end":{"line":15,"column":13}},"11":{"start":{"line":16,"column":0},"end":{"line":16,"column":45}},"12":{"start":{"line":17,"column":0},"end":{"line":17,"column":71}},"13":{"start":{"line":18,"column":0},"end":{"line":18,"column":58}},"14":{"start":{"line":19,"column":0},"end":{"line":19,"column":11}},"15":{"start":{"line":20,"column":0},"end":{"line":20,"column":7}},"16":{"start":{"line":22,"column":0},"end":{"line":22,"column":15}},"17":{"start":{"line":24,"column":0},"end":{"line":24,"column":13}},"18":{"start":{"line":25,"column":0},"end":{"line":25,"column":31}},"19":{"start":{"line":26,"column":0},"end":{"line":26,"column":184}},"20":{"start":{"line":27,"column":0},"end":{"line":27,"column":7}},"21":{"start":{"line":29,"column":0},"end":{"line":29,"column":15}},"22":{"start":{"line":31,"column":0},"end":{"line":31,"column":13}},"23":{"start":{"line":32,"column":0},"end":{"line":32,"column":46}},"24":{"start":{"line":33,"column":0},"end":{"line":33,"column":71}},"25":{"start":{"line":34,"column":0},"end":{"line":34,"column":59}},"26":{"start":{"line":35,"column":0},"end":{"line":35,"column":11}},"27":{"start":{"line":36,"column":0},"end":{"line":36,"column":7}},"28":{"start":{"line":38,"column":0},"end":{"line":38,"column":15}},"29":{"start":{"line":39,"column":0},"end":{"line":39,"column":10}},"30":{"start":{"line":41,"column":0},"end":{"line":41,"column":1}}},"s":{"0":4,"1":4,"2":4,"3":4,"4":4,"5":4,"6":4,"7":4,"8":4,"9":4,"10":4,"11":4,"12":4,"13":4,"14":4,"15":4,"16":4,"17":4,"18":4,"19":4,"20":4,"21":4,"22":4,"23":4,"24":4,"25":4,"26":4,"27":4,"28":4,"29":4,"30":4},"branchMap":{"0":{"type":"branch","line":1,"loc":{"start":{"line":1,"column":0},"end":{"line":41,"column":1}},"locations":[{"start":{"line":1,"column":0},"end":{"line":41,"column":1}}]},"1":{"type":"branch","line":18,"loc":{"start":{"line":18,"column":18},"end":{"line":18,"column":43}},"locations":[{"start":{"line":18,"column":18},"end":{"line":18,"column":43}}]},"2":{"type":"branch","line":18,"loc":{"start":{"line":18,"column":29},"end":{"line":18,"column":58}},"locations":[{"start":{"line":18,"column":29},"end":{"line":18,"column":58}}]},"3":{"type":"branch","line":34,"loc":{"start":{"line":34,"column":18},"end":{"line":34,"column":44}},"locations":[{"start":{"line":34,"column":18},"end":{"line":34,"column":44}}]},"4":{"type":"branch","line":34,"loc":{"start":{"line":34,"column":30},"end":{"line":34,"column":59}},"locations":[{"start":{"line":34,"column":30},"end":{"line":34,"column":59}}]}},"b":{"0":[4],"1":[1],"2":[3],"3":[2],"4":[2]},"fnMap":{"0":{"name":"BottomTabBar","decl":{"start":{"line":1,"column":0},"end":{"line":41,"column":1}},"loc":{"start":{"line":1,"column":0},"end":{"line":41,"column":1}},"line":1},"1":{"name":"onClick","decl":{"start":{"line":16,"column":17},"end":{"line":16,"column":45}},"loc":{"start":{"line":16,"column":17},"end":{"line":16,"column":45}},"line":16},"2":{"name":"onClick","decl":{"start":{"line":32,"column":17},"end":{"line":32,"column":46}},"loc":{"start":{"line":32,"column":17},"end":{"line":32,"column":46}},"line":32}},"f":{"0":4,"1":0,"2":0}}
,"/Users/cmd/workspace/hermes-launchpad/src/components/Button.tsx": {"path":"/Users/cmd/workspace/hermes-launchpad/src/components/Button.tsx","all":false,"statementMap":{"0":{"start":{"line":1,"column":0},"end":{"line":1,"column":78}},"1":{"start":{"line":11,"column":0},"end":{"line":11,"column":65}},"2":{"start":{"line":12,"column":0},"end":{"line":12,"column":111}},"3":{"start":{"line":13,"column":0},"end":{"line":13,"column":182}},"4":{"start":{"line":14,"column":0},"end":{"line":14,"column":19}},"5":{"start":{"line":15,"column":0},"end":{"line":15,"column":32}},"6":{"start":{"line":16,"column":0},"end":{"line":16,"column":32}},"7":{"start":{"line":17,"column":0},"end":{"line":17,"column":32}},"8":{"start":{"line":18,"column":0},"end":{"line":18,"column":6}},"9":{"start":{"line":19,"column":0},"end":{"line":19,"column":22}},"10":{"start":{"line":20,"column":0},"end":{"line":20,"column":135}},"11":{"start":{"line":21,"column":0},"end":{"line":21,"column":98}},"12":{"start":{"line":22,"column":0},"end":{"line":22,"column":102}},"13":{"start":{"line":23,"column":0},"end":{"line":23,"column":90}},"14":{"start":{"line":24,"column":0},"end":{"line":24,"column":6}},"15":{"start":{"line":25,"column":0},"end":{"line":25,"column":12}},"16":{"start":{"line":26,"column":0},"end":{"line":26,"column":13}},"17":{"start":{"line":27,"column":0},"end":{"line":27,"column":17}},"18":{"start":{"line":28,"column":0},"end":{"line":28,"column":128}},"19":{"start":{"line":29,"column":0},"end":{"line":29,"column":38}},"20":{"start":{"line":30,"column":0},"end":{"line":30,"column":18}},"21":{"start":{"line":32,"column":0},"end":{"line":32,"column":20}},"22":{"start":{"line":33,"column":0},"end":{"line":33,"column":12}},"23":{"start":{"line":34,"column":0},"end":{"line":34,"column":271}},"24":{"start":{"line":36,"column":0},"end":{"line":36,"column":13}},"25":{"start":{"line":37,"column":0},"end":{"line":37,"column":21}},"26":{"start":{"line":38,"column":0},"end":{"line":38,"column":15}},"27":{"start":{"line":40,"column":0},"end":{"line":40,"column":3}},"28":{"start":{"line":41,"column":0},"end":{"line":41,"column":2}},"29":{"start":{"line":42,"column":0},"end":{"line":42,"column":30}}},"s":{"0":2,"1":2,"2":2,"3":26,"4":26,"5":26,"6":26,"7":26,"8":26,"9":26,"10":26,"11":26,"12":26,"13":26,"14":26,"15":26,"16":26,"17":26,"18":26,"19":26,"20":26,"21":26,"22":0,"23":0,"24":0,"25":26,"26":26,"27":26,"28":2,"29":2},"branchMap":{"0":{"type":"branch","line":12,"loc":{"start":{"line":12,"column":2},"end":{"line":40,"column":3}},"locations":[{"start":{"line":12,"column":2},"end":{"line":40,"column":3}}]},"1":{"type":"branch","line":28,"loc":{"start":{"line":28,"column":70},"end":{"line":28,"column":85}},"locations":[{"start":{"line":28,"column":70},"end":{"line":28,"column":85}}]},"2":{"type":"branch","line":28,"loc":{"start":{"line":28,"column":85},"end":{"line":28,"column":100}},"locations":[{"start":{"line":28,"column":85},"end":{"line":28,"column":100}}]},"3":{"type":"branch","line":29,"loc":{"start":{"line":29,"column":18},"end":{"line":29,"column":38}},"locations":[{"start":{"line":29,"column":18},"end":{"line":29,"column":38}}]},"4":{"type":"branch","line":32,"loc":{"start":{"line":32,"column":9},"end":{"line":36,"column":13}},"locations":[{"start":{"line":32,"column":9},"end":{"line":36,"column":13}}]}},"b":{"0":[26],"1":[0],"2":[17],"3":[8],"4":[0]},"fnMap":{},"f":{}}
,"/Users/cmd/workspace/hermes-launchpad/src/components/ConfettiBurst.tsx": {"path":"/Users/cmd/workspace/hermes-launchpad/src/components/ConfettiBurst.tsx","all":false,"statementMap":{"0":{"start":{"line":1,"column":0},"end":{"line":1,"column":39}},"1":{"start":{"line":15,"column":0},"end":{"line":15,"column":45}},"2":{"start":{"line":16,"column":0},"end":{"line":16,"column":131}},"3":{"start":{"line":17,"column":0},"end":{"line":17,"column":132}},"4":{"start":{"line":18,"column":0},"end":{"line":18,"column":146}},"5":{"start":{"line":19,"column":0},"end":{"line":19,"column":95}},"6":{"start":{"line":20,"column":0},"end":{"line":20,"column":123}},"7":{"start":{"line":21,"column":0},"end":{"line":21,"column":103}},"8":{"start":{"line":22,"column":0},"end":{"line":22,"column":2}},"9":{"start":{"line":24,"column":0},"end":{"line":24,"column":47}},"10":{"start":{"line":25,"column":0},"end":{"line":25,"column":31}},"11":{"start":{"line":26,"column":0},"end":{"line":26,"column":68}},"12":{"start":{"line":27,"column":0},"end":{"line":27,"column":1}},"13":{"start":{"line":29,"column":0},"end":{"line":29,"column":27}},"14":{"start":{"line":30,"column":0},"end":{"line":30,"column":7}},"15":{"start":{"line":31,"column":0},"end":{"line":31,"column":35}},"16":{"start":{"line":32,"column":0},"end":{"line":32,"column":23}},"17":{"start":{"line":33,"column":0},"end":{"line":33,"column":16}},"18":{"start":{"line":34,"column":0},"end":{"line":34,"column":24}},"19":{"start":{"line":35,"column":0},"end":{"line":35,"column":26}},"20":{"start":{"line":36,"column":0},"end":{"line":36,"column":15}},"21":{"start":{"line":37,"column":0},"end":{"line":37,"column":6}},"22":{"start":{"line":38,"column":0},"end":{"line":38,"column":18}},"23":{"start":{"line":39,"column":0},"end":{"line":39,"column":26}},"24":{"start":{"line":40,"column":0},"end":{"line":40,"column":1}},"25":{"start":{"line":43,"column":0},"end":{"line":43,"column":34}},"26":{"start":{"line":55,"column":0},"end":{"line":55,"column":31}},"27":{"start":{"line":56,"column":0},"end":{"line":56,"column":53}},"28":{"start":{"line":57,"column":0},"end":{"line":57,"column":22}},"29":{"start":{"line":58,"column":0},"end":{"line":58,"column":14}},"30":{"start":{"line":59,"column":0},"end":{"line":59,"column":22}},"31":{"start":{"line":60,"column":0},"end":{"line":60,"column":21}},"32":{"start":{"line":61,"column":0},"end":{"line":61,"column":14}},"33":{"start":{"line":62,"column":0},"end":{"line":62,"column":12}},"34":{"start":{"line":63,"column":0},"end":{"line":63,"column":24}},"35":{"start":{"line":64,"column":0},"end":{"line":64,"column":19}},"36":{"start":{"line":65,"column":0},"end":{"line":65,"column":9}},"37":{"start":{"line":66,"column":0},"end":{"line":66,"column":16}},"38":{"start":{"line":67,"column":0},"end":{"line":67,"column":22}},"39":{"start":{"line":68,"column":0},"end":{"line":68,"column":15}},"40":{"start":{"line":69,"column":0},"end":{"line":69,"column":15}},"41":{"start":{"line":70,"column":0},"end":{"line":70,"column":22}},"42":{"start":{"line":71,"column":0},"end":{"line":71,"column":15}},"43":{"start":{"line":72,"column":0},"end":{"line":72,"column":14}},"44":{"start":{"line":73,"column":0},"end":{"line":73,"column":14}},"45":{"start":{"line":74,"column":0},"end":{"line":74,"column":9}},"46":{"start":{"line":75,"column":0},"end":{"line":75,"column":13}},"47":{"start":{"line":77,"column":0},"end":{"line":77,"column":5}},"48":{"start":{"line":78,"column":0},"end":{"line":78,"column":75}},"49":{"start":{"line":80,"column":0},"end":{"line":80,"column":14}},"50":{"start":{"line":81,"column":0},"end":{"line":81,"column":1}},"51":{"start":{"line":83,"column":0},"end":{"line":83,"column":64}},"52":{"start":{"line":84,"column":0},"end":{"line":84,"column":31}},"53":{"start":{"line":85,"column":0},"end":{"line":85,"column":19}},"54":{"start":{"line":86,"column":0},"end":{"line":86,"column":9}},"55":{"start":{"line":87,"column":0},"end":{"line":87,"column":41}},"56":{"start":{"line":88,"column":0},"end":{"line":88,"column":13}},"57":{"start":{"line":90,"column":0},"end":{"line":90,"column":5}},"58":{"start":{"line":91,"column":0},"end":{"line":91,"column":15}},"59":{"start":{"line":93,"column":0},"end":{"line":93,"column":14}},"60":{"start":{"line":94,"column":0},"end":{"line":94,"column":1}}},"s":{"0":2,"1":2,"2":2,"3":2,"4":2,"5":2,"6":2,"7":2,"8":2,"9":2,"10":0,"11":0,"12":0,"13":2,"14":0,"15":0,"16":0,"17":0,"18":0,"19":0,"20":0,"21":0,"22":0,"23":0,"24":0,"25":2,"26":2,"27":0,"28":0,"29":0,"30":0,"31":0,"32":0,"33":0,"34":0,"35":0,"36":0,"37":0,"38":0,"39":0,"40":0,"41":0,"42":0,"43":0,"44":0,"45":0,"46":0,"47":0,"48":0,"49":0,"50":0,"51":2,"52":0,"53":0,"54":0,"55":0,"56":0,"57":0,"58":0,"59":0,"60":0},"branchMap":{},"b":{},"fnMap":{"0":{"name":"confettiBurst","decl":{"start":{"line":24,"column":7},"end":{"line":27,"column":1}},"loc":{"start":{"line":24,"column":7},"end":{"line":27,"column":1}},"line":24},"1":{"name":"xpFlyIn","decl":{"start":{"line":29,"column":7},"end":{"line":40,"column":1}},"loc":{"start":{"line":29,"column":7},"end":{"line":40,"column":1}},"line":29},"2":{"name":"ConfettiBurst","decl":{"start":{"line":55,"column":7},"end":{"line":81,"column":1}},"loc":{"start":{"line":55,"column":7},"end":{"line":81,"column":1}},"line":55},"3":{"name":"ConfettiPreset","decl":{"start":{"line":83,"column":7},"end":{"line":94,"column":1}},"loc":{"start":{"line":83,"column":7},"end":{"line":94,"column":1}},"line":83}},"f":{"0":0,"1":0,"2":0,"3":0}}
,"/Users/cmd/workspace/hermes-launchpad/src/components/ConfettiFacade.tsx": {"path":"/Users/cmd/workspace/hermes-launchpad/src/components/ConfettiFacade.tsx","all":true,"statementMap":{"0":{"start":{"line":1,"column":0},"end":{"line":1,"column":68}}},"s":{"0":0},"branchMap":{"0":{"type":"branch","line":1,"loc":{"start":{"line":1,"column":104},"end":{"line":3,"column":34}},"locations":[{"start":{"line":1,"column":104},"end":{"line":3,"column":34}}]}},"b":{"0":[0]},"fnMap":{"0":{"name":"(empty-report)","decl":{"start":{"line":1,"column":104},"end":{"line":3,"column":34}},"loc":{"start":{"line":1,"column":104},"end":{"line":3,"column":34}},"line":1}},"f":{"0":0}}
,"/Users/cmd/workspace/hermes-launchpad/src/components/CreateTokenModal.tsx": {"path":"/Users/cmd/workspace/hermes-launchpad/src/components/CreateTokenModal.tsx","all":false,"statementMap":{"0":{"start":{"line":1,"column":0},"end":{"line":1,"column":44}},"1":{"start":{"line":2,"column":0},"end":{"line":2,"column":45}},"2":{"start":{"line":3,"column":0},"end":{"line":3,"column":45}},"3":{"start":{"line":4,"column":0},"end":{"line":4,"column":39}},"4":{"start":{"line":5,"column":0},"end":{"line":5,"column":47}},"5":{"start":{"line":6,"column":0},"end":{"line":6,"column":68}},"6":{"start":{"line":7,"column":0},"end":{"line":7,"column":31}},"7":{"start":{"line":8,"column":0},"end":{"line":8,"column":55}},"8":{"start":{"line":9,"column":0},"end":{"line":9,"column":39}},"9":{"start":{"line":10,"column":0},"end":{"line":10,"column":71}},"10":{"start":{"line":11,"column":0},"end":{"line":11,"column":60}},"11":{"start":{"line":13,"column":0},"end":{"line":13,"column":87}},"12":{"start":{"line":20,"column":0},"end":{"line":20,"column":73}},"13":{"start":{"line":21,"column":0},"end":{"line":21,"column":39}},"14":{"start":{"line":22,"column":0},"end":{"line":22,"column":43}},"15":{"start":{"line":23,"column":0},"end":{"line":23,"column":43}},"16":{"start":{"line":24,"column":0},"end":{"line":24,"column":38}},"17":{"start":{"line":25,"column":0},"end":{"line":25,"column":42}},"18":{"start":{"line":26,"column":0},"end":{"line":26,"column":41}},"19":{"start":{"line":27,"column":0},"end":{"line":27,"column":69}},"20":{"start":{"line":29,"column":0},"end":{"line":29,"column":19}},"21":{"start":{"line":30,"column":0},"end":{"line":30,"column":49}},"22":{"start":{"line":31,"column":0},"end":{"line":31,"column":49}},"23":{"start":{"line":32,"column":0},"end":{"line":32,"column":6}},"24":{"start":{"line":33,"column":0},"end":{"line":33,"column":54}},"25":{"start":{"line":34,"column":0},"end":{"line":34,"column":70}},"26":{"start":{"line":35,"column":0},"end":{"line":35,"column":22}},"27":{"start":{"line":37,"column":0},"end":{"line":37,"column":30}},"28":{"start":{"line":38,"column":0},"end":{"line":38,"column":31}},"29":{"start":{"line":39,"column":0},"end":{"line":39,"column":18}},"30":{"start":{"line":40,"column":0},"end":{"line":40,"column":17}},"31":{"start":{"line":41,"column":0},"end":{"line":41,"column":9}},"32":{"start":{"line":42,"column":0},"end":{"line":42,"column":37}},"33":{"start":{"line":43,"column":0},"end":{"line":43,"column":68}},"34":{"start":{"line":44,"column":0},"end":{"line":44,"column":31}},"35":{"start":{"line":46,"column":0},"end":{"line":46,"column":38}},"36":{"start":{"line":47,"column":0},"end":{"line":47,"column":21}},"37":{"start":{"line":48,"column":0},"end":{"line":48,"column":36}},"38":{"start":{"line":49,"column":0},"end":{"line":49,"column":27}},"39":{"start":{"line":50,"column":0},"end":{"line":50,"column":23}},"40":{"start":{"line":51,"column":0},"end":{"line":51,"column":20}},"41":{"start":{"line":52,"column":0},"end":{"line":52,"column":55}},"42":{"start":{"line":53,"column":0},"end":{"line":53,"column":12}},"43":{"start":{"line":54,"column":0},"end":{"line":54,"column":8}},"44":{"start":{"line":55,"column":0},"end":{"line":55,"column":43}},"45":{"start":{"line":56,"column":0},"end":{"line":56,"column":68}},"46":{"start":{"line":57,"column":0},"end":{"line":57,"column":52}},"47":{"start":{"line":58,"column":0},"end":{"line":58,"column":40}},"48":{"start":{"line":59,"column":0},"end":{"line":59,"column":26}},"49":{"start":{"line":60,"column":0},"end":{"line":60,"column":63}},"50":{"start":{"line":61,"column":0},"end":{"line":61,"column":14}},"51":{"start":{"line":62,"column":0},"end":{"line":62,"column":16}},"52":{"start":{"line":63,"column":0},"end":{"line":63,"column":40}},"53":{"start":{"line":64,"column":0},"end":{"line":64,"column":23}},"54":{"start":{"line":65,"column":0},"end":{"line":65,"column":27}},"55":{"start":{"line":67,"column":0},"end":{"line":67,"column":28}},"56":{"start":{"line":68,"column":0},"end":{"line":68,"column":117}},"57":{"start":{"line":69,"column":0},"end":{"line":69,"column":26}},"58":{"start":{"line":70,"column":0},"end":{"line":70,"column":63}},"59":{"start":{"line":71,"column":0},"end":{"line":71,"column":14}},"60":{"start":{"line":72,"column":0},"end":{"line":72,"column":60}},"61":{"start":{"line":73,"column":0},"end":{"line":73,"column":16}},"62":{"start":{"line":74,"column":0},"end":{"line":74,"column":21}},"63":{"start":{"line":75,"column":0},"end":{"line":75,"column":47}},"64":{"start":{"line":76,"column":0},"end":{"line":76,"column":40}},"65":{"start":{"line":77,"column":0},"end":{"line":77,"column":34}},"66":{"start":{"line":78,"column":0},"end":{"line":78,"column":45}},"67":{"start":{"line":79,"column":0},"end":{"line":79,"column":8}},"68":{"start":{"line":81,"column":0},"end":{"line":81,"column":30}},"69":{"start":{"line":82,"column":0},"end":{"line":82,"column":99}},"70":{"start":{"line":83,"column":0},"end":{"line":83,"column":39}},"71":{"start":{"line":84,"column":0},"end":{"line":84,"column":23}},"72":{"start":{"line":85,"column":0},"end":{"line":85,"column":21}},"73":{"start":{"line":86,"column":0},"end":{"line":86,"column":85}},"74":{"start":{"line":87,"column":0},"end":{"line":87,"column":21}},"75":{"start":{"line":88,"column":0},"end":{"line":88,"column":5}},"76":{"start":{"line":89,"column":0},"end":{"line":89,"column":4}},"77":{"start":{"line":91,"column":0},"end":{"line":91,"column":29}},"78":{"start":{"line":92,"column":0},"end":{"line":92,"column":31}},"79":{"start":{"line":93,"column":0},"end":{"line":93,"column":11}},"80":{"start":{"line":94,"column":0},"end":{"line":94,"column":95}},"81":{"start":{"line":95,"column":0},"end":{"line":95,"column":14}},"82":{"start":{"line":96,"column":0},"end":{"line":96,"column":22}},"83":{"start":{"line":97,"column":0},"end":{"line":97,"column":28}},"84":{"start":{"line":98,"column":0},"end":{"line":98,"column":22}},"85":{"start":{"line":99,"column":0},"end":{"line":99,"column":64}},"86":{"start":{"line":100,"column":0},"end":{"line":100,"column":41}},"87":{"start":{"line":101,"column":0},"end":{"line":101,"column":160}},"88":{"start":{"line":102,"column":0},"end":{"line":102,"column":10}},"89":{"start":{"line":103,"column":0},"end":{"line":103,"column":12}},"90":{"start":{"line":104,"column":0},"end":{"line":104,"column":11}},"91":{"start":{"line":105,"column":0},"end":{"line":105,"column":93}},"92":{"start":{"line":106,"column":0},"end":{"line":106,"column":100}},"93":{"start":{"line":107,"column":0},"end":{"line":107,"column":62}},"94":{"start":{"line":108,"column":0},"end":{"line":108,"column":16}},"95":{"start":{"line":109,"column":0},"end":{"line":109,"column":26}},"96":{"start":{"line":110,"column":0},"end":{"line":110,"column":30}},"97":{"start":{"line":111,"column":0},"end":{"line":111,"column":30}},"98":{"start":{"line":112,"column":0},"end":{"line":112,"column":26}},"99":{"start":{"line":113,"column":0},"end":{"line":113,"column":108}},"100":{"start":{"line":114,"column":0},"end":{"line":114,"column":31}},"101":{"start":{"line":115,"column":0},"end":{"line":115,"column":115}},"102":{"start":{"line":116,"column":0},"end":{"line":116,"column":12}},"103":{"start":{"line":117,"column":0},"end":{"line":117,"column":14}},"104":{"start":{"line":118,"column":0},"end":{"line":118,"column":12}},"105":{"start":{"line":119,"column":0},"end":{"line":119,"column":106}},"106":{"start":{"line":121,"column":0},"end":{"line":121,"column":15}},"107":{"start":{"line":122,"column":0},"end":{"line":122,"column":10}},"108":{"start":{"line":125,"column":0},"end":{"line":125,"column":29}},"109":{"start":{"line":126,"column":0},"end":{"line":126,"column":9}},"110":{"start":{"line":127,"column":0},"end":{"line":127,"column":111}},"111":{"start":{"line":128,"column":0},"end":{"line":128,"column":46}},"112":{"start":{"line":129,"column":0},"end":{"line":129,"column":31}},"113":{"start":{"line":130,"column":0},"end":{"line":130,"column":17}},"114":{"start":{"line":131,"column":0},"end":{"line":131,"column":22}},"115":{"start":{"line":132,"column":0},"end":{"line":132,"column":42}},"116":{"start":{"line":133,"column":0},"end":{"line":133,"column":41}},"117":{"start":{"line":134,"column":0},"end":{"line":134,"column":76}},"118":{"start":{"line":135,"column":0},"end":{"line":135,"column":108}},"119":{"start":{"line":136,"column":0},"end":{"line":136,"column":15}},"120":{"start":{"line":138,"column":0},"end":{"line":138,"column":18}},"121":{"start":{"line":139,"column":0},"end":{"line":139,"column":19}},"122":{"start":{"line":140,"column":0},"end":{"line":140,"column":11}},"123":{"start":{"line":141,"column":0},"end":{"line":141,"column":12}},"124":{"start":{"line":142,"column":0},"end":{"line":142,"column":39}},"125":{"start":{"line":143,"column":0},"end":{"line":143,"column":83}},"126":{"start":{"line":145,"column":0},"end":{"line":145,"column":17}},"127":{"start":{"line":146,"column":0},"end":{"line":146,"column":81}},"128":{"start":{"line":148,"column":0},"end":{"line":148,"column":17}},"129":{"start":{"line":149,"column":0},"end":{"line":149,"column":12}},"130":{"start":{"line":150,"column":0},"end":{"line":150,"column":10}},"131":{"start":{"line":153,"column":0},"end":{"line":153,"column":29}},"132":{"start":{"line":154,"column":0},"end":{"line":154,"column":31}},"133":{"start":{"line":155,"column":0},"end":{"line":155,"column":42}},"134":{"start":{"line":156,"column":0},"end":{"line":156,"column":43}},"135":{"start":{"line":157,"column":0},"end":{"line":157,"column":47}},"136":{"start":{"line":158,"column":0},"end":{"line":158,"column":83}},"137":{"start":{"line":159,"column":0},"end":{"line":159,"column":12}},"138":{"start":{"line":160,"column":0},"end":{"line":160,"column":61}},"139":{"start":{"line":161,"column":0},"end":{"line":161,"column":48}},"140":{"start":{"line":162,"column":0},"end":{"line":162,"column":26}},"141":{"start":{"line":163,"column":0},"end":{"line":163,"column":78}},"142":{"start":{"line":164,"column":0},"end":{"line":164,"column":16}},"143":{"start":{"line":165,"column":0},"end":{"line":165,"column":48}},"144":{"start":{"line":166,"column":0},"end":{"line":166,"column":25}},"145":{"start":{"line":167,"column":0},"end":{"line":167,"column":35}},"146":{"start":{"line":168,"column":0},"end":{"line":168,"column":16}},"147":{"start":{"line":169,"column":0},"end":{"line":169,"column":48}},"148":{"start":{"line":170,"column":0},"end":{"line":170,"column":29}},"149":{"start":{"line":171,"column":0},"end":{"line":171,"column":53}},"150":{"start":{"line":172,"column":0},"end":{"line":172,"column":16}},"151":{"start":{"line":173,"column":0},"end":{"line":173,"column":13}},"152":{"start":{"line":174,"column":0},"end":{"line":174,"column":80}},"153":{"start":{"line":175,"column":0},"end":{"line":175,"column":52}},"154":{"start":{"line":176,"column":0},"end":{"line":176,"column":55}},"155":{"start":{"line":177,"column":0},"end":{"line":177,"column":14}},"156":{"start":{"line":178,"column":0},"end":{"line":178,"column":18}},"157":{"start":{"line":180,"column":0},"end":{"line":180,"column":80}},"158":{"start":{"line":182,"column":0},"end":{"line":182,"column":34}},"159":{"start":{"line":183,"column":0},"end":{"line":183,"column":99}},"160":{"start":{"line":185,"column":0},"end":{"line":185,"column":17}},"161":{"start":{"line":186,"column":0},"end":{"line":186,"column":15}},"162":{"start":{"line":187,"column":0},"end":{"line":187,"column":27}},"163":{"start":{"line":188,"column":0},"end":{"line":188,"column":19}},"164":{"start":{"line":189,"column":0},"end":{"line":189,"column":19}},"165":{"start":{"line":190,"column":0},"end":{"line":190,"column":24}},"166":{"start":{"line":191,"column":0},"end":{"line":191,"column":25}},"167":{"start":{"line":192,"column":0},"end":{"line":192,"column":26}},"168":{"start":{"line":194,"column":0},"end":{"line":194,"column":49}},"169":{"start":{"line":195,"column":0},"end":{"line":195,"column":17}},"170":{"start":{"line":196,"column":0},"end":{"line":196,"column":12}},"171":{"start":{"line":197,"column":0},"end":{"line":197,"column":10}},"172":{"start":{"line":200,"column":0},"end":{"line":200,"column":10}},"173":{"start":{"line":201,"column":0},"end":{"line":201,"column":83}},"174":{"start":{"line":202,"column":0},"end":{"line":202,"column":8}},"175":{"start":{"line":203,"column":0},"end":{"line":203,"column":122}},"176":{"start":{"line":204,"column":0},"end":{"line":204,"column":23}},"177":{"start":{"line":205,"column":0},"end":{"line":205,"column":25}},"178":{"start":{"line":207,"column":0},"end":{"line":207,"column":10}},"179":{"start":{"line":208,"column":0},"end":{"line":208,"column":21}},"180":{"start":{"line":209,"column":0},"end":{"line":209,"column":25}},"181":{"start":{"line":210,"column":0},"end":{"line":210,"column":34}},"182":{"start":{"line":211,"column":0},"end":{"line":211,"column":158}},"183":{"start":{"line":212,"column":0},"end":{"line":212,"column":44}},"184":{"start":{"line":214,"column":0},"end":{"line":214,"column":64}},"185":{"start":{"line":215,"column":0},"end":{"line":215,"column":15}},"186":{"start":{"line":216,"column":0},"end":{"line":216,"column":105}},"187":{"start":{"line":217,"column":0},"end":{"line":217,"column":78}},"188":{"start":{"line":218,"column":0},"end":{"line":218,"column":16}},"189":{"start":{"line":219,"column":0},"end":{"line":219,"column":17}},"190":{"start":{"line":220,"column":0},"end":{"line":220,"column":29}},"191":{"start":{"line":221,"column":0},"end":{"line":221,"column":50}},"192":{"start":{"line":222,"column":0},"end":{"line":222,"column":62}},"193":{"start":{"line":223,"column":0},"end":{"line":223,"column":11}},"194":{"start":{"line":225,"column":0},"end":{"line":225,"column":19}},"195":{"start":{"line":226,"column":0},"end":{"line":226,"column":14}},"196":{"start":{"line":228,"column":0},"end":{"line":228,"column":70}},"197":{"start":{"line":229,"column":0},"end":{"line":229,"column":14}},"198":{"start":{"line":230,"column":0},"end":{"line":230,"column":57}},"199":{"start":{"line":231,"column":0},"end":{"line":231,"column":53}},"200":{"start":{"line":232,"column":0},"end":{"line":232,"column":12}},"201":{"start":{"line":233,"column":0},"end":{"line":233,"column":14}},"202":{"start":{"line":235,"column":0},"end":{"line":235,"column":37}},"203":{"start":{"line":236,"column":0},"end":{"line":236,"column":37}},"204":{"start":{"line":237,"column":0},"end":{"line":237,"column":37}},"205":{"start":{"line":238,"column":0},"end":{"line":238,"column":12}},"206":{"start":{"line":239,"column":0},"end":{"line":239,"column":10}},"207":{"start":{"line":240,"column":0},"end":{"line":240,"column":16}},"208":{"start":{"line":242,"column":0},"end":{"line":242,"column":1}}},"s":{"0":2,"1":2,"2":2,"3":2,"4":2,"5":2,"6":2,"7":2,"8":2,"9":2,"10":2,"11":2,"12":0,"13":0,"14":0,"15":0,"16":0,"17":0,"18":0,"19":0,"20":0,"21":0,"22":0,"23":0,"24":0,"25":0,"26":0,"27":0,"28":0,"29":0,"30":0,"31":0,"32":0,"33":0,"34":0,"35":0,"36":0,"37":0,"38":0,"39":0,"40":0,"41":0,"42":0,"43":0,"44":0,"45":0,"46":0,"47":0,"48":0,"49":0,"50":0,"51":0,"52":0,"53":0,"54":0,"55":0,"56":0,"57":0,"58":0,"59":0,"60":0,"61":0,"62":0,"63":0,"64":0,"65":0,"66":0,"67":0,"68":0,"69":0,"70":0,"71":0,"72":0,"73":0,"74":0,"75":0,"76":0,"77":0,"78":0,"79":0,"80":0,"81":0,"82":0,"83":0,"84":0,"85":0,"86":0,"87":0,"88":0,"89":0,"90":0,"91":0,"92":0,"93":0,"94":0,"95":0,"96":0,"97":0,"98":0,"99":0,"100":0,"101":0,"102":0,"103":0,"104":0,"105":0,"106":0,"107":0,"108":0,"109":0,"110":0,"111":0,"112":0,"113":0,"114":0,"115":0,"116":0,"117":0,"118":0,"119":0,"120":0,"121":0,"122":0,"123":0,"124":0,"125":0,"126":0,"127":0,"128":0,"129":0,"130":0,"131":0,"132":0,"133":0,"134":0,"135":0,"136":0,"137":0,"138":0,"139":0,"140":0,"141":0,"142":0,"143":0,"144":0,"145":0,"146":0,"147":0,"148":0,"149":0,"150":0,"151":0,"152":0,"153":0,"154":0,"155":0,"156":0,"157":0,"158":0,"159":0,"160":0,"161":0,"162":0,"163":0,"164":0,"165":0,"166":0,"167":0,"168":0,"169":0,"170":0,"171":0,"172":0,"173":0,"174":0,"175":0,"176":0,"177":0,"178":0,"179":0,"180":0,"181":0,"182":0,"183":0,"184":0,"185":0,"186":0,"187":0,"188":0,"189":0,"190":0,"191":0,"192":0,"193":0,"194":0,"195":0,"196":0,"197":0,"198":0,"199":0,"200":0,"201":0,"202":0,"203":0,"204":0,"205":0,"206":0,"207":0,"208":0},"branchMap":{},"b":{},"fnMap":{"0":{"name":"CreateTokenModal","decl":{"start":{"line":20,"column":0},"end":{"line":242,"column":1}},"loc":{"start":{"line":20,"column":0},"end":{"line":242,"column":1}},"line":20}},"f":{"0":0}}
,"/Users/cmd/workspace/hermes-launchpad/src/components/ErrorBoundary.tsx": {"path":"/Users/cmd/workspace/hermes-launchpad/src/components/ErrorBoundary.tsx","all":false,"statementMap":{"0":{"start":{"line":1,"column":0},"end":{"line":1,"column":50}},"5":{"start":{"line":6,"column":0},"end":{"line":6,"column":68}},"6":{"start":{"line":7,"column":0},"end":{"line":7,"column":35}},"7":{"start":{"line":8,"column":0},"end":{"line":8,"column":49}},"8":{"start":{"line":9,"column":0},"end":{"line":9,"column":35}},"9":{"start":{"line":10,"column":0},"end":{"line":10,"column":3}},"10":{"start":{"line":11,"column":0},"end":{"line":11,"column":58}},"11":{"start":{"line":12,"column":0},"end":{"line":12,"column":62}},"12":{"start":{"line":13,"column":0},"end":{"line":13,"column":3}},"13":{"start":{"line":14,"column":0},"end":{"line":14,"column":12}},"14":{"start":{"line":15,"column":0},"end":{"line":15,"column":55}},"15":{"start":{"line":16,"column":0},"end":{"line":16,"column":12}},"16":{"start":{"line":17,"column":0},"end":{"line":17,"column":97}},"17":{"start":{"line":18,"column":0},"end":{"line":18,"column":13}},"18":{"start":{"line":19,"column":0},"end":{"line":19,"column":59}},"19":{"start":{"line":20,"column":0},"end":{"line":20,"column":73}},"20":{"start":{"line":21,"column":0},"end":{"line":21,"column":17}},"21":{"start":{"line":22,"column":0},"end":{"line":22,"column":127}},"22":{"start":{"line":23,"column":0},"end":{"line":23,"column":28}},"23":{"start":{"line":24,"column":0},"end":{"line":24,"column":65}},"24":{"start":{"line":25,"column":0},"end":{"line":25,"column":32}},"25":{"start":{"line":26,"column":0},"end":{"line":26,"column":14}},"26":{"start":{"line":27,"column":0},"end":{"line":27,"column":11}},"28":{"start":{"line":29,"column":0},"end":{"line":29,"column":19}},"29":{"start":{"line":30,"column":0},"end":{"line":30,"column":14}},"30":{"start":{"line":31,"column":0},"end":{"line":31,"column":13}},"32":{"start":{"line":33,"column":0},"end":{"line":33,"column":3}},"33":{"start":{"line":34,"column":0},"end":{"line":34,"column":1}}},"s":{"0":1,"5":1,"6":1,"7":1,"8":0,"9":0,"10":1,"11":0,"12":0,"13":1,"14":1,"15":0,"16":0,"17":0,"18":0,"19":0,"20":0,"21":0,"22":0,"23":0,"24":0,"25":0,"26":0,"28":0,"29":0,"30":0,"32":1,"33":1},"branchMap":{"0":{"type":"branch","line":6,"loc":{"start":{"line":6,"column":67},"end":{"line":34,"column":1}},"locations":[{"start":{"line":6,"column":67},"end":{"line":34,"column":1}}]},"1":{"type":"branch","line":14,"loc":{"start":{"line":14,"column":2},"end":{"line":33,"column":3}},"locations":[{"start":{"line":14,"column":2},"end":{"line":33,"column":3}}]},"2":{"type":"branch","line":15,"loc":{"start":{"line":15,"column":46},"end":{"line":31,"column":13}},"locations":[{"start":{"line":15,"column":46},"end":{"line":31,"column":13}}]}},"b":{"0":[1],"1":[1],"2":[0]},"fnMap":{"0":{"name":"<instance_members_initializer>","decl":{"start":{"line":6,"column":67},"end":{"line":34,"column":1}},"loc":{"start":{"line":6,"column":67},"end":{"line":34,"column":1}},"line":6},"1":{"name":"getDerivedStateFromError","decl":{"start":{"line":8,"column":9},"end":{"line":10,"column":3}},"loc":{"start":{"line":8,"column":9},"end":{"line":10,"column":3}},"line":8},"2":{"name":"componentDidCatch","decl":{"start":{"line":11,"column":2},"end":{"line":13,"column":3}},"loc":{"start":{"line":11,"column":2},"end":{"line":13,"column":3}},"line":11},"3":{"name":"render","decl":{"start":{"line":14,"column":2},"end":{"line":33,"column":3}},"loc":{"start":{"line":14,"column":2},"end":{"line":33,"column":3}},"line":14},"4":{"name":"onClick","decl":{"start":{"line":23,"column":21},"end":{"line":26,"column":14}},"loc":{"start":{"line":23,"column":21},"end":{"line":26,"column":14}},"line":23}},"f":{"0":1,"1":0,"2":0,"3":1,"4":0}}
,"/Users/cmd/workspace/hermes-launchpad/src/components/GraduationModal.tsx": {"path":"/Users/cmd/workspace/hermes-launchpad/src/components/GraduationModal.tsx","all":false,"statementMap":{"0":{"start":{"line":1,"column":0},"end":{"line":1,"column":44}},"1":{"start":{"line":2,"column":0},"end":{"line":2,"column":31}},"2":{"start":{"line":3,"column":0},"end":{"line":3,"column":45}},"3":{"start":{"line":4,"column":0},"end":{"line":4,"column":75}},"4":{"start":{"line":5,"column":0},"end":{"line":5,"column":43}},"5":{"start":{"line":14,"column":0},"end":{"line":14,"column":77}},"6":{"start":{"line":15,"column":0},"end":{"line":15,"column":46}},"7":{"start":{"line":17,"column":0},"end":{"line":17,"column":19}},"8":{"start":{"line":19,"column":0},"end":{"line":19,"column":77}},"9":{"start":{"line":20,"column":0},"end":{"line":20,"column":30}},"10":{"start":{"line":21,"column":0},"end":{"line":21,"column":33}},"11":{"start":{"line":22,"column":0},"end":{"line":22,"column":5}},"12":{"start":{"line":24,"column":0},"end":{"line":24,"column":37}},"13":{"start":{"line":25,"column":0},"end":{"line":25,"column":29}},"14":{"start":{"line":26,"column":0},"end":{"line":26,"column":24}},"15":{"start":{"line":27,"column":0},"end":{"line":27,"column":31}},"16":{"start":{"line":28,"column":0},"end":{"line":28,"column":20}},"17":{"start":{"line":29,"column":0},"end":{"line":29,"column":19}},"18":{"start":{"line":30,"column":0},"end":{"line":30,"column":9}},"19":{"start":{"line":31,"column":0},"end":{"line":31,"column":24}},"20":{"start":{"line":32,"column":0},"end":{"line":32,"column":9}},"21":{"start":{"line":33,"column":0},"end":{"line":33,"column":13}},"22":{"start":{"line":35,"column":0},"end":{"line":35,"column":38}},"23":{"start":{"line":36,"column":0},"end":{"line":36,"column":16}},"24":{"start":{"line":38,"column":0},"end":{"line":38,"column":35}},"25":{"start":{"line":39,"column":0},"end":{"line":39,"column":42}},"26":{"start":{"line":40,"column":0},"end":{"line":40,"column":91}},"27":{"start":{"line":42,"column":0},"end":{"line":42,"column":63}},"28":{"start":{"line":44,"column":0},"end":{"line":44,"column":26}},"29":{"start":{"line":45,"column":0},"end":{"line":45,"column":11}},"30":{"start":{"line":46,"column":0},"end":{"line":46,"column":31}},"31":{"start":{"line":47,"column":0},"end":{"line":47,"column":46}},"32":{"start":{"line":48,"column":0},"end":{"line":48,"column":15}},"33":{"start":{"line":49,"column":0},"end":{"line":49,"column":20}},"34":{"start":{"line":50,"column":0},"end":{"line":50,"column":11}},"35":{"start":{"line":51,"column":0},"end":{"line":51,"column":15}},"36":{"start":{"line":52,"column":0},"end":{"line":52,"column":21}},"37":{"start":{"line":53,"column":0},"end":{"line":53,"column":51}},"38":{"start":{"line":54,"column":0},"end":{"line":54,"column":101}},"39":{"start":{"line":55,"column":0},"end":{"line":55,"column":9}},"40":{"start":{"line":56,"column":0},"end":{"line":56,"column":7}},"41":{"start":{"line":57,"column":0},"end":{"line":57,"column":12}},"42":{"start":{"line":58,"column":0},"end":{"line":58,"column":97}},"43":{"start":{"line":59,"column":0},"end":{"line":59,"column":5}},"44":{"start":{"line":60,"column":0},"end":{"line":60,"column":4}},"45":{"start":{"line":62,"column":0},"end":{"line":62,"column":34}},"46":{"start":{"line":63,"column":0},"end":{"line":63,"column":42}},"47":{"start":{"line":64,"column":0},"end":{"line":64,"column":9}},"48":{"start":{"line":65,"column":0},"end":{"line":65,"column":48}},"49":{"start":{"line":66,"column":0},"end":{"line":66,"column":47}},"50":{"start":{"line":67,"column":0},"end":{"line":67,"column":13}},"51":{"start":{"line":68,"column":0},"end":{"line":68,"column":41}},"52":{"start":{"line":69,"column":0},"end":{"line":69,"column":5}},"53":{"start":{"line":70,"column":0},"end":{"line":70,"column":4}},"54":{"start":{"line":72,"column":0},"end":{"line":72,"column":10}},"55":{"start":{"line":73,"column":0},"end":{"line":73,"column":6}},"56":{"start":{"line":74,"column":0},"end":{"line":74,"column":10}},"57":{"start":{"line":75,"column":0},"end":{"line":75,"column":120}},"58":{"start":{"line":76,"column":0},"end":{"line":76,"column":21}},"59":{"start":{"line":77,"column":0},"end":{"line":77,"column":25}},"60":{"start":{"line":78,"column":0},"end":{"line":78,"column":36}},"61":{"start":{"line":80,"column":0},"end":{"line":80,"column":220}},"62":{"start":{"line":82,"column":0},"end":{"line":82,"column":121}},"63":{"start":{"line":85,"column":0},"end":{"line":85,"column":176}},"64":{"start":{"line":86,"column":0},"end":{"line":86,"column":25}},"65":{"start":{"line":87,"column":0},"end":{"line":87,"column":16}},"66":{"start":{"line":90,"column":0},"end":{"line":90,"column":172}},"67":{"start":{"line":92,"column":0},"end":{"line":92,"column":16}},"68":{"start":{"line":94,"column":0},"end":{"line":94,"column":93}},"69":{"start":{"line":95,"column":0},"end":{"line":95,"column":42}},"70":{"start":{"line":96,"column":0},"end":{"line":96,"column":15}},"71":{"start":{"line":97,"column":0},"end":{"line":97,"column":71}},"72":{"start":{"line":98,"column":0},"end":{"line":98,"column":56}},"73":{"start":{"line":99,"column":0},"end":{"line":99,"column":14}},"74":{"start":{"line":101,"column":0},"end":{"line":101,"column":52}},"75":{"start":{"line":103,"column":0},"end":{"line":103,"column":14}},"76":{"start":{"line":106,"column":0},"end":{"line":106,"column":42}},"77":{"start":{"line":107,"column":0},"end":{"line":107,"column":81}},"78":{"start":{"line":108,"column":0},"end":{"line":108,"column":18}},"79":{"start":{"line":109,"column":0},"end":{"line":109,"column":89}},"80":{"start":{"line":110,"column":0},"end":{"line":110,"column":61}},"81":{"start":{"line":111,"column":0},"end":{"line":111,"column":16}},"82":{"start":{"line":112,"column":0},"end":{"line":112,"column":18}},"83":{"start":{"line":113,"column":0},"end":{"line":113,"column":94}},"84":{"start":{"line":114,"column":0},"end":{"line":114,"column":16}},"85":{"start":{"line":116,"column":0},"end":{"line":116,"column":43}},"86":{"start":{"line":117,"column":0},"end":{"line":117,"column":76}},"87":{"start":{"line":119,"column":0},"end":{"line":119,"column":21}},"88":{"start":{"line":120,"column":0},"end":{"line":120,"column":16}},"89":{"start":{"line":123,"column":0},"end":{"line":123,"column":62}},"90":{"start":{"line":124,"column":0},"end":{"line":124,"column":82}},"91":{"start":{"line":126,"column":0},"end":{"line":126,"column":21}},"92":{"start":{"line":127,"column":0},"end":{"line":127,"column":47}},"93":{"start":{"line":128,"column":0},"end":{"line":128,"column":79}},"94":{"start":{"line":130,"column":0},"end":{"line":130,"column":23}},"95":{"start":{"line":131,"column":0},"end":{"line":131,"column":18}},"96":{"start":{"line":132,"column":0},"end":{"line":132,"column":16}},"97":{"start":{"line":133,"column":0},"end":{"line":133,"column":14}},"98":{"start":{"line":134,"column":0},"end":{"line":134,"column":12}},"99":{"start":{"line":137,"column":0},"end":{"line":137,"column":43}},"100":{"start":{"line":138,"column":0},"end":{"line":138,"column":7}},"101":{"start":{"line":140,"column":0},"end":{"line":140,"column":1}}},"s":{"0":2,"1":2,"2":2,"3":2,"4":2,"5":1,"6":1,"7":1,"8":0,"9":0,"10":0,"11":0,"12":0,"13":0,"14":0,"15":0,"16":0,"17":0,"18":0,"19":0,"20":0,"21":0,"22":0,"23":1,"24":1,"25":0,"26":0,"27":0,"28":0,"29":0,"30":0,"31":0,"32":0,"33":0,"34":0,"35":0,"36":0,"37":0,"38":0,"39":0,"40":0,"41":0,"42":0,"43":0,"44":0,"45":1,"46":0,"47":0,"48":0,"49":0,"50":0,"51":0,"52":0,"53":0,"54":1,"55":1,"56":1,"57":1,"58":1,"59":1,"60":1,"61":1,"62":1,"63":1,"64":1,"65":1,"66":1,"67":1,"68":1,"69":1,"70":1,"71":1,"72":1,"73":1,"74":1,"75":1,"76":1,"77":1,"78":1,"79":1,"80":1,"81":1,"82":1,"83":1,"84":1,"85":1,"86":1,"87":1,"88":1,"89":1,"90":1,"91":1,"92":1,"93":1,"94":1,"95":1,"96":1,"97":1,"98":1,"99":1,"100":1,"101":1},"branchMap":{"0":{"type":"branch","line":14,"loc":{"start":{"line":14,"column":0},"end":{"line":140,"column":1}},"locations":[{"start":{"line":14,"column":0},"end":{"line":140,"column":1}}]}},"b":{"0":[1]},"fnMap":{"0":{"name":"GraduationModal","decl":{"start":{"line":14,"column":0},"end":{"line":140,"column":1}},"loc":{"start":{"line":14,"column":0},"end":{"line":140,"column":1}},"line":14},"1":{"name":"handleShare","decl":{"start":{"line":38,"column":22},"end":{"line":60,"column":4}},"loc":{"start":{"line":38,"column":22},"end":{"line":60,"column":4}},"line":38},"2":{"name":"handleCopy","decl":{"start":{"line":62,"column":21},"end":{"line":70,"column":4}},"loc":{"start":{"line":62,"column":21},"end":{"line":70,"column":4}},"line":62}},"f":{"0":1,"1":0,"2":0}}
,"/Users/cmd/workspace/hermes-launchpad/src/components/Hero.tsx": {"path":"/Users/cmd/workspace/hermes-launchpad/src/components/Hero.tsx","all":false,"statementMap":{"0":{"start":{"line":2,"column":0},"end":{"line":2,"column":24}},"1":{"start":{"line":3,"column":0},"end":{"line":3,"column":56}},"2":{"start":{"line":5,"column":0},"end":{"line":5,"column":125}},"3":{"start":{"line":6,"column":0},"end":{"line":6,"column":24}},"4":{"start":{"line":7,"column":0},"end":{"line":7,"column":33}},"5":{"start":{"line":8,"column":0},"end":{"line":8,"column":54}},"6":{"start":{"line":9,"column":0},"end":{"line":9,"column":53}},"7":{"start":{"line":10,"column":0},"end":{"line":10,"column":7}},"8":{"start":{"line":11,"column":0},"end":{"line":11,"column":40}},"9":{"start":{"line":12,"column":0},"end":{"line":12,"column":69}},"10":{"start":{"line":13,"column":0},"end":{"line":13,"column":68}},"11":{"start":{"line":14,"column":0},"end":{"line":14,"column":75}},"12":{"start":{"line":15,"column":0},"end":{"line":15,"column":119}},"13":{"start":{"line":16,"column":0},"end":{"line":16,"column":78}},"14":{"start":{"line":17,"column":0},"end":{"line":17,"column":87}},"15":{"start":{"line":18,"column":0},"end":{"line":18,"column":81}},"16":{"start":{"line":19,"column":0},"end":{"line":19,"column":72}},"17":{"start":{"line":20,"column":0},"end":{"line":20,"column":75}},"18":{"start":{"line":21,"column":0},"end":{"line":21,"column":7}},"19":{"start":{"line":22,"column":0},"end":{"line":22,"column":29}},"20":{"start":{"line":23,"column":0},"end":{"line":23,"column":9}},"21":{"start":{"line":25,"column":0},"end":{"line":25,"column":10}},"22":{"start":{"line":26,"column":0},"end":{"line":26,"column":74}},"23":{"start":{"line":28,"column":0},"end":{"line":28,"column":127}},"24":{"start":{"line":29,"column":0},"end":{"line":29,"column":164}},"25":{"start":{"line":31,"column":0},"end":{"line":31,"column":70}},"26":{"start":{"line":33,"column":0},"end":{"line":33,"column":93}},"27":{"start":{"line":35,"column":0},"end":{"line":35,"column":14}},"28":{"start":{"line":38,"column":0},"end":{"line":38,"column":141}},"29":{"start":{"line":40,"column":0},"end":{"line":40,"column":16}},"30":{"start":{"line":41,"column":0},"end":{"line":41,"column":56}},"31":{"start":{"line":43,"column":0},"end":{"line":43,"column":17}},"32":{"start":{"line":44,"column":0},"end":{"line":44,"column":13}},"33":{"start":{"line":47,"column":0},"end":{"line":47,"column":132}},"34":{"start":{"line":50,"column":0},"end":{"line":50,"column":12}},"35":{"start":{"line":53,"column":0},"end":{"line":53,"column":71}},"36":{"start":{"line":54,"column":0},"end":{"line":54,"column":17}},"37":{"start":{"line":55,"column":0},"end":{"line":55,"column":30}},"38":{"start":{"line":56,"column":0},"end":{"line":56,"column":170}},"39":{"start":{"line":57,"column":0},"end":{"line":57,"column":11}},"40":{"start":{"line":59,"column":0},"end":{"line":59,"column":19}},"41":{"start":{"line":60,"column":0},"end":{"line":60,"column":17}},"42":{"start":{"line":61,"column":0},"end":{"line":61,"column":31}},"43":{"start":{"line":62,"column":0},"end":{"line":62,"column":184}},"44":{"start":{"line":63,"column":0},"end":{"line":63,"column":11}},"45":{"start":{"line":65,"column":0},"end":{"line":65,"column":19}},"46":{"start":{"line":66,"column":0},"end":{"line":66,"column":14}},"47":{"start":{"line":67,"column":0},"end":{"line":67,"column":12}},"48":{"start":{"line":70,"column":0},"end":{"line":70,"column":180}},"49":{"start":{"line":71,"column":0},"end":{"line":71,"column":12}},"50":{"start":{"line":72,"column":0},"end":{"line":72,"column":64}},"51":{"start":{"line":73,"column":0},"end":{"line":73,"column":58}},"52":{"start":{"line":74,"column":0},"end":{"line":74,"column":10}},"53":{"start":{"line":75,"column":0},"end":{"line":75,"column":123}},"54":{"start":{"line":76,"column":0},"end":{"line":76,"column":45}},"55":{"start":{"line":77,"column":0},"end":{"line":77,"column":12}},"56":{"start":{"line":78,"column":0},"end":{"line":78,"column":13}},"57":{"start":{"line":80,"column":0},"end":{"line":80,"column":1}}},"s":{"0":2,"1":2,"2":4,"3":4,"4":0,"5":0,"6":0,"7":0,"8":0,"9":0,"10":0,"11":0,"12":0,"13":0,"14":0,"15":0,"16":0,"17":0,"18":0,"19":0,"20":4,"21":4,"22":4,"23":4,"24":4,"25":4,"26":4,"27":4,"28":4,"29":4,"30":4,"31":4,"32":4,"33":4,"34":4,"35":4,"36":4,"37":4,"38":4,"39":4,"40":4,"41":4,"42":4,"43":4,"44":4,"45":4,"46":4,"47":4,"48":4,"49":4,"50":0,"51":4,"52":4,"53":4,"54":4,"55":4,"56":4,"57":4},"branchMap":{"0":{"type":"branch","line":5,"loc":{"start":{"line":5,"column":0},"end":{"line":80,"column":1}},"locations":[{"start":{"line":5,"column":0},"end":{"line":80,"column":1}}]},"1":{"type":"branch","line":71,"loc":{"start":{"line":71,"column":8},"end":{"line":72,"column":64}},"locations":[{"start":{"line":71,"column":8},"end":{"line":72,"column":64}}]},"2":{"type":"branch","line":75,"loc":{"start":{"line":75,"column":67},"end":{"line":75,"column":105}},"locations":[{"start":{"line":75,"column":67},"end":{"line":75,"column":105}}]},"3":{"type":"branch","line":76,"loc":{"start":{"line":76,"column":9},"end":{"line":76,"column":35}},"locations":[{"start":{"line":76,"column":9},"end":{"line":76,"column":35}}]}},"b":{"0":[4],"1":[0],"2":[0],"3":[0]},"fnMap":{"0":{"name":"Hero","decl":{"start":{"line":5,"column":0},"end":{"line":80,"column":1}},"loc":{"start":{"line":5,"column":0},"end":{"line":80,"column":1}},"line":5}},"f":{"0":4}}
[...]
4":0,"225":0,"226":0,"227":0,"228":0,"229":4,"230":4,"231":0,"232":0,"233":0,"234":0,"235":0,"236":0,"237":0,"238":0,"239":0,"240":0,"241":0,"242":0,"243":0,"244":0,"245":0,"246":0,"247":4,"248":4,"249":0,"250":0,"251":0,"252":0,"253":0,"254":0,"255":4,"256":0,"257":0,"258":0,"259":0,"260":4,"261":0,"262":0,"263":0,"264":0,"265":0,"266":0,"267":0,"268":0,"269":0,"270":0,"271":0,"272":0,"273":0,"274":0,"275":0,"276":4,"277":4,"278":4,"279":4,"280":4,"281":4,"282":4,"283":4,"284":4,"285":4,"286":4,"287":4,"288":4,"289":4,"290":4,"291":4,"292":4,"293":4,"294":4,"295":4,"296":4,"297":0,"298":0,"299":0,"300":4,"301":4,"302":4,"303":4,"304":4,"305":4,"306":8,"307":8,"308":8,"309":8,"310":8,"311":8,"312":8,"313":8,"314":4,"315":4,"316":4,"317":1,"318":1,"319":1,"320":1,"321":1,"322":1,"323":1,"324":1,"325":1,"326":1,"327":1,"328":0,"329":1,"330":0,"331":0,"332":0,"333":0,"334":0,"335":0,"336":0,"337":0,"338":0,"339":1,"340":1,"341":1,"342":1,"343":1,"344":1,"345":1,"346":1,"347":1,"348":1,"349":1,"350":1,"351":1,"352":1,"353":1,"354":1,"355":3,"356":3,"357":3,"358":3,"359":3,"360":1,"361":2,"362":3,"363":3,"364":3,"365":1,"366":1,"367":1,"368":1,"369":0,"370":0,"371":0,"372":0,"373":0,"374":0,"375":0,"376":0,"377":0,"378":0,"379":0,"380":0,"381":0,"382":0,"383":0,"384":0,"385":0,"386":0,"387":0,"388":0,"389":1,"390":1,"391":1,"392":6,"393":1,"394":1,"395":0,"396":0,"397":0,"398":0,"399":0,"400":1,"401":0,"402":0,"403":0,"404":0,"405":0,"406":0,"407":0,"408":0,"409":0,"410":0,"411":1,"412":4,"413":2,"414":2,"415":2,"416":2,"417":2,"418":2,"419":2,"420":2,"421":2,"422":2,"423":0,"424":0,"425":0,"426":0,"427":0,"428":0,"429":0,"430":0,"431":0,"432":0,"433":0,"434":0,"435":0,"436":0,"437":0,"438":0,"439":0,"440":0,"441":2,"442":0,"443":0,"444":0,"445":0,"446":0,"447":2,"448":0,"449":0,"450":0,"451":0,"452":0,"453":2,"454":2,"455":0,"456":0,"457":0,"458":0,"459":0,"460":0,"461":2,"462":2,"463":2,"464":2,"465":2,"466":2,"467":2,"468":2,"469":2,"470":2,"471":2,"472":2,"473":2,"474":2,"475":2,"476":2,"477":2,"478":2,"479":2,"480":2,"481":2,"482":2,"483":2,"484":2,"485":2,"486":2,"487":2,"488":2,"489":2,"490":2,"491":2,"492":2,"493":2,"494":2,"495":0,"496":0,"497":0,"498":0,"499":2,"500":2,"501":2,"502":2,"503":2,"504":2,"505":2,"506":2,"507":0,"508":0,"509":0,"510":0,"511":0,"512":0,"513":0,"514":0,"515":0,"516":0,"517":0,"518":0,"519":0,"520":0,"521":0,"522":0,"523":0,"524":0,"525":0,"526":0,"527":0,"528":0,"529":0,"530":0,"531":0,"532":0,"533":0,"534":2,"535":2,"536":2,"537":2,"538":2,"539":2,"540":2,"541":2,"542":0,"543":0,"544":0,"545":0,"546":0,"547":0,"548":0,"549":0,"550":0,"551":0,"552":0,"553":0,"554":0,"555":0,"556":0,"557":0,"558":0,"559":0,"560":0,"561":0,"562":0,"563":0,"564":0,"565":0,"566":0,"567":0,"568":0,"569":0,"570":0,"571":0,"572":0,"573":0,"574":2,"575":2,"576":2,"577":2,"578":2,"579":2,"580":2,"581":2,"582":2,"583":2,"584":2,"585":2,"586":2,"587":2,"588":2,"589":2,"590":2,"591":2,"592":2,"593":2,"594":2,"595":2,"596":2,"597":2,"598":2,"599":2,"600":2,"601":2,"602":2,"603":2,"604":2,"605":2,"606":2,"607":2,"608":2,"609":0,"610":0,"611":0,"612":2,"613":0,"614":0,"615":0,"616":0,"617":0,"618":0,"619":0,"620":0,"621":2,"622":2,"623":2,"624":2,"625":2,"626":2,"627":2,"628":2,"629":2,"630":2,"631":2,"632":2,"633":2,"634":2,"635":2,"636":2,"637":2,"638":2,"639":2,"640":0,"641":0,"642":0,"643":0,"644":0,"645":0,"646":0,"647":0,"648":0,"649":0,"650":0,"651":0,"652":2,"653":2,"654":2,"655":2,"656":2,"657":4,"658":4,"659":4,"660":4,"661":4,"662":4,"663":4,"664":4,"665":4,"666":4,"667":0,"668":0,"669":0,"670":0,"671":0,"672":0,"673":0,"674":0,"675":0,"676":0,"677":0,"678":0,"679":0,"680":0,"681":0,"682":0,"683":0,"684":0,"685":0,"686":0,"687":4,"688":0,"689":4,"690":0,"691":4,"692":4,"693":4,"694":4,"695":0,"696":0,"697":0,"698":4,"699":4,"700":4},"branchMap":{"0":{"type":"branch","line":30,"loc":{"start":{"line":30,"column":0},"end":{"line":830,"column":1}},"locations":[{"start":{"line":30,"column":0},"end":{"line":830,"column":1}}]},"1":{"type":"branch","line":233,"loc":{"start":{"line":233,"column":6},"end":{"line":233,"column":20}},"locations":[{"start":{"line":233,"column":6},"end":{"line":233,"column":20}}]},"2":{"type":"branch","line":332,"loc":{"start":{"line":332,"column":17},"end":{"line":332,"column":35}},"locations":[{"start":{"line":332,"column":17},"end":{"line":332,"column":35}}]},"3":{"type":"branch","line":332,"loc":{"start":{"line":332,"column":35},"end":{"line":332,"column":56}},"locations":[{"start":{"line":332,"column":35},"end":{"line":332,"column":56}}]},"4":{"type":"branch","line":333,"loc":{"start":{"line":333,"column":16},"end":{"line":333,"column":37}},"locations":[{"start":{"line":333,"column":16},"end":{"line":333,"column":37}}]},"5":{"type":"branch","line":346,"loc":{"start":{"line":346,"column":9},"end":{"line":349,"column":20}},"locations":[{"start":{"line":346,"column":9},"end":{"line":349,"column":20}}]},"6":{"type":"branch","line":374,"loc":{"start":{"line":374,"column":17},"end":{"line":482,"column":20}},"locations":[{"start":{"line":374,"column":17},"end":{"line":482,"column":20}}]},"7":{"type":"branch","line":387,"loc":{"start":{"line":387,"column":16},"end":{"line":388,"column":112}},"locations":[{"start":{"line":387,"column":16},"end":{"line":388,"column":112}}]},"8":{"type":"branch","line":389,"loc":{"start":{"line":389,"column":33},"end":{"line":398,"column":22}},"locations":[{"start":{"line":389,"column":33},"end":{"line":398,"column":22}}]},"9":{"type":"branch","line":433,"loc":{"start":{"line":433,"column":13},"end":{"line":454,"column":20}},"locations":[{"start":{"line":433,"column":13},"end":{"line":454,"column":20}}]},"10":{"type":"branch","line":460,"loc":{"start":{"line":460,"column":14},"end":{"line":466,"column":20}},"locations":[{"start":{"line":460,"column":14},"end":{"line":466,"column":20}}]},"11":{"type":"branch","line":469,"loc":{"start":{"line":469,"column":37},"end":{"line":469,"column":71}},"locations":[{"start":{"line":469,"column":37},"end":{"line":469,"column":71}}]},"12":{"type":"branch","line":469,"loc":{"start":{"line":469,"column":55},"end":{"line":480,"column":20}},"locations":[{"start":{"line":469,"column":55},"end":{"line":480,"column":20}}]},"13":{"type":"branch","line":486,"loc":{"start":{"line":486,"column":17},"end":{"line":771,"column":20}},"locations":[{"start":{"line":486,"column":17},"end":{"line":771,"column":20}}]},"14":{"type":"branch","line":494,"loc":{"start":{"line":494,"column":21},"end":{"line":494,"column":76}},"locations":[{"start":{"line":494,"column":21},"end":{"line":494,"column":76}}]},"15":{"type":"branch","line":497,"loc":{"start":{"line":497,"column":17},"end":{"line":517,"column":24}},"locations":[{"start":{"line":497,"column":17},"end":{"line":517,"column":24}}]},"16":{"type":"branch","line":518,"loc":{"start":{"line":518,"column":20},"end":{"line":524,"column":27}},"locations":[{"start":{"line":518,"column":20},"end":{"line":524,"column":27}}]},"17":{"type":"branch","line":525,"loc":{"start":{"line":525,"column":29},"end":{"line":531,"column":27}},"locations":[{"start":{"line":525,"column":29},"end":{"line":531,"column":27}}]},"18":{"type":"branch","line":554,"loc":{"start":{"line":554,"column":18},"end":{"line":554,"column":35}},"locations":[{"start":{"line":554,"column":18},"end":{"line":554,"column":35}}]},"19":{"type":"branch","line":554,"loc":{"start":{"line":554,"column":27},"end":{"line":554,"column":83}},"locations":[{"start":{"line":554,"column":27},"end":{"line":554,"column":83}}]},"20":{"type":"branch","line":557,"loc":{"start":{"line":557,"column":69},"end":{"line":557,"column":87}},"locations":[{"start":{"line":557,"column":69},"end":{"line":557,"column":87}}]},"21":{"type":"branch","line":564,"loc":{"start":{"line":564,"column":23},"end":{"line":564,"column":51}},"locations":[{"start":{"line":564,"column":23},"end":{"line":564,"column":51}}]},"22":{"type":"branch","line":572,"loc":{"start":{"line":572,"column":44},"end":{"line":572,"column":59}},"locations":[{"start":{"line":572,"column":44},"end":{"line":572,"column":59}}]},"23":{"type":"branch","line":576,"loc":{"start":{"line":576,"column":25},"end":{"line":576,"column":40}},"locations":[{"start":{"line":576,"column":25},"end":{"line":576,"column":40}}]},"24":{"type":"branch","line":579,"loc":{"start":{"line":579,"column":19},"end":{"line":579,"column":43}},"locations":[{"start":{"line":579,"column":19},"end":{"line":579,"column":43}}]},"25":{"type":"branch","line":579,"loc":{"start":{"line":579,"column":28},"end":{"line":583,"column":26}},"locations":[{"start":{"line":579,"column":28},"end":{"line":583,"column":26}}]},"26":{"type":"branch","line":632,"loc":{"start":{"line":632,"column":28},"end":{"line":665,"column":20}},"locations":[{"start":{"line":632,"column":28},"end":{"line":665,"column":20}}]},"27":{"type":"branch","line":683,"loc":{"start":{"line":683,"column":53},"end":{"line":683,"column":78}},"locations":[{"start":{"line":683,"column":53},"end":{"line":683,"column":78}}]},"28":{"type":"branch","line":691,"loc":{"start":{"line":691,"column":37},"end":{"line":691,"column":55}},"locations":[{"start":{"line":691,"column":37},"end":{"line":691,"column":55}}]},"29":{"type":"branch","line":691,"loc":{"start":{"line":691,"column":55},"end":{"line":691,"column":76}},"locations":[{"start":{"line":691,"column":55},"end":{"line":691,"column":76}}]},"30":{"type":"branch","line":712,"loc":{"start":{"line":712,"column":15},"end":{"line":712,"column":43}},"locations":[{"start":{"line":712,"column":15},"end":{"line":712,"column":43}}]},"31":{"type":"branch","line":712,"loc":{"start":{"line":712,"column":30},"end":{"line":715,"column":22}},"locations":[{"start":{"line":712,"column":30},"end":{"line":715,"column":22}}]},"32":{"type":"branch","line":719,"loc":{"start":{"line":719,"column":15},"end":{"line":719,"column":40}},"locations":[{"start":{"line":719,"column":15},"end":{"line":719,"column":40}}]},"33":{"type":"branch","line":719,"loc":{"start":{"line":719,"column":28},"end":{"line":719,"column":56}},"locations":[{"start":{"line":719,"column":28},"end":{"line":719,"column":56}}]},"34":{"type":"branch","line":719,"loc":{"start":{"line":719,"column":41},"end":{"line":728,"column":22}},"locations":[{"start":{"line":719,"column":41},"end":{"line":728,"column":22}}]},"35":{"type":"branch","line":734,"loc":{"start":{"line":734,"column":76},"end":{"line":734,"column":97}},"locations":[{"start":{"line":734,"column":76},"end":{"line":734,"column":97}}]},"36":{"type":"branch","line":739,"loc":{"start":{"line":739,"column":22},"end":{"line":739,"column":44}},"locations":[{"start":{"line":739,"column":22},"end":{"line":739,"column":44}}]},"37":{"type":"branch","line":745,"loc":{"start":{"line":745,"column":22},"end":{"line":745,"column":47}},"locations":[{"start":{"line":745,"column":22},"end":{"line":745,"column":47}}]},"38":{"type":"branch","line":752,"loc":{"start":{"line":752,"column":15},"end":{"line":752,"column":48}},"locations":[{"start":{"line":752,"column":15},"end":{"line":752,"column":48}}]},"39":{"type":"branch","line":752,"loc":{"start":{"line":752,"column":36},"end":{"line":752,"column":80}},"locations":[{"start":{"line":752,"column":36},"end":{"line":752,"column":80}}]},"40":{"type":"branch","line":752,"loc":{"start":{"line":752,"column":75},"end":{"line":764,"column":22}},"locations":[{"start":{"line":752,"column":75},"end":{"line":764,"column":22}}]},"41":{"type":"branch","line":790,"loc":{"start":{"line":790,"column":7},"end":{"line":811,"column":10}},"locations":[{"start":{"line":790,"column":7},"end":{"line":811,"column":10}}]},"42":{"type":"branch","line":813,"loc":{"start":{"line":813,"column":7},"end":{"line":814,"column":87}},"locations":[{"start":{"line":813,"column":7},"end":{"line":814,"column":87}}]},"43":{"type":"branch","line":816,"loc":{"start":{"line":816,"column":7},"end":{"line":817,"column":90}},"locations":[{"start":{"line":816,"column":7},"end":{"line":817,"column":90}}]},"44":{"type":"branch","line":235,"loc":{"start":{"line":235,"column":25},"end":{"line":240,"column":5}},"locations":[{"start":{"line":235,"column":25},"end":{"line":240,"column":5}}]},"45":{"type":"branch","line":242,"loc":{"start":{"line":242,"column":23},"end":{"line":247,"column":5}},"locations":[{"start":{"line":242,"column":23},"end":{"line":247,"column":5}}]},"46":{"type":"branch","line":360,"loc":{"start":{"line":360,"column":48},"end":{"line":369,"column":21}},"locations":[{"start":{"line":360,"column":48},"end":{"line":369,"column":21}}]},"47":{"type":"branch","line":365,"loc":{"start":{"line":365,"column":24},"end":{"line":365,"column":54}},"locations":[{"start":{"line":365,"column":24},"end":{"line":365,"column":54}}]},"48":{"type":"branch","line":365,"loc":{"start":{"line":365,"column":28},"end":{"line":365,"column":108}},"locations":[{"start":{"line":365,"column":28},"end":{"line":365,"column":108}}]},"49":{"type":"branch","line":368,"loc":{"start":{"line":368,"column":21},"end":{"line":368,"column":42}},"locations":[{"start":{"line":368,"column":21},"end":{"line":368,"column":42}}]},"50":{"type":"branch","line":368,"loc":{"start":{"line":368,"column":32},"end":{"line":368,"column":52}},"locations":[{"start":{"line":368,"column":32},"end":{"line":368,"column":52}}]},"51":{"type":"branch","line":417,"loc":{"start":{"line":417,"column":80},"end":{"line":428,"column":27}},"locations":[{"start":{"line":417,"column":80},"end":{"line":428,"column":27}}]},"52":{"type":"branch","line":422,"loc":{"start":{"line":422,"column":33},"end":{"line":423,"column":60}},"locations":[{"start":{"line":422,"column":33},"end":{"line":423,"column":60}}]},"53":{"type":"branch","line":423,"loc":{"start":{"line":423,"column":26},"end":{"line":424,"column":107}},"locations":[{"start":{"line":423,"column":26},"end":{"line":424,"column":107}}]},"54":{"type":"branch","line":427,"loc":{"start":{"line":427,"column":27},"end":{"line":427,"column":56}},"locations":[{"start":{"line":427,"column":27},"end":{"line":427,"column":56}}]},"55":{"type":"branch","line":427,"loc":{"start":{"line":427,"column":46},"end":{"line":427,"column":98}},"locations":[{"start":{"line":427,"column":46},"end":{"line":427,"column":98}}]},"56":{"type":"branch","line":427,"loc":{"start":{"line":427,"column":62},"end":{"line":427,"column":92}},"locations":[{"start":{"line":427,"column":62},"end":{"line":427,"column":92}}]},"57":{"type":"branch","line":427,"loc":{"start":{"line":427,"column":82},"end":{"line":427,"column":98}},"locations":[{"start":{"line":427,"column":82},"end":{"line":427,"column":98}}]},"58":{"type":"branch","line":457,"loc":{"start":{"line":457,"column":47},"end":{"line":458,"column":42}},"locations":[{"start":{"line":457,"column":47},"end":{"line":458,"column":42}}]}},"b":{"0":[4],"1":[0],"2":[0],"3":[0],"4":[0],"5":[0],"6":[1],"7":[0],"8":[0],"9":[0],"10":[0],"11":[0],"12":[0],"13":[2],"14":[0],"15":[0],"16":[0],"17":[0],"18":[0],"19":[0],"20":[0],"21":[0],"22":[0],"23":[0],"24":[0],"25":[0],"26":[0],"27":[0],"28":[0],"29":[0],"30":[0],"31":[0],"32":[0],"33":[0],"34":[0],"35":[0],"36":[0],"37":[0],"38":[0],"39":[0],"40":[0],"41":[0],"42":[0],"43":[0],"44":[4],"45":[4],"46":[8],"47":[3],"48":[5],"49":[4],"50":[4],"51":[3],"52":[1],"53":[2],"54":[1],"55":[2],"56":[1],"57":[1],"58":[6]},"fnMap":{"0":{"name":"Home","decl":{"start":{"line":30,"column":0},"end":{"line":830,"column":1}},"loc":{"start":{"line":30,"column":0},"end":{"line":830,"column":1}},"line":30},"1":{"name":"likedByMe","decl":{"start":{"line":207,"column":20},"end":{"line":207,"column":78}},"loc":{"start":{"line":207,"column":20},"end":{"line":207,"column":78}},"line":207},"2":{"name":"selectedComments","decl":{"start":{"line":208,"column":27},"end":{"line":208,"column":94}},"loc":{"start":{"line":208,"column":27},"end":{"line":208,"column":94}},"line":208},"3":{"name":"copyRefLink","decl":{"start":{"line":287,"column":22},"end":{"line":293,"column":4}},"loc":{"start":{"line":287,"column":22},"end":{"line":293,"column":4}},"line":287},"4":{"name":"shareRefOnX","decl":{"start":{"line":295,"column":22},"end":{"line":299,"column":4}},"loc":{"start":{"line":295,"column":22},"end":{"line":299,"column":4}},"line":295},"5":{"name":"onCreate","decl":{"start":{"line":342,"column":26},"end":{"line":342,"column":53}},"loc":{"start":{"line":342,"column":26},"end":{"line":342,"column":53}},"line":342},"6":{"name":"onClick","decl":{"start":{"line":363,"column":23},"end":{"line":363,"column":39}},"loc":{"start":{"line":363,"column":23},"end":{"line":363,"column":39}},"line":363},"7":{"name":"onClick","decl":{"start":{"line":381,"column":27},"end":{"line":381,"column":51}},"loc":{"start":{"line":381,"column":27},"end":{"line":381,"column":51}},"line":381},"8":{"name":"onChange","decl":{"start":{"line":411,"column":26},"end":{"line":411,"column":59}},"loc":{"start":{"line":411,"column":26},"end":{"line":411,"column":59}},"line":411},"9":{"name":"onClick","decl":{"start":{"line":420,"column":29},"end":{"line":420,"column":48}},"loc":{"start":{"line":420,"column":29},"end":{"line":420,"column":48}},"line":420},"10":{"name":"onClick","decl":{"start":{"line":438,"column":27},"end":{"line":449,"column":20}},"loc":{"start":{"line":438,"column":27},"end":{"line":449,"column":20}},"line":438},"11":{"name":"onClick","decl":{"start":{"line":475,"column":27},"end":{"line":475,"column":53}},"loc":{"start":{"line":475,"column":27},"end":{"line":475,"column":53}},"line":475},"12":{"name":"onClick","decl":{"start":{"line":500,"column":31},"end":{"line":503,"column":24}},"loc":{"start":{"line":500,"column":31},"end":{"line":503,"column":24}},"line":500},"13":{"name":"onClick","decl":{"start":{"line":509,"column":31},"end":{"line":512,"column":24}},"loc":{"start":{"line":509,"column":31},"end":{"line":512,"column":24}},"line":509},"14":{"name":"onClick","decl":{"start":{"line":520,"column":29},"end":{"line":520,"column":49}},"loc":{"start":{"line":520,"column":29},"end":{"line":520,"column":49}},"line":520},"15":{"name":"onClick","decl":{"start":{"line":527,"column":29},"end":{"line":527,"column":63}},"loc":{"start":{"line":527,"column":29},"end":{"line":527,"column":63}},"line":527},"16":{"name":"onClick","decl":{"start":{"line":534,"column":29},"end":{"line":541,"column":22}},"loc":{"start":{"line":534,"column":29},"end":{"line":541,"column":22}},"line":534},"17":{"name":"onFocus","decl":{"start":{"line":692,"column":29},"end":{"line":692,"column":54}},"loc":{"start":{"line":692,"column":29},"end":{"line":692,"column":54}},"line":692},"18":{"name":"onCreatePress","decl":{"start":{"line":781,"column":66},"end":{"line":781,"column":93}},"loc":{"start":{"line":781,"column":66},"end":{"line":781,"column":93}},"line":781},"19":{"name":"onClose","decl":{"start":{"line":793,"column":19},"end":{"line":796,"column":12}},"loc":{"start":{"line":793,"column":19},"end":{"line":796,"column":12}},"line":793},"20":{"name":"onTradeComplete","decl":{"start":{"line":803,"column":27},"end":{"line":810,"column":12}},"loc":{"start":{"line":803,"column":27},"end":{"line":810,"column":12}},"line":803},"21":{"name":"onClose","decl":{"start":{"line":814,"column":35},"end":{"line":814,"column":63}},"loc":{"start":{"line":814,"column":35},"end":{"line":814,"column":63}},"line":814},"22":{"name":"onClose","decl":{"start":{"line":817,"column":57},"end":{"line":817,"column":88}},"loc":{"start":{"line":817,"column":57},"end":{"line":817,"column":88}},"line":817},"23":{"name":"onClose","decl":{"start":{"line":822,"column":17},"end":{"line":822,"column":52}},"loc":{"start":{"line":822,"column":17},"end":{"line":822,"column":52}},"line":822},"24":{"name":"onSelect","decl":{"start":{"line":823,"column":18},"end":{"line":826,"column":10}},"loc":{"start":{"line":823,"column":18},"end":{"line":826,"column":10}},"line":823}},"f":{"0":4,"1":0,"2":0,"3":0,"4":0,"5":0,"6":0,"7":0,"8":0,"9":0,"10":0,"11":0,"12":0,"13":0,"14":0,"15":0,"16":0,"17":0,"18":0,"19":0,"20":0,"21":0,"22":0,"23":0,"24":0}}
}
